            --------------------------------------------------------
                             AMBER SQM VERSION 14
 
                                     By
              Ross C. Walker, Michael F. Crowley, Scott Brozell,
                         Tim Giese, Andreas W. Goetz,
                        Tai-Sung Lee and David A. Case
 
            --------------------------------------------------------
 

--------------------------------------------------------------------------------
  QM CALCULATION INFO
--------------------------------------------------------------------------------

| QMMM: Citation for AMBER QMMM Run:
| QMMM: R.C. Walker, M.F. Crowley and D.A. Case, J. COMP. CHEM. 29:1019, 2008

QMMM: SINGLET STATE CALCULATION
QMMM: RHF CALCULATION, NO. OF DOUBLY OCCUPIED LEVELS = 39

| QMMM: *** Selected Hamiltonian *** 
| QMMM: AM1         

| QMMM: *** Parameter sets in use ***
| QMMM: C : M.J.S.DEWAR et al. JACS, 107, 3902, (1985)
| QMMM: S : M.J.S.DEWAR et al. INORG. CHEM., 29, 3881, (1990)
| QMMM: O : M.J.S.DEWAR et al. JACS, 107, 3902, (1985)
| QMMM: N : M.J.S.DEWAR et al. JACS, 107, 3902, (1985)
| QMMM: H : M.J.S.DEWAR et al. JACS, 107, 3902, (1985)

| QMMM: *** SCF convergence criteria ***
| QMMM: Energy change                :  0.1D-09 kcal/mol
| QMMM: Error matrix |FP-PF|         :  0.1D+00 au
| QMMM: Density matrix change        :  0.5D-06
| QMMM: Maximum number of SCF cycles :     1000

| QMMM: *** Diagonalization Routine Information ***
| QMMM: Pseudo diagonalizations are allowed.
| QMMM: Auto diagonalization routine selection is in use.
| QMMM:
| QMMM: Timing diagonalization routines:
| QMMM:                              norbs =       71
| QMMM:    diag iterations used for timing =       15
| QMMM:
| QMMM:              Internal diag routine = 0.011359 seconds
| QMMM:                 Dspev diag routine = 0.011778 seconds
| QMMM:                Dspevd diag routine = 0.008620 seconds
| QMMM:                Dspevx diag routine = 0.044699 seconds
| QMMM:                 Dsyev diag routine = 0.012111 seconds
| QMMM:                Dsyevd diag routine = 0.010269 seconds
| QMMM:                Dsyevr diag routine = 0.012420 seconds
| QMMM:
| QMMM:                Pseudo diag routine = 0.002825 seconds
| QMMM:
| QMMM: Using dspevd routine (diag_routine=3).

  QMMM: QM Region Cartesian Coordinates (*=link atom) 
  QMMM: QM_NO.   MM_NO.  ATOM         X         Y         Z
  QMMM:     1        1      C        0.8090   10.4290   -2.3120
  QMMM:     2        2      S       -0.5250    9.4710   -3.0820
  QMMM:     3        3      O       -0.4640    9.5800   -4.4970
  QMMM:     4        4      O       -1.7470    9.6680   -2.3840
  QMMM:     5        5      N       -0.1300    7.8920   -2.7760
  QMMM:     6        6      C       -0.1110    7.3960   -1.3980
  QMMM:     7        7      C       -0.0900    5.8660   -1.4070
  QMMM:     8        8      C       -0.0700    5.3470    0.0320
  QMMM:     9        9      C       -0.0500    3.8400    0.0230
  QMMM:    10       10      C        1.1560    3.1650    0.0080
  QMMM:    11       11      C        1.1750    1.7830    0.0000
  QMMM:    12       12      C       -0.0130    1.0760    0.0080
  QMMM:    13       13      C       -1.2190    1.7510    0.0170
  QMMM:    14       14      C       -1.2380    3.1330    0.0290
  QMMM:    15       15      H        1.7620   10.1530   -2.7630
  QMMM:    16       16      H        0.6280   11.4930   -2.4660
  QMMM:    17       17      H        0.8390   10.2170   -1.2430
  QMMM:    18       18      H        0.0900    7.2960   -3.5090
  QMMM:    19       19      H       -1.0010    7.7440   -0.8740
  QMMM:    20       20      H        0.7790    7.7680   -0.8890
  QMMM:    21       21      H        0.8000    5.5180   -1.9310
  QMMM:    22       22      H       -0.9800    5.4930   -1.9150
  QMMM:    23       23      H       -0.9610    5.6950    0.5560
  QMMM:    24       24      H        0.8190    5.7190    0.5400
  QMMM:    25       25      H        2.0840    3.7180    0.0030
  QMMM:    26       26      H        2.1180    1.2560   -0.0110
  QMMM:    27       27      H        0.0020   -0.0040    0.0020
  QMMM:    28       28      H       -2.1470    1.1980    0.0190
  QMMM:    29       29      H       -2.1800    3.6600    0.0410

--------------------------------------------------------------------------------
  RESULTS
--------------------------------------------------------------------------------

      iter         sqm energy              rms gradient
      ----    -------------------    -----------------------
xmin    10      -60.9298 kcal/mol        0.9618 kcal/(mol*A)
xmin    20      -61.0127 kcal/mol        0.3052 kcal/(mol*A)
xmin    30      -61.1350 kcal/mol        0.1026 kcal/(mol*A)
xmin    40      -61.1807 kcal/mol        0.1113 kcal/(mol*A)
xmin    50      -61.2058 kcal/mol        0.0723 kcal/(mol*A)
xmin    60      -61.2185 kcal/mol        0.0691 kcal/(mol*A)
xmin    70      -61.2328 kcal/mol        0.0540 kcal/(mol*A)
xmin    80      -61.2434 kcal/mol        0.0300 kcal/(mol*A)
xmin    90      -61.2447 kcal/mol        0.0103 kcal/(mol*A)
xmin   100      -61.2455 kcal/mol        0.0179 kcal/(mol*A)
xmin   110      -61.2473 kcal/mol        0.0180 kcal/(mol*A)
xmin   120      -61.2478 kcal/mol        0.0195 kcal/(mol*A)
xmin   130      -61.2480 kcal/mol        0.0085 kcal/(mol*A)
xmin   140      -61.2481 kcal/mol        0.0036 kcal/(mol*A)
xmin   150      -61.2481 kcal/mol        0.0089 kcal/(mol*A)
xmin   160      -61.2482 kcal/mol        0.0030 kcal/(mol*A)
xmin   170      -61.2482 kcal/mol        0.0043 kcal/(mol*A)
xmin   180      -61.2482 kcal/mol        0.0110 kcal/(mol*A)
xmin   190      -61.2482 kcal/mol        0.0007 kcal/(mol*A)
xmin   200      -61.2482 kcal/mol        0.0025 kcal/(mol*A)
xmin   210      -61.2482 kcal/mol        0.0015 kcal/(mol*A)
xmin   220      -61.2482 kcal/mol        0.0010 kcal/(mol*A)
  ... geometry converged !
 
 Final MO eigenvalues (eV):
 -39.8273  -38.0532  -37.6449  -37.0986  -34.7358  -31.5341  -31.1020  -30.6593
 -26.6222  -23.4155  -23.2759  -21.7504  -20.7849  -18.8410  -17.9635  -17.4788
 -17.3391  -16.5655  -16.2237  -15.8037  -15.4402  -14.8398  -14.4197  -14.2576
 -14.1726  -14.0398  -13.5981  -13.3948  -12.9442  -12.8383  -12.7727  -12.6986
 -12.3295  -12.1524  -11.9828  -11.7211  -10.9610   -9.7809   -9.5676   -0.4960
   0.3369    0.4439    1.9071    2.7456    2.8549    2.9122    3.2413    3.3448
   3.4604    3.7091    3.7184    3.8167    3.8979    3.9756    4.0218    4.0872
   4.2039    4.2856    4.3608    4.4043    4.4667    4.6218    4.7082    4.8094
   5.0275    5.0311    5.2673    5.4646    5.5158    5.6183    6.0014

 Heat of formation   =        -61.24824490 kcal/mol  (       -2.65592320 eV)

 Total SCF energy    =     -58322.12467048 kcal/mol  (    -2529.03710466 eV)
 Electronic energy   =    -317869.68496876 kcal/mol  (   -13783.86388139 eV)
 Core-core repulsion =     259547.56029828 kcal/mol  (    11254.82677673 eV)
 
    Atomic Charges for Step       1 :
  Atom    Element       Mulliken Charge
     1      C                 -0.941
     2      S                  2.824
     3      O                 -0.934
     4      O                 -0.935
     5      N                 -0.901
     6      C                 -0.015
     7      C                 -0.171
     8      C                 -0.121
     9      C                 -0.076
    10      C                 -0.128
    11      C                 -0.128
    12      C                 -0.130
    13      C                 -0.127
    14      C                 -0.124
    15      H                  0.149
    16      H                  0.159
    17      H                  0.148
    18      H                  0.246
    19      H                  0.108
    20      H                  0.071
    21      H                  0.087
    22      H                  0.100
    23      H                  0.092
    24      H                  0.087
    25      H                  0.129
    26      H                  0.131
    27      H                  0.132
    28      H                  0.133
    29      H                  0.134
 Total Mulliken Charge =       0.000
 
                  X        Y        Z     TOTAL  
  QM DIPOLE     3.558   -0.878    2.321    4.338
 
 Final Structure

  QMMM: QM Region Cartesian Coordinates (*=link atom) 
  QMMM: QM_NO.   MM_NO.  ATOM         X         Y         Z
  QMMM:     1        1      C        0.4039   10.6290   -2.5623
  QMMM:     2        2      S       -0.5259    9.2829   -3.0417
  QMMM:     3        3      O       -0.5905    9.2894   -4.4508
  QMMM:     4        4      O       -1.7464    9.3358   -2.3374
  QMMM:     5        5      N        0.3643    8.0275   -2.5617
  QMMM:     6        6      C        0.2462    7.3853   -1.2844
  QMMM:     7        7      C        0.1344    5.8615   -1.3563
  QMMM:     8        8      C       -0.0007    5.2909    0.0430
  QMMM:     9        9      C       -0.0779    3.8045    0.0165
  QMMM:    10       10      C        1.0924    3.0389   -0.0479
  QMMM:    11       11      C        1.0222    1.6472   -0.0670
  QMMM:    12       12      C       -0.2170    1.0083   -0.0219
  QMMM:    13       13      C       -1.3862    1.7658    0.0427
  QMMM:    14       14      C       -1.3184    3.1581    0.0621
  QMMM:    15       15      H        1.3974   10.6846   -3.0684
  QMMM:    16       16      H       -0.1315   11.5777   -2.8212
  QMMM:    17       17      H        0.5968   10.6709   -1.4637
  QMMM:    18       18      H        1.0113    7.5866   -3.1719
  QMMM:    19       19      H       -0.6702    7.7907   -0.7615
  QMMM:    20       20      H        1.1470    7.6452   -0.6534
  QMMM:    21       21      H        1.0435    5.4304   -1.8514
  QMMM:    22       22      H       -0.7557    5.5670   -1.9709
  QMMM:    23       23      H       -0.9210    5.7126    0.5300
  QMMM:    24       24      H        0.8798    5.6096    0.6638
  QMMM:    25       25      H        2.0707    3.5409   -0.0824
  QMMM:    26       26      H        1.9461    1.0526   -0.1171
  QMMM:    27       27      H       -0.2716   -0.0898   -0.0367
  QMMM:    28       28      H       -2.3648    1.2650    0.0789
  QMMM:    29       29      H       -2.2432    3.7520    0.1138

           --------- Calculation Completed ----------

