            --------------------------------------------------------
                             AMBER SQM VERSION 14
 
                                     By
              Ross C. Walker, Michael F. Crowley, Scott Brozell,
                         Tim Giese, Andreas W. Goetz,
                        Tai-Sung Lee and David A. Case
 
            --------------------------------------------------------
 

--------------------------------------------------------------------------------
  QM CALCULATION INFO
--------------------------------------------------------------------------------

| QMMM: Citation for AMBER QMMM Run:
| QMMM: R.C. Walker, M.F. Crowley and D.A. Case, J. COMP. CHEM. 29:1019, 2008

QMMM: SINGLET STATE CALCULATION
QMMM: RHF CALCULATION, NO. OF DOUBLY OCCUPIED LEVELS = 56

| QMMM: *** Selected Hamiltonian *** 
| QMMM: AM1         

| QMMM: *** Parameter sets in use ***
| QMMM: O : M.J.S.DEWAR et al. JACS, 107, 3902, (1985)
| QMMM: S : M.J.S.DEWAR et al. INORG. CHEM., 29, 3881, (1990)
| QMMM: N : M.J.S.DEWAR et al. JACS, 107, 3902, (1985)
| QMMM: C : M.J.S.DEWAR et al. JACS, 107, 3902, (1985)
| QMMM: H : M.J.S.DEWAR et al. JACS, 107, 3902, (1985)

| QMMM: *** SCF convergence criteria ***
| QMMM: Energy change                :  0.1D-09 kcal/mol
| QMMM: Error matrix |FP-PF|         :  0.1D+00 au
| QMMM: Density matrix change        :  0.5D-06
| QMMM: Maximum number of SCF cycles :     1000

| QMMM: *** Diagonalization Routine Information ***
| QMMM: Pseudo diagonalizations are allowed.
| QMMM: Auto diagonalization routine selection is in use.
| QMMM:
| QMMM: Timing diagonalization routines:
| QMMM:                              norbs =      100
| QMMM:    diag iterations used for timing =       15
| QMMM:
| QMMM:              Internal diag routine = 0.026074 seconds
| QMMM:                 Dspev diag routine = 0.027680 seconds
| QMMM:                Dspevd diag routine = 0.016519 seconds
| QMMM:                Dspevx diag routine = 0.086769 seconds
| QMMM:                 Dsyev diag routine = 0.028730 seconds
| QMMM:                Dsyevd diag routine = 0.020566 seconds
| QMMM:                Dsyevr diag routine = 0.023363 seconds
| QMMM:
| QMMM:                Pseudo diag routine = 0.010957 seconds
| QMMM:
| QMMM: Using dspevd routine (diag_routine=3).

  QMMM: QM Region Cartesian Coordinates (*=link atom) 
  QMMM: QM_NO.   MM_NO.  ATOM         X         Y         Z
  QMMM:     1        1      O       -3.0680   -1.6100   -2.4980
  QMMM:     2        2      S       -1.9080   -0.8630   -2.1560
  QMMM:     3        3      N       -2.4410    0.6200   -1.6470
  QMMM:     4        4      C       -1.4820    1.6160   -1.1620
  QMMM:     5        5      C       -0.8180    1.2180    0.1580
  QMMM:     6        6      S       -2.2600    1.8390    1.0680
  QMMM:     7        7      O       -3.3350    0.8100    0.7470
  QMMM:     8        8      C       -2.1490    2.8040   -0.4650
  QMMM:     9        9      C       -0.4790    2.0350   -2.2380
  QMMM:    10       10      C       -1.2300    2.4130   -3.5170
  QMMM:    11       11      C       -0.2410    2.8260   -4.5770
  QMMM:    12       12      C        0.1380    4.1500   -4.6900
  QMMM:    13       13      C        1.0480    4.5280   -5.6590
  QMMM:    14       14      C        1.5710    3.5830   -6.5220
  QMMM:    15       15      C        1.1880    2.2600   -6.4120
  QMMM:    16       16      C        0.2820    1.8810   -5.4390
  QMMM:    17       17      N       -1.2360   -1.6180   -0.8440
  QMMM:    18       18      C       -2.0960   -2.2680    0.1480
  QMMM:    19       19      C        0.2200   -1.6370   -0.6760
  QMMM:    20       20      O       -0.8460   -0.6180   -3.0660
  QMMM:    21       21      H       -3.3880    0.8290   -1.6710
  QMMM:    22       22      H       -0.6770    0.1420    0.2600
  QMMM:    23       23      H        0.0930    1.7800    0.3650
  QMMM:    24       24      H       -1.4940    3.6720   -0.3780
  QMMM:    25       25      H       -3.1220    3.0570   -0.8850
  QMMM:    26       26      H        0.0940    2.8930   -1.8860
  QMMM:    27       27      H        0.1980    1.2060   -2.4460
  QMMM:    28       28      H       -1.8030    1.5550   -3.8680
  QMMM:    29       29      H       -1.9070    3.2420   -3.3090
  QMMM:    30       30      H       -0.2750    4.8890   -4.0190
  QMMM:    31       31      H        1.3470    5.5630   -5.7450
  QMMM:    32       32      H        2.2790    3.8790   -7.2820
  QMMM:    33       33      H        1.5970    1.5220   -7.0860
  QMMM:    34       34      H       -0.0180    0.8470   -5.3540
  QMMM:    35       35      H       -2.2590   -3.3070   -0.1370
  QMMM:    36       36      H       -1.6150   -2.2310    1.1260
  QMMM:    37       37      H       -3.0530   -1.7500    0.1940
  QMMM:    38       38      H        0.6830   -1.0260   -1.4520
  QMMM:    39       39      H        0.4770   -1.2360    0.3040
  QMMM:    40       40      H        0.5820   -2.6620   -0.7560

--------------------------------------------------------------------------------
  RESULTS
--------------------------------------------------------------------------------

      iter         sqm energy              rms gradient
      ----    -------------------    -----------------------
xmin    10      -64.7572 kcal/mol        2.1369 kcal/(mol*A)
xmin    20      -66.7991 kcal/mol        0.2617 kcal/(mol*A)
xmin    30      -67.0754 kcal/mol        0.2468 kcal/(mol*A)
xmin    40      -67.1241 kcal/mol        0.1117 kcal/(mol*A)
xmin    50      -67.1266 kcal/mol        0.0572 kcal/(mol*A)
xmin    60      -67.1289 kcal/mol        0.0141 kcal/(mol*A)
xmin    70      -67.1303 kcal/mol        0.0186 kcal/(mol*A)
xmin    80      -67.1380 kcal/mol        0.0355 kcal/(mol*A)
xmin    90      -67.1387 kcal/mol        0.0079 kcal/(mol*A)
xmin   100      -67.1389 kcal/mol        0.0036 kcal/(mol*A)
xmin   110      -67.1390 kcal/mol        0.0229 kcal/(mol*A)
xmin   120      -67.1392 kcal/mol        0.0063 kcal/(mol*A)
xmin   130      -67.1392 kcal/mol        0.0016 kcal/(mol*A)
xmin   140      -67.1392 kcal/mol        0.0009 kcal/(mol*A)
  ... geometry converged !
 
 Final MO eigenvalues (eV):
 -40.0760  -39.0393  -38.0412  -37.8242  -36.9891  -35.7140  -34.3527  -32.8652
 -31.2955  -29.6950  -29.0186  -28.3167  -25.9429  -25.2728  -23.1133  -22.4514
 -21.5479  -20.1318  -19.1753  -18.6339  -18.5756  -17.8370  -17.4119  -17.0499
 -16.6820  -16.3255  -16.1092  -15.8966  -15.7529  -15.4609  -14.9911  -14.7902
 -14.4090  -14.1837  -14.0780  -13.9864  -13.8832  -13.6056  -13.4934  -13.3452
 -13.2749  -12.9493  -12.8766  -12.7817  -12.6147  -12.4766  -12.3150  -12.0066
 -11.7625  -11.5104  -11.3052  -11.0881  -10.4817   -9.9721   -9.5532   -9.3363
  -0.6215    0.4682    0.4816    0.5506    0.6774    1.6300    2.3821    2.6195
   2.7344    2.9562    3.0603    3.0942    3.2313    3.4751    3.5344    3.6322
   3.7841    3.8230    3.8475    3.9050    4.0133    4.0673    4.1279    4.1489
   4.1678    4.2044    4.2568    4.3126    4.3272    4.4414    4.5579    4.5889
   4.6775    4.8109    4.8638    4.8904    4.9941    5.2414    5.3192    5.3912
   5.6838    5.7708    5.8686    6.2465

 Heat of formation   =        -67.13924092 kcal/mol  (       -2.91137596 eV)

 Total SCF energy    =     -85391.45085286 kcal/mol  (    -3702.85117093 eV)
 Electronic energy   =    -601039.31847424 kcal/mol  (   -26063.02061811 eV)
 Core-core repulsion =     515647.86762138 kcal/mol  (    22360.16944718 eV)
 
    Atomic Charges for Step       1 :
  Atom    Element       Mulliken Charge
     1      O                 -0.923
     2      S                  2.801
     3      N                 -0.873
     4      C                  0.145
     5      C                 -0.621
     6      S                  1.363
     7      O                 -0.759
     8      C                 -0.591
     9      C                 -0.164
    10      C                 -0.113
    11      C                 -0.081
    12      C                 -0.131
    13      C                 -0.134
    14      C                 -0.132
    15      C                 -0.131
    16      C                 -0.121
    17      N                 -0.833
    18      C                 -0.074
    19      C                 -0.072
    20      O                 -0.933
    21      H                  0.249
    22      H                  0.144
    23      H                  0.130
    24      H                  0.136
    25      H                  0.143
    26      H                  0.086
    27      H                  0.107
    28      H                  0.106
    29      H                  0.080
    30      H                  0.124
    31      H                  0.128
    32      H                  0.129
    33      H                  0.132
    34      H                  0.167
    35      H                  0.086
    36      H                  0.069
    37      H                  0.104
    38      H                  0.106
    39      H                  0.063
    40      H                  0.086
 Total Mulliken Charge =      -0.000
 
                  X        Y        Z     TOTAL  
  QM DIPOLE     3.514    2.174    2.280    4.719
 
 Final Structure

  QMMM: QM Region Cartesian Coordinates (*=link atom) 
  QMMM: QM_NO.   MM_NO.  ATOM         X         Y         Z
  QMMM:     1        1      O       -3.2250   -1.5653   -2.6359
  QMMM:     2        2      S       -2.0187   -0.8904   -2.3010
  QMMM:     3        3      N       -2.4740    0.4879   -1.5521
  QMMM:     4        4      C       -1.6638    1.5872   -1.1020
  QMMM:     5        5      C       -0.9194    1.3249    0.2535
  QMMM:     6        6      S       -1.6472    2.7537    1.0297
  QMMM:     7        7      O       -2.6150    2.2731    2.0393
  QMMM:     8        8      C       -2.4826    2.7954   -0.5482
  QMMM:     9        9      C       -0.6401    2.0673   -2.1467
  QMMM:    10       10      C       -1.2689    2.5857   -3.4263
  QMMM:    11       11      C       -0.2222    2.8935   -4.4409
  QMMM:    12       12      C        0.1253    4.2142   -4.7402
  QMMM:    13       13      C        1.0995    4.4816   -5.7019
  QMMM:    14       14      C        1.7305    3.4326   -6.3690
  QMMM:    15       15      C        1.3848    2.1129   -6.0746
  QMMM:    16       16      C        0.4121    1.8412   -5.1150
  QMMM:    17       17      N       -1.2008   -1.7569   -1.1815
  QMMM:    18       18      C       -1.8818   -2.5057   -0.1688
  QMMM:    19       19      C        0.2269   -1.7378   -1.0870
  QMMM:    20       20      O       -1.1444   -0.6117   -3.3851
  QMMM:    21       21      H       -3.4320    0.5914   -1.2991
  QMMM:    22       22      H       -1.1804    0.3564    0.7301
  QMMM:    23       23      H        0.1834    1.3807    0.1539
  QMMM:    24       24      H       -2.3008    3.7283   -1.1204
  QMMM:    25       25      H       -3.5789    2.6256   -0.5031
  QMMM:    26       26      H       -0.0283    2.8830   -1.6791
  QMMM:    27       27      H        0.0585    1.2230   -2.3982
  QMMM:    28       28      H       -1.9594    1.8077   -3.8526
  QMMM:    29       29      H       -1.8821    3.5000   -3.2098
  QMMM:    30       30      H       -0.3735    5.0453   -4.2206
  QMMM:    31       31      H        1.3673    5.5223   -5.9349
  QMMM:    32       32      H        2.4971    3.6448   -7.1281
  QMMM:    33       33      H        1.8780    1.2842   -6.6034
  QMMM:    34       34      H        0.1272    0.8003   -4.8786
  QMMM:    35       35      H       -1.4523   -3.5410   -0.0911
  QMMM:    36       36      H       -1.7799   -2.0067    0.8340
  QMMM:    37       37      H       -2.9722   -2.5932   -0.4287
  QMMM:    38       38      H        0.6653   -1.2583   -2.0050
  QMMM:    39       39      H        0.5568   -1.1606   -0.1791
  QMMM:    40       40      H        0.6281   -2.7840   -1.0047

           --------- Calculation Completed ----------

