            --------------------------------------------------------
                             AMBER SQM VERSION 14
 
                                     By
              Ross C. Walker, Michael F. Crowley, Scott Brozell,
                         Tim Giese, Andreas W. Goetz,
                        Tai-Sung Lee and David A. Case
 
            --------------------------------------------------------
 

--------------------------------------------------------------------------------
  QM CALCULATION INFO
--------------------------------------------------------------------------------

| QMMM: Citation for AMBER QMMM Run:
| QMMM: R.C. Walker, M.F. Crowley and D.A. Case, J. COMP. CHEM. 29:1019, 2008

QMMM: SINGLET STATE CALCULATION
QMMM: RHF CALCULATION, NO. OF DOUBLY OCCUPIED LEVELS = 53

| QMMM: *** Selected Hamiltonian *** 
| QMMM: AM1         

| QMMM: *** Parameter sets in use ***
| QMMM: C : M.J.S.DEWAR et al. JACS, 107, 3902, (1985)
| QMMM: S : M.J.S.DEWAR et al. INORG. CHEM., 29, 3881, (1990)
| QMMM: N : M.J.S.DEWAR et al. JACS, 107, 3902, (1985)
| QMMM: O : M.J.S.DEWAR et al. JACS, 107, 3902, (1985)
| QMMM: H : M.J.S.DEWAR et al. JACS, 107, 3902, (1985)

| QMMM: *** SCF convergence criteria ***
| QMMM: Energy change                :  0.1D-09 kcal/mol
| QMMM: Error matrix |FP-PF|         :  0.1D+00 au
| QMMM: Density matrix change        :  0.5D-06
| QMMM: Maximum number of SCF cycles :     1000

| QMMM: *** Diagonalization Routine Information ***
| QMMM: Pseudo diagonalizations are allowed.
| QMMM: Auto diagonalization routine selection is in use.
| QMMM:
| QMMM: Timing diagonalization routines:
| QMMM:                              norbs =       93
| QMMM:    diag iterations used for timing =       15
| QMMM:
| QMMM:              Internal diag routine = 0.021335 seconds
| QMMM:                 Dspev diag routine = 0.023556 seconds
| QMMM:                Dspevd diag routine = 0.014359 seconds
| QMMM:                Dspevx diag routine = 0.079101 seconds
| QMMM:                 Dsyev diag routine = 0.024030 seconds
| QMMM:                Dsyevd diag routine = 0.016696 seconds
| QMMM:                Dsyevr diag routine = 0.018715 seconds
| QMMM:
| QMMM:                Pseudo diag routine = 0.009932 seconds
| QMMM:
| QMMM: Using dspevd routine (diag_routine=3).

  QMMM: QM Region Cartesian Coordinates (*=link atom) 
  QMMM: QM_NO.   MM_NO.  ATOM         X         Y         Z
  QMMM:     1        1      C        1.1660    0.0870   -2.7900
  QMMM:     2        2      S       -0.3340   -0.4110   -1.9000
  QMMM:     3        3      N       -0.0570    0.0470   -0.3340
  QMMM:     4        4      C        0.1350    1.4630   -0.0070
  QMMM:     5        5      C       -0.3700    1.8320    1.3890
  QMMM:     6        6      S       -0.7940    3.4930    0.7910
  QMMM:     7        7      C       -0.9260    2.3730   -0.6300
  QMMM:     8        8      O        0.3350    4.3520    0.7110
  QMMM:     9        9      O       -2.0600    3.9410    1.2570
  QMMM:    10       10      C        1.5650    1.9360   -0.2740
  QMMM:    11       11      C        2.5490    1.0340    0.4730
  QMMM:    12       12      C        3.9600    1.4270    0.1180
  QMMM:    13       13      C        4.5950    0.8300   -0.9550
  QMMM:    14       14      C        5.8870    1.1940   -1.2830
  QMMM:    15       15      C        6.5490    2.1470   -0.5320
  QMMM:    16       16      C        5.9160    2.7410    0.5440
  QMMM:    17       17      C        4.6220    2.3810    0.8690
  QMMM:    18       18      O       -0.4300   -1.8270   -1.8390
  QMMM:    19       19      O       -1.4410    0.3820   -2.3070
  QMMM:    20       20      H        2.0290   -0.4250   -2.3630
  QMMM:    21       21      H        1.0700   -0.1800   -3.8430
  QMMM:    22       22      H        1.3020    1.1650   -2.6990
  QMMM:    23       23      H       -0.0210   -0.6210    0.3680
  QMMM:    24       24      H       -1.2400    1.2530    1.6970
  QMMM:    25       25      H        0.4170    1.8360    2.1430
  QMMM:    26       26      H       -0.6040    2.8290   -1.5660
  QMMM:    27       27      H       -1.9040    1.8980   -0.7120
  QMMM:    28       28      H        1.7700    1.8890   -1.3440
  QMMM:    29       29      H        1.6790    2.9640    0.0720
  QMMM:    30       30      H        2.4000    1.1460    1.5470
  QMMM:    31       31      H        2.3790   -0.0040    0.1880
  QMMM:    32       32      H        4.0790    0.0820   -1.5390
  QMMM:    33       33      H        6.3820    0.7300   -2.1240
  QMMM:    34       34      H        7.5600    2.4280   -0.7860
  QMMM:    35       35      H        6.4330    3.4850    1.1310
  QMMM:    36       36      H        4.1280    2.8440    1.7110

--------------------------------------------------------------------------------
  RESULTS
--------------------------------------------------------------------------------

      iter         sqm energy              rms gradient
      ----    -------------------    -----------------------
xmin    10      -97.1393 kcal/mol        0.8519 kcal/(mol*A)
xmin    20      -97.5612 kcal/mol        0.1827 kcal/(mol*A)
xmin    30      -97.6181 kcal/mol        0.0877 kcal/(mol*A)
xmin    40      -97.6211 kcal/mol        0.0300 kcal/(mol*A)
xmin    50      -97.6296 kcal/mol        0.1212 kcal/(mol*A)
xmin    60      -97.6473 kcal/mol        0.1359 kcal/(mol*A)
xmin    70      -97.6661 kcal/mol        0.1180 kcal/(mol*A)
xmin    80      -97.6786 kcal/mol        0.0317 kcal/(mol*A)
xmin    90      -97.6826 kcal/mol        0.0366 kcal/(mol*A)
xmin   100      -97.6834 kcal/mol        0.0192 kcal/(mol*A)
xmin   110      -97.6837 kcal/mol        0.0060 kcal/(mol*A)
xmin   120      -97.6840 kcal/mol        0.0083 kcal/(mol*A)
xmin   130      -97.6842 kcal/mol        0.0022 kcal/(mol*A)
xmin   140      -97.6842 kcal/mol        0.0069 kcal/(mol*A)
xmin   150      -97.6842 kcal/mol        0.0019 kcal/(mol*A)
xmin   160      -97.6842 kcal/mol        0.0025 kcal/(mol*A)
xmin   160      -97.6842 kcal/mol        0.0004 kcal/(mol*A)
  ... geometry converged !
 
 Final MO eigenvalues (eV):
 -40.6990  -39.5996  -38.7708  -38.2225  -37.9909  -37.4523  -34.8674  -33.6774
 -31.7842  -31.2710  -30.2267  -29.1099  -25.8652  -23.6370  -22.9620  -22.0797
 -20.5658  -19.9631  -19.3710  -18.3987  -18.1348  -17.8373  -17.7313  -17.6075
 -17.0899  -16.6901  -16.4560  -16.2236  -15.6282  -15.2170  -15.0199  -14.5514
 -14.4686  -14.4129  -14.3357  -14.2555  -13.9827  -13.5001  -13.4547  -13.3901
 -13.2814  -13.1816  -13.1088  -12.8385  -12.7294  -12.6137  -12.4796  -12.4123
 -12.3017  -12.0589  -11.3610  -10.0223   -9.8201   -0.9312   -0.8227    0.0745
   0.2027    1.1170    1.4302    2.0923    2.1462    2.2600    2.5186    2.5698
   2.6585    3.0011    3.0108    3.0646    3.1112    3.1928    3.3784    3.5819
   3.6163    3.6422    3.6980    3.7626    3.7877    3.8374    3.8617    3.9727
   4.0343    4.0762    4.1947    4.2953    4.3298    4.4126    4.7600    4.7770
   4.8142    5.2228    5.2556    5.3676    5.7534

 Heat of formation   =        -97.68420723 kcal/mol  (       -4.23590509 eV)

 Total SCF energy    =     -84088.63285398 kcal/mol  (    -3646.35674316 eV)
 Electronic energy   =    -548041.28043400 kcal/mol  (   -23764.85323421 eV)
 Core-core repulsion =     463952.64758002 kcal/mol  (    20118.49649105 eV)
 
    Atomic Charges for Step       1 :
  Atom    Element       Mulliken Charge
     1      C                 -0.951
     2      S                  2.829
     3      N                 -0.881
     4      C                  0.163
     5      C                 -0.863
     6      S                  2.815
     7      C                 -0.889
     8      O                 -0.924
     9      O                 -0.911
    10      C                 -0.172
    11      C                 -0.117
    12      C                 -0.082
    13      C                 -0.126
    14      C                 -0.126
    15      C                 -0.127
    16      C                 -0.124
    17      C                 -0.126
    18      O                 -0.927
    19      O                 -0.932
    20      H                  0.151
    21      H                  0.164
    22      H                  0.155
    23      H                  0.253
    24      H                  0.167
    25      H                  0.166
    26      H                  0.170
    27      H                  0.205
    28      H                  0.094
    29      H                  0.106
    30      H                  0.093
    31      H                  0.084
    32      H                  0.129
    33      H                  0.134
    34      H                  0.135
    35      H                  0.135
    36      H                  0.132
 Total Mulliken Charge =      -0.000
 
                  X        Y        Z     TOTAL  
  QM DIPOLE     5.827   -0.512   -0.424    5.865
 
 Final Structure

  QMMM: QM Region Cartesian Coordinates (*=link atom) 
  QMMM: QM_NO.   MM_NO.  ATOM         X         Y         Z
  QMMM:     1        1      C        0.5869   -0.1884   -2.9139
  QMMM:     2        2      S       -0.7343   -0.3283   -1.8504
  QMMM:     3        3      N       -0.1633    0.2229   -0.4348
  QMMM:     4        4      C        0.2305    1.5541   -0.0664
  QMMM:     5        5      C       -0.0538    1.9106    1.4325
  QMMM:     6        6      S       -1.0620    3.2539    1.0094
  QMMM:     7        7      C       -0.6997    2.7026   -0.5840
  QMMM:     8        8      O       -0.4615    4.4734    1.3003
  QMMM:     9        9      O       -2.3850    3.0726    1.3827
  QMMM:    10       10      C        1.6913    1.8769   -0.4267
  QMMM:    11       11      C        2.6816    0.9040    0.1835
  QMMM:    12       12      C        4.0825    1.3841    0.0249
  QMMM:    13       13      C        4.9645    0.7274   -0.8402
  QMMM:    14       14      C        6.2788    1.1732   -0.9752
  QMMM:    15       15      C        6.7220    2.2773   -0.2479
  QMMM:    16       16      C        5.8473    2.9352    0.6174
  QMMM:    17       17      C        4.5338    2.4911    0.7544
  QMMM:    18       18      O       -1.0225   -1.6984   -1.6825
  QMMM:    19       19      O       -1.7664    0.4870   -2.3499
  QMMM:    20       20      H        1.5805   -0.4209   -2.4596
  QMMM:    21       21      H        0.4683   -0.9009   -3.7708
  QMMM:    22       22      H        0.6721    0.8303   -3.3662
  QMMM:    23       23      H        0.0040   -0.4264    0.3027
  QMMM:    24       24      H       -0.5608    1.0970    1.9982
  QMMM:    25       25      H        0.8815    2.1537    1.9838
  QMMM:    26       26      H       -0.1494    3.4168   -1.2370
  QMMM:    27       27      H       -1.5793    2.3480   -1.1778
  QMMM:    28       28      H        1.8038    1.8766   -1.5433
  QMMM:    29       29      H        1.9193    2.9161   -0.0673
  QMMM:    30       30      H        2.4572    0.7747    1.2773
  QMMM:    31       31      H        2.5703   -0.1048   -0.2975
  QMMM:    32       32      H        4.6221   -0.1461   -1.4146
  QMMM:    33       33      H        6.9664    0.6510   -1.6567
  QMMM:    34       34      H        7.7588    2.6282   -0.3550
  QMMM:    35       35      H        6.1941    3.8058    1.1935
  QMMM:    36       36      H        3.8465    3.0105    1.4390

           --------- Calculation Completed ----------

