            --------------------------------------------------------
                             AMBER SQM VERSION 14
 
                                     By
              Ross C. Walker, Michael F. Crowley, Scott Brozell,
                         Tim Giese, Andreas W. Goetz,
                        Tai-Sung Lee and David A. Case
 
            --------------------------------------------------------
 

--------------------------------------------------------------------------------
  QM CALCULATION INFO
--------------------------------------------------------------------------------

| QMMM: Citation for AMBER QMMM Run:
| QMMM: R.C. Walker, M.F. Crowley and D.A. Case, J. COMP. CHEM. 29:1019, 2008

QMMM: SINGLET STATE CALCULATION
QMMM: RHF CALCULATION, NO. OF DOUBLY OCCUPIED LEVELS = 58

| QMMM: *** Selected Hamiltonian *** 
| QMMM: AM1         

| QMMM: *** Parameter sets in use ***
| QMMM: O : M.J.S.DEWAR et al. JACS, 107, 3902, (1985)
| QMMM: S : M.J.S.DEWAR et al. INORG. CHEM., 29, 3881, (1990)
| QMMM: N : M.J.S.DEWAR et al. JACS, 107, 3902, (1985)
| QMMM: C : M.J.S.DEWAR et al. JACS, 107, 3902, (1985)
| QMMM: H : M.J.S.DEWAR et al. JACS, 107, 3902, (1985)

| QMMM: *** SCF convergence criteria ***
| QMMM: Energy change                :  0.1D-09 kcal/mol
| QMMM: Error matrix |FP-PF|         :  0.1D+00 au
| QMMM: Density matrix change        :  0.5D-06
| QMMM: Maximum number of SCF cycles :     1000

| QMMM: *** Diagonalization Routine Information ***
| QMMM: Pseudo diagonalizations are allowed.
| QMMM: Auto diagonalization routine selection is in use.
| QMMM:
| QMMM: Timing diagonalization routines:
| QMMM:                              norbs =      107
| QMMM:    diag iterations used for timing =       10
| QMMM:
| QMMM:              Internal diag routine = 0.020757 seconds
| QMMM:                 Dspev diag routine = 0.022981 seconds
| QMMM:                Dspevd diag routine = 0.012715 seconds
| QMMM:                Dspevx diag routine = 0.069911 seconds
| QMMM:                 Dsyev diag routine = 0.024213 seconds
| QMMM:                Dsyevd diag routine = 0.016133 seconds
| QMMM:                Dsyevr diag routine = 0.017982 seconds
| QMMM:
| QMMM:                Pseudo diag routine = 0.006406 seconds
| QMMM:
| QMMM: Using dspevd routine (diag_routine=3).

  QMMM: QM Region Cartesian Coordinates (*=link atom) 
  QMMM: QM_NO.   MM_NO.  ATOM         X         Y         Z
  QMMM:     1        1      O       -1.3940    6.4190    0.4770
  QMMM:     2        2      S       -0.1570    5.8350    0.0910
  QMMM:     3        3      N        0.0290    6.1590   -1.5220
  QMMM:     4        4      C       -1.0980    5.9800   -2.4410
  QMMM:     5        5      C       -2.4110    6.5510   -1.9000
  QMMM:     6        6      S       -2.6680    5.0380   -0.9330
  QMMM:     7        7      C       -1.6960    4.5720   -2.3930
  QMMM:     8        8      C       -0.7770    6.4490   -3.8610
  QMMM:     9        9      C       -0.0760    7.8070   -3.8030
  QMMM:    10       10      C        0.2410    8.2690   -5.2020
  QMMM:    11       11      C        1.4500    7.9350   -5.7830
  QMMM:    12       12      C        1.7390    8.3550   -7.0680
  QMMM:    13       13      C        0.8230    9.1170   -7.7690
  QMMM:    14       14      C       -0.3840    9.4550   -7.1860
  QMMM:    15       15      C       -0.6750    9.0310   -5.9030
  QMMM:    16       16      C       -0.3590    4.0920    0.2530
  QMMM:    17       17      C        0.6140    3.2360   -0.2280
  QMMM:    18       18      C        0.4570    1.8690   -0.1000
  QMMM:    19       19      C       -0.6730    1.3570    0.5100
  QMMM:    20       20      C       -1.6490    2.2130    0.9860
  QMMM:    21       21      C       -1.4890    3.5810    0.8620
  QMMM:    22       22      O        1.0810    6.1550    0.7100
  QMMM:    23       23      H        0.8850    6.4670   -1.8600
  QMMM:    24       24      H       -2.2700    7.4370   -1.2800
  QMMM:    25       25      H       -3.1650    6.6990   -2.6740
  QMMM:    26       26      H       -2.3120    4.3380   -3.2610
  QMMM:    27       27      H       -0.9560    3.7990   -2.1850
  QMMM:    28       28      H       -0.1230    5.7230   -4.3440
  QMMM:    29       29      H       -1.7010    6.5410   -4.4310
  QMMM:    30       30      H       -0.7300    8.5330   -3.3200
  QMMM:    31       31      H        0.8490    7.7150   -3.2330
  QMMM:    32       32      H        2.1680    7.3440   -5.2340
  QMMM:    33       33      H        2.6820    8.0910   -7.5230
  QMMM:    34       34      H        1.0500    9.4480   -8.7710
  QMMM:    35       35      H       -1.1000   10.0500   -7.7330
  QMMM:    36       36      H       -1.6180    9.2950   -5.4480
  QMMM:    37       37      H        1.4980    3.6360   -0.7040
  QMMM:    38       38      H        1.2170    1.2000   -0.4760
  QMMM:    39       39      H       -0.7960    0.2890    0.6100
  QMMM:    40       40      H       -2.5340    1.8140    1.4590
  QMMM:    41       41      H       -2.2500    4.2490    1.2380

--------------------------------------------------------------------------------
  RESULTS
--------------------------------------------------------------------------------

      iter         sqm energy              rms gradient
      ----    -------------------    -----------------------
xmin    10       -3.7670 kcal/mol        0.6321 kcal/(mol*A)
xmin    20       -4.0925 kcal/mol        0.4073 kcal/(mol*A)
xmin    30       -4.2208 kcal/mol        0.2638 kcal/(mol*A)
xmin    40       -4.2645 kcal/mol        0.0928 kcal/(mol*A)
xmin    50       -4.2827 kcal/mol        0.0687 kcal/(mol*A)
xmin    60       -4.2989 kcal/mol        0.0529 kcal/(mol*A)
xmin    70       -4.3427 kcal/mol        0.2380 kcal/(mol*A)
xmin    80       -4.3737 kcal/mol        0.0447 kcal/(mol*A)
xmin    90       -4.3886 kcal/mol        0.0554 kcal/(mol*A)
xmin   100       -4.3981 kcal/mol        0.0901 kcal/(mol*A)
xmin   110       -4.4061 kcal/mol        0.0234 kcal/(mol*A)
xmin   120       -4.4072 kcal/mol        0.0415 kcal/(mol*A)
xmin   130       -4.4085 kcal/mol        0.0188 kcal/(mol*A)
xmin   140       -4.4091 kcal/mol        0.0039 kcal/(mol*A)
xmin   150       -4.4092 kcal/mol        0.0051 kcal/(mol*A)
xmin   160       -4.4092 kcal/mol        0.0050 kcal/(mol*A)
xmin   170       -4.4093 kcal/mol        0.0026 kcal/(mol*A)
xmin   180       -4.4093 kcal/mol        0.0013 kcal/(mol*A)
  ... geometry converged !
 
 Final MO eigenvalues (eV):
 -40.2291  -39.8251  -39.1246  -37.9189  -37.0791  -34.5261  -32.8795  -32.4950
 -31.9659  -31.5772  -29.8687  -28.0056  -25.4436  -24.5817  -23.8262  -23.4153
 -22.4427  -21.6744  -20.2489  -19.1845  -18.5608  -17.7462  -17.6241  -17.3839
 -17.2110  -16.6269  -16.3528  -16.2605  -15.7174  -15.5686  -15.3621  -14.9347
 -14.9057  -14.6639  -14.5188  -14.2983  -14.0930  -13.9759  -13.6871  -13.5891
 -13.3601  -12.9869  -12.8732  -12.8585  -12.7807  -12.4930  -12.4590  -12.2910
 -12.0703  -12.0249  -11.8032  -11.3313  -11.0216  -10.5759  -10.2047   -9.8226
  -9.6025   -8.7851   -0.7171   -0.3495    0.0519    0.2877    0.4021    0.6974
   0.7557    1.8770    2.2800    2.6539    2.8153    2.9726    3.0599    3.0826
   3.2746    3.4356    3.5017    3.5338    3.5741    3.7672    3.8377    3.8575
   3.8832    3.9066    3.9653    4.0025    4.0652    4.1270    4.1820    4.2319
   4.2656    4.3288    4.3970    4.4626    4.5344    4.5911    4.6500    4.6954
   4.7583    4.9019    4.9787    4.9853    5.0672    5.2100    5.4229    5.4696
   5.4926    5.5722    5.9578

 Heat of formation   =         -4.40926722 kcal/mol  (       -0.19120017 eV)

 Total SCF energy    =     -84712.04298580 kcal/mol  (    -3673.38983504 eV)
 Electronic energy   =    -610357.50928187 kcal/mol  (   -26467.08769272 eV)
 Core-core repulsion =     525645.46629607 kcal/mol  (    22793.69785768 eV)
 
    Atomic Charges for Step       1 :
  Atom    Element       Mulliken Charge
     1      O                 -0.931
     2      S                  2.855
     3      N                 -0.873
     4      C                  0.113
     5      C                 -0.285
     6      S                  0.035
     7      C                 -0.291
     8      C                 -0.161
     9      C                 -0.123
    10      C                 -0.078
    11      C                 -0.125
    12      C                 -0.127
    13      C                 -0.129
    14      C                 -0.126
    15      C                 -0.128
    16      C                 -0.838
    17      C                 -0.016
    18      C                 -0.160
    19      C                 -0.064
    20      C                 -0.158
    21      C                 -0.012
    22      O                 -0.933
    23      H                  0.243
    24      H                  0.156
    25      H                  0.122
    26      H                  0.120
    27      H                  0.122
    28      H                  0.093
    29      H                  0.109
    30      H                  0.099
    31      H                  0.088
    32      H                  0.131
    33      H                  0.132
    34      H                  0.133
    35      H                  0.133
    36      H                  0.132
    37      H                  0.153
    38      H                  0.142
    39      H                  0.138
    40      H                  0.145
    41      H                  0.163
 Total Mulliken Charge =      -0.000
 
                  X        Y        Z     TOTAL  
  QM DIPOLE     0.145   -3.354   -3.170    4.618
 
 Final Structure

  QMMM: QM Region Cartesian Coordinates (*=link atom) 
  QMMM: QM_NO.   MM_NO.  ATOM         X         Y         Z
  QMMM:     1        1      O       -0.7134    6.4642    0.6496
  QMMM:     2        2      S        0.2070    5.6178    0.0017
  QMMM:     3        3      N        0.1138    5.7563   -1.6169
  QMMM:     4        4      C       -1.0128    5.8733   -2.5009
  QMMM:     5        5      C       -2.2108    6.7310   -1.9810
  QMMM:     6        6      S       -3.3727    5.3771   -2.2187
  QMMM:     7        7      C       -1.8447    4.5576   -2.6830
  QMMM:     8        8      C       -0.5911    6.3682   -3.9012
  QMMM:     9        9      C        0.1172    7.7090   -3.8748
  QMMM:    10       10      C        0.2278    8.2881   -5.2429
  QMMM:    11       11      C        1.4674    8.3582   -5.8876
  QMMM:    12       12      C        1.5657    8.9131   -7.1631
  QMMM:    13       13      C        0.4280    9.4022   -7.8039
  QMMM:    14       14      C       -0.8106    9.3366   -7.1651
  QMMM:    15       15      C       -0.9111    8.7829   -5.8906
  QMMM:    16       16      C       -0.2141    4.0169    0.3090
  QMMM:    17       17      C        0.7648    3.0141    0.2968
  QMMM:    18       18      C        0.4407    1.6948    0.5997
  QMMM:    19       19      C       -0.8747    1.3596    0.9250
  QMMM:    20       20      C       -1.8596    2.3473    0.9481
  QMMM:    21       21      C       -1.5285    3.6653    0.6423
  QMMM:    22       22      O        1.5719    5.7951    0.3314
  QMMM:    23       23      H        0.9765    5.7605   -2.1187
  QMMM:    24       24      H       -2.1420    7.0654   -0.9231
  QMMM:    25       25      H       -2.4248    7.6081   -2.6259
  QMMM:    26       26      H       -1.8385    4.1754   -3.7235
  QMMM:    27       27      H       -1.5681    3.7370   -1.9882
  QMMM:    28       28      H        0.0710    5.5999   -4.3803
  QMMM:    29       29      H       -1.5199    6.4483   -4.5273
  QMMM:    30       30      H       -0.4506    8.4223   -3.2171
  QMMM:    31       31      H        1.1419    7.5962   -3.4296
  QMMM:    32       32      H        2.3695    7.9775   -5.3858
  QMMM:    33       33      H        2.5442    8.9657   -7.6629
  QMMM:    34       34      H        0.5067    9.8402   -8.8095
  QMMM:    35       35      H       -1.7096    9.7238   -7.6669
  QMMM:    36       36      H       -1.8880    8.7347   -5.3863
  QMMM:    37       37      H        1.8101    3.2841    0.0636
  QMMM:    38       38      H        1.2214    0.9198    0.5886
  QMMM:    39       39      H       -1.1335    0.3172    1.1671
  QMMM:    40       40      H       -2.8966    2.0889    1.2101
  QMMM:    41       41      H       -2.3078    4.4493    0.6690

           --------- Calculation Completed ----------

