            --------------------------------------------------------
                             AMBER SQM VERSION 14
 
                                     By
              Ross C. Walker, Michael F. Crowley, Scott Brozell,
                         Tim Giese, Andreas W. Goetz,
                        Tai-Sung Lee and David A. Case
 
            --------------------------------------------------------
 

--------------------------------------------------------------------------------
  QM CALCULATION INFO
--------------------------------------------------------------------------------

| QMMM: Citation for AMBER QMMM Run:
| QMMM: R.C. Walker, M.F. Crowley and D.A. Case, J. COMP. CHEM. 29:1019, 2008

QMMM: SINGLET STATE CALCULATION
QMMM: RHF CALCULATION, NO. OF DOUBLY OCCUPIED LEVELS = 64

| QMMM: *** Selected Hamiltonian *** 
| QMMM: AM1         

| QMMM: *** Parameter sets in use ***
| QMMM: O : M.J.S.DEWAR et al. JACS, 107, 3902, (1985)
| QMMM: S : M.J.S.DEWAR et al. INORG. CHEM., 29, 3881, (1990)
| QMMM: N : M.J.S.DEWAR et al. JACS, 107, 3902, (1985)
| QMMM: C : M.J.S.DEWAR et al. JACS, 107, 3902, (1985)
| QMMM: H : M.J.S.DEWAR et al. JACS, 107, 3902, (1985)

| QMMM: *** SCF convergence criteria ***
| QMMM: Energy change                :  0.1D-09 kcal/mol
| QMMM: Error matrix |FP-PF|         :  0.1D+00 au
| QMMM: Density matrix change        :  0.5D-06
| QMMM: Maximum number of SCF cycles :     1000

| QMMM: *** Diagonalization Routine Information ***
| QMMM: Pseudo diagonalizations are allowed.
| QMMM: Auto diagonalization routine selection is in use.
| QMMM:
| QMMM: Timing diagonalization routines:
| QMMM:                              norbs =      115
| QMMM:    diag iterations used for timing =       10
| QMMM:
| QMMM:              Internal diag routine = 0.025186 seconds
| QMMM:                 Dspev diag routine = 0.027210 seconds
| QMMM:                Dspevd diag routine = 0.015580 seconds
| QMMM:                Dspevx diag routine = 0.079768 seconds
| QMMM:                 Dsyev diag routine = 0.028545 seconds
| QMMM:                Dsyevd diag routine = 0.018553 seconds
| QMMM:                Dsyevr diag routine = 0.020031 seconds
| QMMM:
| QMMM:                Pseudo diag routine = 0.011107 seconds
| QMMM:
| QMMM: Using dspevd routine (diag_routine=3).

  QMMM: QM Region Cartesian Coordinates (*=link atom) 
  QMMM: QM_NO.   MM_NO.  ATOM         X         Y         Z
  QMMM:     1        1      O        0.5370    7.7980   -3.4610
  QMMM:     2        2      S        0.4480    7.8090   -2.0430
  QMMM:     3        3      N       -0.0320    6.2900   -1.5930
  QMMM:     4        4      C       -1.1750    5.6560   -2.2560
  QMMM:     5        5      C       -1.0830    4.1290   -2.2850
  QMMM:     6        6      S       -1.9680    4.1100   -3.8690
  QMMM:     7        7      C       -1.0780    5.6880   -3.7830
  QMMM:     8        8      O       -3.3720    4.2620   -3.7160
  QMMM:     9        9      O       -1.3980    3.2080   -4.8090
  QMMM:    10       10      C       -2.5160    6.1690   -1.7280
  QMMM:    11       11      C       -2.6390    5.8350   -0.2400
  QMMM:    12       12      C       -4.0110    6.2220    0.2500
  QMMM:    13       13      C       -4.2310    7.4880    0.7580
  QMMM:    14       14      C       -5.4910    7.8450    1.2030
  QMMM:    15       15      C       -6.5270    6.9320    1.1500
  QMMM:    16       16      C       -6.3050    5.6630    0.6460
  QMMM:    17       17      C       -5.0470    5.3090    0.1970
  QMMM:    18       18      C       -0.8620    8.9130   -1.6350
  QMMM:    19       19      C       -0.9680    9.4160   -0.3520
  QMMM:    20       20      C       -1.9970   10.2820   -0.0310
  QMMM:    21       21      C       -2.9200   10.6450   -0.9940
  QMMM:    22       22      C       -2.8170   10.1380   -2.2760
  QMMM:    23       23      C       -1.7860    9.2760   -2.5980
  QMMM:    24       24      O        1.5390    8.1510   -1.1990
  QMMM:    25       25      H        0.4420    5.8190   -0.8900
  QMMM:    26       26      H       -0.0590    3.7630   -2.3610
  QMMM:    27       27      H       -1.6380    3.6510   -1.4780
  QMMM:    28       28      H       -1.6290    6.5160   -4.2300
  QMMM:    29       29      H       -0.0530    5.6230   -4.1490
  QMMM:    30       30      H       -2.5720    7.2490   -1.8640
  QMMM:    31       31      H       -3.3290    5.6910   -2.2760
  QMMM:    32       32      H       -2.4900    4.7650   -0.0940
  QMMM:    33       33      H       -1.8840    6.3870    0.3200
  QMMM:    34       34      H       -3.4210    8.2010    0.8040
  QMMM:    35       35      H       -5.6640    8.8360    1.5970
  QMMM:    36       36      H       -7.5100    7.2090    1.5010
  QMMM:    37       37      H       -7.1150    4.9500    0.6050
  QMMM:    38       38      H       -4.8740    4.3180   -0.1960
  QMMM:    39       39      H       -0.2470    9.1330    0.4010
  QMMM:    40       40      H       -2.0790   10.6750    0.9710
  QMMM:    41       41      H       -3.7240   11.3220   -0.7440
  QMMM:    42       42      H       -3.5410   10.4180   -3.0270
  QMMM:    43       43      H       -1.7030    8.8830   -3.6000

--------------------------------------------------------------------------------
  RESULTS
--------------------------------------------------------------------------------

      iter         sqm energy              rms gradient
      ----    -------------------    -----------------------
xmin    10      -65.7570 kcal/mol        2.1270 kcal/(mol*A)
xmin    20      -66.5405 kcal/mol        0.5158 kcal/(mol*A)
xmin    30      -66.6980 kcal/mol        0.0652 kcal/(mol*A)
xmin    40      -66.7149 kcal/mol        0.0479 kcal/(mol*A)
xmin    50      -66.7359 kcal/mol        0.0099 kcal/(mol*A)
xmin    60      -66.7413 kcal/mol        0.0947 kcal/(mol*A)
xmin    70      -66.7861 kcal/mol        0.2358 kcal/(mol*A)
xmin    80      -66.8165 kcal/mol        0.2094 kcal/(mol*A)
xmin    90      -66.9089 kcal/mol        0.0731 kcal/(mol*A)
xmin   100      -66.9224 kcal/mol        0.1077 kcal/(mol*A)
xmin   110      -66.9260 kcal/mol        0.0309 kcal/(mol*A)
xmin   120      -66.9324 kcal/mol        0.0209 kcal/(mol*A)
xmin   130      -66.8863 kcal/mol        0.1625 kcal/(mol*A)
xmin   140      -66.9237 kcal/mol        0.0806 kcal/(mol*A)
xmin   150      -66.9334 kcal/mol        0.0162 kcal/(mol*A)
xmin   160      -66.9339 kcal/mol        0.0039 kcal/(mol*A)
xmin   170      -66.9339 kcal/mol        0.0018 kcal/(mol*A)
xmin   180      -66.9339 kcal/mol        0.0012 kcal/(mol*A)
  ... geometry converged !
 
 Final MO eigenvalues (eV):
 -40.5894  -39.9677  -39.4755  -38.6538  -38.1221  -37.8912  -37.2569  -34.7108
 -33.5057  -32.6359  -32.1599  -31.6972  -30.1578  -29.0166  -25.7374  -24.7749
 -24.0112  -23.5410  -22.7916  -21.9514  -20.4994  -19.8904  -19.4556  -18.9887
 -18.1479  -17.9252  -17.7237  -17.6053  -17.4054  -16.9911  -16.5586  -16.5067
 -16.2647  -15.8743  -15.5673  -15.4819  -14.9848  -14.8969  -14.8388  -14.4207
 -14.2713  -14.2135  -14.1463  -13.8989  -13.5890  -13.3993  -13.3571  -13.2861
 -13.1304  -13.0632  -13.0090  -12.6864  -12.6331  -12.6014  -12.3776  -12.3400
 -12.2600  -12.1334  -11.9434  -11.2183  -10.7318  -10.3839   -9.9385   -9.7253
  -0.8936   -0.7991   -0.5083   -0.1326    0.1663    0.2862    1.2283    1.6737
   2.0949    2.2138    2.2904    2.3917    2.6126    2.8515    3.0249    3.1356
   3.1825    3.2200    3.2782    3.3019    3.3766    3.4191    3.6949    3.7204
   3.7254    3.7359    3.7986    3.8670    3.8781    3.8937    3.9352    3.9921
   4.1012    4.1519    4.1630    4.2914    4.3889    4.4237    4.4368    4.5063
   4.5774    4.7231    4.8558    4.8660    4.8930    5.0001    5.3067    5.3162
   5.3503    5.4539    5.8399

 Heat of formation   =        -66.93395007 kcal/mol  (       -2.90247388 eV)

 Total SCF energy    =     -99472.82773009 kcal/mol  (    -4313.46549283 eV)
 Electronic energy   =    -740858.50915520 kcal/mol  (   -32126.03569469 eV)
 Core-core repulsion =     641385.68142511 kcal/mol  (    27812.57020186 eV)
 
    Atomic Charges for Step       1 :
  Atom    Element       Mulliken Charge
     1      O                 -0.930
     2      S                  2.860
     3      N                 -0.874
     4      C                  0.168
     5      C                 -0.868
     6      S                  2.815
     7      C                 -0.889
     8      O                 -0.926
     9      O                 -0.912
    10      C                 -0.172
    11      C                 -0.117
    12      C                 -0.078
    13      C                 -0.125
    14      C                 -0.128
    15      C                 -0.128
    16      C                 -0.125
    17      C                 -0.127
    18      C                 -0.834
    19      C                 -0.016
    20      C                 -0.157
    21      C                 -0.062
    22      C                 -0.155
    23      C                 -0.018
    24      O                 -0.929
    25      H                  0.249
    26      H                  0.168
    27      H                  0.165
    28      H                  0.166
    29      H                  0.204
    30      H                  0.100
    31      H                  0.102
    32      H                  0.089
    33      H                  0.088
    34      H                  0.130
    35      H                  0.132
    36      H                  0.133
    37      H                  0.135
    38      H                  0.132
    39      H                  0.158
    40      H                  0.143
    41      H                  0.140
    42      H                  0.144
    43      H                  0.147
 Total Mulliken Charge =       0.000
 
                  X        Y        Z     TOTAL  
  QM DIPOLE    -4.730    3.005    4.189    6.996
 
 Final Structure

  QMMM: QM Region Cartesian Coordinates (*=link atom) 
  QMMM: QM_NO.   MM_NO.  ATOM         X         Y         Z
  QMMM:     1        1      O        0.7884    7.7062   -3.4738
  QMMM:     2        2      S        0.5201    7.7198   -2.0914
  QMMM:     3        3      N       -0.2736    6.3755   -1.6347
  QMMM:     4        4      C       -1.4040    5.7159   -2.2239
  QMMM:     5        5      C       -1.3056    4.1500   -2.2109
  QMMM:     6        6      S       -1.4749    4.0409   -3.9279
  QMMM:     7        7      C       -1.4885    5.7611   -3.7865
  QMMM:     8        8      O       -2.7129    3.5312   -4.3047
  QMMM:     9        9      O       -0.3469    3.5330   -4.5544
  QMMM:    10       10      C       -2.7492    6.1680   -1.6280
  QMMM:    11       11      C       -2.8245    5.9784   -0.1254
  QMMM:    12       12      C       -4.2191    6.1352    0.3736
  QMMM:    13       13      C       -4.5741    7.2399    1.1551
  QMMM:    14       14      C       -5.8779    7.3741    1.6312
  QMMM:    15       15      C       -6.8364    6.4071    1.3309
  QMMM:    16       16      C       -6.4879    5.3027    0.5527
  QMMM:    17       17      C       -5.1857    5.1662    0.0765
  QMMM:    18       18      C       -0.5673    8.9675   -1.7739
  QMMM:    19       19      C       -0.4833    9.6971   -0.5812
  QMMM:    20       20      C       -1.3473   10.7607   -0.3320
  QMMM:    21       21      C       -2.3103   11.1108   -1.2788
  QMMM:    22       22      C       -2.4037   10.3968   -2.4747
  QMMM:    23       23      C       -1.5368    9.3348   -2.7160
  QMMM:    24       24      O        1.6267    7.8505   -1.2227
  QMMM:    25       25      H       -0.0176    5.9424   -0.7737
  QMMM:    26       26      H       -0.3425    3.7692   -1.8029
  QMMM:    27       27      H       -2.1185    3.6901   -1.6065
  QMMM:    28       28      H       -2.4118    6.2764   -4.1339
  QMMM:    29       29      H       -0.6294    6.2799   -4.2808
  QMMM:    30       30      H       -2.9135    7.2499   -1.8798
  QMMM:    31       31      H       -3.5672    5.5775   -2.1210
  QMMM:    32       32      H       -2.4509    4.9532    0.1452
  QMMM:    33       33      H       -2.1534    6.7195    0.3854
  QMMM:    34       34      H       -3.8220    8.0056    1.3967
  QMMM:    35       35      H       -6.1489    8.2451    2.2459
  QMMM:    36       36      H       -7.8643    6.5137    1.7070
  QMMM:    37       37      H       -7.2414    4.5375    0.3145
  QMMM:    38       38      H       -4.9129    4.2935   -0.5358
  QMMM:    39       39      H        0.2931    9.4326    0.1594
  QMMM:    40       40      H       -1.2652   11.3269    0.6078
  QMMM:    41       41      H       -2.9935   11.9523   -1.0854
  QMMM:    42       42      H       -3.1568   10.6754   -3.2268
  QMMM:    43       43      H       -1.5975    8.7786   -3.6686

           --------- Calculation Completed ----------

