            --------------------------------------------------------
                             AMBER SQM VERSION 14
 
                                     By
              Ross C. Walker, Michael F. Crowley, Scott Brozell,
                         Tim Giese, Andreas W. Goetz,
                        Tai-Sung Lee and David A. Case
 
            --------------------------------------------------------
 

--------------------------------------------------------------------------------
  QM CALCULATION INFO
--------------------------------------------------------------------------------

| QMMM: Citation for AMBER QMMM Run:
| QMMM: R.C. Walker, M.F. Crowley and D.A. Case, J. COMP. CHEM. 29:1019, 2008

QMMM: SINGLET STATE CALCULATION
QMMM: RHF CALCULATION, NO. OF DOUBLY OCCUPIED LEVELS = 46

| QMMM: *** Selected Hamiltonian *** 
| QMMM: AM1         

| QMMM: *** Parameter sets in use ***
| QMMM: O : M.J.S.DEWAR et al. JACS, 107, 3902, (1985)
| QMMM: C : M.J.S.DEWAR et al. JACS, 107, 3902, (1985)
| QMMM: N : M.J.S.DEWAR et al. JACS, 107, 3902, (1985)
| QMMM: S : M.J.S.DEWAR et al. INORG. CHEM., 29, 3881, (1990)
| QMMM: H : M.J.S.DEWAR et al. JACS, 107, 3902, (1985)

| QMMM: *** SCF convergence criteria ***
| QMMM: Energy change                :  0.1D-09 kcal/mol
| QMMM: Error matrix |FP-PF|         :  0.1D+00 au
| QMMM: Density matrix change        :  0.5D-06
| QMMM: Maximum number of SCF cycles :     1000

| QMMM: *** Diagonalization Routine Information ***
| QMMM: Pseudo diagonalizations are allowed.
| QMMM: Auto diagonalization routine selection is in use.
| QMMM:
| QMMM: Timing diagonalization routines:
| QMMM:                              norbs =       83
| QMMM:    diag iterations used for timing =       15
| QMMM:
| QMMM:              Internal diag routine = 0.016102 seconds
| QMMM:                 Dspev diag routine = 0.018116 seconds
| QMMM:                Dspevd diag routine = 0.011583 seconds
| QMMM:                Dspevx diag routine = 0.062098 seconds
| QMMM:                 Dsyev diag routine = 0.018475 seconds
| QMMM:                Dsyevd diag routine = 0.014120 seconds
| QMMM:                Dsyevr diag routine = 0.015625 seconds
| QMMM:
| QMMM:                Pseudo diag routine = 0.007374 seconds
| QMMM:
| QMMM: Using dspevd routine (diag_routine=3).

  QMMM: QM Region Cartesian Coordinates (*=link atom) 
  QMMM: QM_NO.   MM_NO.  ATOM         X         Y         Z
  QMMM:     1        1      O       -2.3280   -0.1730    0.0240
  QMMM:     2        2      C       -1.2660   -0.7640    0.0110
  QMMM:     3        3      C        0.0020   -0.0040    0.0020
  QMMM:     4        4      C       -0.0170    1.3920    0.0100
  QMMM:     5        5      C        1.1700    2.0940    0.0020
  QMMM:     6        6      C        2.3780    1.4190   -0.0130
  QMMM:     7        7      C        2.4030    0.0360   -0.0210
  QMMM:     8        8      C        1.2240   -0.6790   -0.0130
  QMMM:     9        9      N       -1.2450   -2.1110    0.0030
  QMMM:    10       10      S       -2.6650   -2.9620    0.0130
  QMMM:    11       11      C       -3.4930   -2.6120   -1.5030
  QMMM:    12       12      C       -4.3750   -1.5500   -1.5790
  QMMM:    13       13      C       -5.0210   -1.2720   -2.7690
  QMMM:    14       14      C       -4.7930   -2.0630   -3.8800
  QMMM:    15       15      C       -3.9150   -3.1280   -3.8020
  QMMM:    16       16      C       -3.2650   -3.4030   -2.6140
  QMMM:    17       17      O       -2.3090   -4.3370   -0.0330
  QMMM:    18       18      O       -3.4630   -2.4000    1.0450
  QMMM:    19       19      H       -0.9590    1.9200    0.0170
  QMMM:    20       20      H        1.1570    3.1740    0.0080
  QMMM:    21       21      H        3.3040    1.9740   -0.0190
  QMMM:    22       22      H        3.3490   -0.4860   -0.0330
  QMMM:    23       23      H        1.2450   -1.7590   -0.0200
  QMMM:    24       24      H       -0.3970   -2.5830   -0.0080
  QMMM:    25       25      H       -4.5560   -0.9350   -0.7100
  QMMM:    26       26      H       -5.7070   -0.4400   -2.8300
  QMMM:    27       27      H       -5.3010   -1.8490   -4.8090
  QMMM:    28       28      H       -3.7380   -3.7460   -4.6700
  QMMM:    29       29      H       -2.5800   -4.2350   -2.5530

--------------------------------------------------------------------------------
  RESULTS
--------------------------------------------------------------------------------

      iter         sqm energy              rms gradient
      ----    -------------------    -----------------------
xmin    10      -46.7508 kcal/mol        0.5759 kcal/(mol*A)
xmin    20      -46.8455 kcal/mol        0.2530 kcal/(mol*A)
xmin    30      -46.9055 kcal/mol        0.2906 kcal/(mol*A)
xmin    40      -46.9394 kcal/mol        0.4257 kcal/(mol*A)
xmin    50      -47.0274 kcal/mol        0.3142 kcal/(mol*A)
xmin    60      -47.1562 kcal/mol        0.4330 kcal/(mol*A)
xmin    70      -47.1958 kcal/mol        0.2788 kcal/(mol*A)
xmin    80      -47.3410 kcal/mol        0.4572 kcal/(mol*A)
xmin    90      -47.4524 kcal/mol        0.2225 kcal/(mol*A)
xmin   100      -47.4892 kcal/mol        0.1280 kcal/(mol*A)
xmin   110      -47.4982 kcal/mol        0.0771 kcal/(mol*A)
xmin   120      -47.5013 kcal/mol        0.0491 kcal/(mol*A)
xmin   130      -47.5042 kcal/mol        0.0319 kcal/(mol*A)
xmin   140      -47.5051 kcal/mol        0.0252 kcal/(mol*A)
xmin   150      -47.5053 kcal/mol        0.0249 kcal/(mol*A)
xmin   160      -47.5054 kcal/mol        0.0560 kcal/(mol*A)
xmin   170      -47.5055 kcal/mol        0.0036 kcal/(mol*A)
xmin   180      -47.5056 kcal/mol        0.0095 kcal/(mol*A)
xmin   190      -47.5057 kcal/mol        0.0125 kcal/(mol*A)
xmin   200      -47.5057 kcal/mol        0.0055 kcal/(mol*A)
xmin   210      -47.5057 kcal/mol        0.0016 kcal/(mol*A)
xmin   220      -47.5057 kcal/mol        0.0011 kcal/(mol*A)
xmin   230      -47.5057 kcal/mol        0.0012 kcal/(mol*A)
  ... geometry converged !
 
 Final MO eigenvalues (eV):
 -40.7543  -39.7582  -38.9103  -37.9648  -37.2041  -35.1193  -32.5286  -32.2010
 -31.9615  -31.8833  -25.6520  -24.5844  -23.7759  -23.7633  -22.3627  -20.4741
 -19.3916  -19.2745  -18.2895  -17.5262  -17.1792  -16.7393  -16.4647  -16.1963
 -15.6676  -15.4943  -15.2295  -15.0916  -14.7345  -14.5929  -14.0405  -13.8759
 -13.5701  -13.2894  -13.0103  -12.9142  -12.8159  -12.4637  -12.3939  -12.1717
 -11.7142  -11.4261  -10.5727  -10.2905  -10.2204  -10.1277   -0.7640   -0.4939
  -0.3718    0.0014    0.1409    1.0876    1.7035    2.3064    2.3963    2.8111
   3.0616    3.2863    3.4104    3.5097    3.5706    3.6133    3.6292    3.6576
   3.9046    3.9471    3.9842    4.0250    4.1368    4.3933    4.4074    4.5530
   4.6548    4.7590    4.8584    4.9302    4.9685    5.1033    5.1360    5.2297
   5.4799    5.5618    6.2326

 Heat of formation   =        -47.50569958 kcal/mol  (       -2.06000172 eV)

 Total SCF energy    =     -73268.92121999 kcal/mol  (    -3177.17883960 eV)
 Electronic energy   =    -435918.81570932 kcal/mol  (   -18902.85831964 eV)
 Core-core repulsion =     362649.89448933 kcal/mol  (    15725.67948005 eV)
 
    Atomic Charges for Step       1 :
  Atom    Element       Mulliken Charge
     1      O                 -0.340
     2      C                  0.383
     3      C                 -0.131
     4      C                 -0.074
     5      C                 -0.138
     6      C                 -0.101
     7      C                 -0.137
     8      C                 -0.097
     9      N                 -0.850
    10      S                  2.849
    11      C                 -0.847
    12      C                  0.004
    13      C                 -0.160
    14      C                 -0.059
    15      C                 -0.163
    16      C                 -0.014
    17      O                 -0.937
    18      O                 -0.906
    19      H                  0.155
    20      H                  0.141
    21      H                  0.139
    22      H                  0.141
    23      H                  0.139
    24      H                  0.251
    25      H                  0.172
    26      H                  0.145
    27      H                  0.137
    28      H                  0.142
    29      H                  0.157
 Total Mulliken Charge =      -0.000
 
                  X        Y        Z     TOTAL  
  QM DIPOLE     2.759    2.884   -4.036    5.676
 
 Final Structure

  QMMM: QM Region Cartesian Coordinates (*=link atom) 
  QMMM: QM_NO.   MM_NO.  ATOM         X         Y         Z
  QMMM:     1        1      O       -2.3336   -0.1125    0.1738
  QMMM:     2        2      C       -1.2500   -0.6975   -0.0031
  QMMM:     3        3      C        0.0513    0.0221    0.0437
  QMMM:     4        4      C        0.0926    1.3386   -0.4330
  QMMM:     5        5      C        1.2895    2.0520   -0.3990
  QMMM:     6        6      C        2.4417    1.4603    0.1193
  QMMM:     7        7      C        2.3968    0.1542    0.6080
  QMMM:     8        8      C        1.2046   -0.5682    0.5710
  QMMM:     9        9      N       -1.2367   -2.0649   -0.2813
  QMMM:    10       10      S       -2.4960   -3.1428   -0.2700
  QMMM:    11       11      C       -3.4295   -2.6841   -1.5801
  QMMM:    12       12      C       -4.3409   -1.6243   -1.4793
  QMMM:    13       13      C       -5.1548   -1.2783   -2.5558
  QMMM:    14       14      C       -5.0646   -1.9889   -3.7522
  QMMM:    15       15      C       -4.1599   -3.0463   -3.8691
  QMMM:    16       16      C       -3.3508   -3.3884   -2.7906
  QMMM:    17       17      O       -1.9074   -4.4017   -0.5337
  QMMM:    18       18      O       -3.2334   -3.0370    0.9160
  QMMM:    19       19      H       -0.8278    1.8027   -0.8223
  QMMM:    20       20      H        1.3215    3.0847   -0.7770
  QMMM:    21       21      H        3.3855    2.0254    0.1475
  QMMM:    22       22      H        3.3028   -0.3083    1.0273
  QMMM:    23       23      H        1.1806   -1.5906    0.9781
  QMMM:    24       24      H       -0.3309   -2.4236   -0.5004
  QMMM:    25       25      H       -4.4044   -1.0565   -0.5312
  QMMM:    26       26      H       -5.8666   -0.4450   -2.4585
  QMMM:    27       27      H       -5.7066   -1.7179   -4.6046
  QMMM:    28       28      H       -4.0890   -3.6104   -4.8109
  QMMM:    29       29      H       -2.6451   -4.2346   -2.8766

           --------- Calculation Completed ----------

