            --------------------------------------------------------
                             AMBER SQM VERSION 14
 
                                     By
              Ross C. Walker, Michael F. Crowley, Scott Brozell,
                         Tim Giese, Andreas W. Goetz,
                        Tai-Sung Lee and David A. Case
 
            --------------------------------------------------------
 

--------------------------------------------------------------------------------
  QM CALCULATION INFO
--------------------------------------------------------------------------------

| QMMM: Citation for AMBER QMMM Run:
| QMMM: R.C. Walker, M.F. Crowley and D.A. Case, J. COMP. CHEM. 29:1019, 2008

QMMM: SINGLET STATE CALCULATION
QMMM: RHF CALCULATION, NO. OF DOUBLY OCCUPIED LEVELS = 47

| QMMM: *** Selected Hamiltonian *** 
| QMMM: AM1         

| QMMM: *** Parameter sets in use ***
| QMMM: C : M.J.S.DEWAR et al. JACS, 107, 3902, (1985)
| QMMM: S : M.J.S.DEWAR et al. INORG. CHEM., 29, 3881, (1990)
| QMMM: N : M.J.S.DEWAR et al. JACS, 107, 3902, (1985)
| QMMM: O : M.J.S.DEWAR et al. JACS, 107, 3902, (1985)
| QMMM: H : M.J.S.DEWAR et al. JACS, 107, 3902, (1985)

| QMMM: *** SCF convergence criteria ***
| QMMM: Energy change                :  0.1D-09 kcal/mol
| QMMM: Error matrix |FP-PF|         :  0.1D+00 au
| QMMM: Density matrix change        :  0.5D-06
| QMMM: Maximum number of SCF cycles :     1000

| QMMM: *** Diagonalization Routine Information ***
| QMMM: Pseudo diagonalizations are allowed.
| QMMM: Auto diagonalization routine selection is in use.
| QMMM:
| QMMM: Timing diagonalization routines:
| QMMM:                              norbs =       85
| QMMM:    diag iterations used for timing =       15
| QMMM:
| QMMM:              Internal diag routine = 0.017037 seconds
| QMMM:                 Dspev diag routine = 0.018309 seconds
| QMMM:                Dspevd diag routine = 0.011899 seconds
| QMMM:                Dspevx diag routine = 0.065627 seconds
| QMMM:                 Dsyev diag routine = 0.018976 seconds
| QMMM:                Dsyevd diag routine = 0.014712 seconds
| QMMM:                Dsyevr diag routine = 0.016338 seconds
| QMMM:
| QMMM:                Pseudo diag routine = 0.007113 seconds
| QMMM:
| QMMM: Using dspevd routine (diag_routine=3).

  QMMM: QM Region Cartesian Coordinates (*=link atom) 
  QMMM: QM_NO.   MM_NO.  ATOM         X         Y         Z
  QMMM:     1        1      C        0.7360    1.5320    2.8910
  QMMM:     2        2      S        1.1370   -0.1820    2.4500
  QMMM:     3        3      N       -0.2040   -0.7260    1.6450
  QMMM:     4        4      C       -0.5590   -0.1540    0.3440
  QMMM:     5        5      C       -0.6880    1.3810    0.3540
  QMMM:     6        6      O        0.7050    1.3880   -0.0150
  QMMM:     7        7      C        0.6460    0.0660   -0.5890
  QMMM:     8        8      C       -1.7360   -0.8680   -0.3240
  QMMM:     9        9      C       -1.5680   -2.3810   -0.1690
  QMMM:    10       10      C       -2.7270   -3.0840   -0.8270
  QMMM:    11       11      C       -3.8650   -3.3740   -0.0970
  QMMM:    12       12      C       -4.9300   -4.0150   -0.7020
  QMMM:    13       13      C       -4.8530   -4.3760   -2.0340
  QMMM:    14       14      C       -3.7130   -4.0910   -2.7630
  QMMM:    15       15      C       -2.6510   -3.4450   -2.1600
  QMMM:    16       16      O        1.2010   -0.9940    3.6150
  QMMM:    17       17      O        2.1700   -0.2170    1.4750
  QMMM:    18       18      H       -0.2320    1.5610    3.3920
  QMMM:    19       19      H        1.5030    1.9240    3.5590
  QMMM:    20       20      H        0.6960    2.1390    1.9870
  QMMM:    21       21      H       -0.7530   -1.4240    2.0350
  QMMM:    22       22      H       -1.3510    1.7730   -0.4170
  QMMM:    23       23      H       -0.8850    1.8010    1.3410
  QMMM:    24       24      H        1.5080   -0.5570   -0.3510
  QMMM:    25       25      H        0.3910    0.0550   -1.6490
  QMMM:    26       26      H       -2.6670   -0.5550    0.1490
  QMMM:    27       27      H       -1.7630   -0.6120   -1.3830
  QMMM:    28       28      H       -0.6370   -2.6940   -0.6420
  QMMM:    29       29      H       -1.5420   -2.6370    0.8900
  QMMM:    30       30      H       -3.9230   -3.0960    0.9450
  QMMM:    31       31      H       -5.8200   -4.2380   -0.1330
  QMMM:    32       32      H       -5.6830   -4.8810   -2.5060
  QMMM:    33       33      H       -3.6530   -4.3730   -3.8040
  QMMM:    34       34      H       -1.7600   -3.2230   -2.7290

--------------------------------------------------------------------------------
  RESULTS
--------------------------------------------------------------------------------

      iter         sqm energy              rms gradient
      ----    -------------------    -----------------------
xmin    10      -70.6307 kcal/mol        0.3636 kcal/(mol*A)
xmin    20      -71.2063 kcal/mol        0.5078 kcal/(mol*A)
xmin    30      -71.3131 kcal/mol        0.2245 kcal/(mol*A)
xmin    40      -71.5021 kcal/mol        0.3386 kcal/(mol*A)
xmin    50      -71.5480 kcal/mol        0.0792 kcal/(mol*A)
xmin    60      -71.5648 kcal/mol        0.1400 kcal/(mol*A)
xmin    70      -71.5712 kcal/mol        0.0387 kcal/(mol*A)
xmin    80      -71.5771 kcal/mol        0.0553 kcal/(mol*A)
xmin    90      -71.5824 kcal/mol        0.0205 kcal/(mol*A)
xmin   100      -71.5840 kcal/mol        0.0322 kcal/(mol*A)
xmin   110      -71.5843 kcal/mol        0.0059 kcal/(mol*A)
xmin   120      -71.5844 kcal/mol        0.0050 kcal/(mol*A)
xmin   130      -71.5846 kcal/mol        0.0045 kcal/(mol*A)
xmin   140      -71.5847 kcal/mol        0.0140 kcal/(mol*A)
xmin   150      -71.5847 kcal/mol        0.0040 kcal/(mol*A)
xmin   160      -71.5848 kcal/mol        0.0021 kcal/(mol*A)
xmin   170      -71.5848 kcal/mol        0.0052 kcal/(mol*A)
xmin   180      -71.5848 kcal/mol        0.0050 kcal/(mol*A)
xmin   190      -71.5850 kcal/mol        0.0032 kcal/(mol*A)
xmin   200      -71.5850 kcal/mol        0.0050 kcal/(mol*A)
xmin   210      -71.5851 kcal/mol        0.0042 kcal/(mol*A)
xmin   220      -71.5851 kcal/mol        0.0028 kcal/(mol*A)
xmin   230      -71.5853 kcal/mol        0.0069 kcal/(mol*A)
xmin   240      -71.5853 kcal/mol        0.0028 kcal/(mol*A)
xmin   250      -71.5853 kcal/mol        0.0019 kcal/(mol*A)
xmin   260      -71.5854 kcal/mol        0.0057 kcal/(mol*A)
xmin   270      -71.5854 kcal/mol        0.0011 kcal/(mol*A)
xmin   280      -71.5854 kcal/mol        0.0022 kcal/(mol*A)
xmin   290      -71.5854 kcal/mol        0.0017 kcal/(mol*A)
xmin   300      -71.5854 kcal/mol        0.0013 kcal/(mol*A)
xmin   310      -71.5854 kcal/mol        0.0028 kcal/(mol*A)
xmin   320      -71.5854 kcal/mol        0.0021 kcal/(mol*A)
xmin   330      -71.5854 kcal/mol        0.0092 kcal/(mol*A)
  ... geometry converged !
 
 Final MO eigenvalues (eV):
 -41.4742  -39.7559  -38.0206  -37.2945  -36.7278  -34.6215  -31.6192  -31.2773
 -30.9692  -28.4076  -27.7464  -24.9206  -23.4244  -22.2949  -21.7779  -20.1942
 -18.9667  -18.1907  -17.8938  -17.4896  -17.2227  -16.6893  -16.4910  -16.3044
 -16.1617  -15.5845  -14.8965  -14.4849  -14.4589  -14.3281  -14.1972  -13.9644
 -13.7986  -13.5919  -13.2388  -13.0225  -12.9230  -12.8631  -12.5769  -12.4288
 -12.2233  -11.9949  -11.8019  -11.0370  -10.9945   -9.8620   -9.6456   -0.6703
   0.2487    0.3633    1.6185    2.1996    2.3127    2.6864    2.7252    2.8663
   3.0158    3.2319    3.3639    3.4764    3.5676    3.7766    3.8064    3.8162
   3.8534    3.9405    3.9585    4.0233    4.0869    4.2011    4.2157    4.2762
   4.3639    4.3663    4.4928    4.5946    4.6774    4.7527    4.9355    4.9451
   5.0738    5.3840    5.4314    5.5340    5.9188

 Heat of formation   =        -71.58539734 kcal/mol  (       -3.10417577 eV)

 Total SCF energy    =     -72225.46791061 kcal/mol  (    -3131.93130873 eV)
 Electronic energy   =    -448953.95429851 kcal/mol  (   -19468.10434493 eV)
 Core-core repulsion =     376728.48638790 kcal/mol  (    16336.17303620 eV)
 
    Atomic Charges for Step       1 :
  Atom    Element       Mulliken Charge
     1      C                 -0.954
     2      S                  2.826
     3      N                 -0.875
     4      C                  0.049
     5      C                 -0.067
     6      O                 -0.277
     7      C                 -0.061
     8      C                 -0.157
     9      C                 -0.122
    10      C                 -0.078
    11      C                 -0.128
    12      C                 -0.127
    13      C                 -0.129
    14      C                 -0.127
    15      C                 -0.124
    16      O                 -0.932
    17      O                 -0.934
    18      H                  0.153
    19      H                  0.163
    20      H                  0.165
    21      H                  0.248
    22      H                  0.105
    23      H                  0.097
    24      H                  0.128
    25      H                  0.110
    26      H                  0.092
    27      H                  0.106
    28      H                  0.097
    29      H                  0.093
    30      H                  0.129
    31      H                  0.132
    32      H                  0.133
    33      H                  0.133
    34      H                  0.132
 Total Mulliken Charge =       0.000
 
                  X        Y        Z     TOTAL  
  QM DIPOLE    -3.536    1.409   -1.161    3.979
 
 Final Structure

  QMMM: QM Region Cartesian Coordinates (*=link atom) 
  QMMM: QM_NO.   MM_NO.  ATOM         X         Y         Z
  QMMM:     1        1      C        1.3356    1.3244    2.6869
  QMMM:     2        2      S        1.0321   -0.3439    2.6099
  QMMM:     3        3      N       -0.4080   -0.4437    1.8655
  QMMM:     4        4      C       -0.7781   -0.0467    0.5445
  QMMM:     5        5      C       -1.0416    1.4988    0.3304
  QMMM:     6        6      O        0.0659    1.5866   -0.6025
  QMMM:     7        7      C        0.3820    0.1724   -0.5025
  QMMM:     8        8      C       -1.9263   -0.8680   -0.0438
  QMMM:     9        9      C       -1.5959   -2.3440   -0.1572
  QMMM:    10       10      C       -2.6691   -3.0804   -0.8810
  QMMM:    11       11      C       -3.8722   -3.3864   -0.2331
  QMMM:    12       12      C       -4.8751   -4.0830   -0.9043
  QMMM:    13       13      C       -4.6851   -4.4810   -2.2279
  QMMM:    14       14      C       -3.4882   -4.1809   -2.8775
  QMMM:    15       15      C       -2.4834   -3.4837   -2.2079
  QMMM:    16       16      O        0.8610   -0.8368    3.9208
  QMMM:    17       17      O        2.0557   -0.9305    1.8432
  QMMM:    18       18      H        0.5970    1.8856    3.3087
  QMMM:    19       19      H        2.3390    1.5169    3.1461
  QMMM:    20       20      H        1.3557    1.8203    1.6825
  QMMM:    21       21      H       -1.1706   -0.8509    2.3625
  QMMM:    22       22      H       -1.9989    1.7396   -0.1788
  QMMM:    23       23      H       -0.8596    2.1618    1.2030
  QMMM:    24       24      H        1.4277    0.0334   -0.1495
  QMMM:    25       25      H        0.2080   -0.3330   -1.4771
  QMMM:    26       26      H       -2.8465   -0.7335    0.5841
  QMMM:    27       27      H       -2.1544   -0.4569   -1.0635
  QMMM:    28       28      H       -0.6156   -2.4650   -0.6927
  QMMM:    29       29      H       -1.4717   -2.7902    0.8661
  QMMM:    30       30      H       -4.0222   -3.0769    0.8118
  QMMM:    31       31      H       -5.8169   -4.3208   -0.3883
  QMMM:    32       32      H       -5.4765   -5.0317   -2.7566
  QMMM:    33       33      H       -3.3341   -4.4957   -3.9201
  QMMM:    34       34      H       -1.5395   -3.2530   -2.7240

           --------- Calculation Completed ----------

