            --------------------------------------------------------
                             AMBER SQM VERSION 14
 
                                     By
              Ross C. Walker, Michael F. Crowley, Scott Brozell,
                         Tim Giese, Andreas W. Goetz,
                        Tai-Sung Lee and David A. Case
 
            --------------------------------------------------------
 

--------------------------------------------------------------------------------
  QM CALCULATION INFO
--------------------------------------------------------------------------------

| QMMM: Citation for AMBER QMMM Run:
| QMMM: R.C. Walker, M.F. Crowley and D.A. Case, J. COMP. CHEM. 29:1019, 2008

QMMM: SINGLET STATE CALCULATION
QMMM: RHF CALCULATION, NO. OF DOUBLY OCCUPIED LEVELS = 61

| QMMM: *** Selected Hamiltonian *** 
| QMMM: AM1         

| QMMM: *** Parameter sets in use ***
| QMMM: O : M.J.S.DEWAR et al. JACS, 107, 3902, (1985)
| QMMM: S : M.J.S.DEWAR et al. INORG. CHEM., 29, 3881, (1990)
| QMMM: N : M.J.S.DEWAR et al. JACS, 107, 3902, (1985)
| QMMM: C : M.J.S.DEWAR et al. JACS, 107, 3902, (1985)
| QMMM: H : M.J.S.DEWAR et al. JACS, 107, 3902, (1985)

| QMMM: *** SCF convergence criteria ***
| QMMM: Energy change                :  0.1D-09 kcal/mol
| QMMM: Error matrix |FP-PF|         :  0.1D+00 au
| QMMM: Density matrix change        :  0.5D-06
| QMMM: Maximum number of SCF cycles :     1000

| QMMM: *** Diagonalization Routine Information ***
| QMMM: Pseudo diagonalizations are allowed.
| QMMM: Auto diagonalization routine selection is in use.
| QMMM:
| QMMM: Timing diagonalization routines:
| QMMM:                              norbs =      111
| QMMM:    diag iterations used for timing =       10
| QMMM:
| QMMM:              Internal diag routine = 0.022906 seconds
| QMMM:                 Dspev diag routine = 0.024923 seconds
| QMMM:                Dspevd diag routine = 0.014142 seconds
| QMMM:                Dspevx diag routine = 0.074107 seconds
| QMMM:                 Dsyev diag routine = 0.026138 seconds
| QMMM:                Dsyevd diag routine = 0.017029 seconds
| QMMM:                Dsyevr diag routine = 0.018463 seconds
| QMMM:
| QMMM:                Pseudo diag routine = 0.010161 seconds
| QMMM:
| QMMM: Using dspevd routine (diag_routine=3).

  QMMM: QM Region Cartesian Coordinates (*=link atom) 
  QMMM: QM_NO.   MM_NO.  ATOM         X         Y         Z
  QMMM:     1        1      O        0.6050    1.8000    1.2450
  QMMM:     2        2      S        1.2790    0.5760    1.5010
  QMMM:     3        3      N        0.1140   -0.6000    1.5420
  QMMM:     4        4      C       -1.0990   -0.4020    2.3400
  QMMM:     5        5      C       -2.3390   -1.0490    1.7210
  QMMM:     6        6      S       -3.3720    0.2670    2.4240
  QMMM:     7        7      O       -4.1650    0.7600    1.2210
  QMMM:     8        8      C       -1.7270    0.9800    2.1480
  QMMM:     9        9      C       -0.8980   -0.7720    3.8110
  QMMM:    10       10      C       -0.1580   -2.1080    3.9050
  QMMM:    11       11      C        0.0390   -2.4720    5.3540
  QMMM:    12       12      C        1.1800   -2.0640    6.0200
  QMMM:    13       13      C        1.3590   -2.3940    7.3500
  QMMM:    14       14      C        0.4020   -3.1410    8.0120
  QMMM:    15       15      C       -0.7360   -3.5540    7.3440
  QMMM:    16       16      C       -0.9170   -3.2190    6.0150
  QMMM:    17       17      C        1.9470    0.7050    3.1260
  QMMM:    18       18      C        1.3850    1.5800    4.0370
  QMMM:    19       19      C        1.9060    1.6780    5.3130
  QMMM:    20       20      C        2.9960    0.9090    5.6760
  QMMM:    21       21      C        3.5620    0.0380    4.7630
  QMMM:    22       22      C        3.0370   -0.0640    3.4880
  QMMM:    23       23      O        2.3230    0.0770    0.6760
  QMMM:    24       24      H        0.2340   -1.4200    1.0380
  QMMM:    25       25      H       -2.3250   -1.0470    0.6310
  QMMM:    26       26      H       -2.5600   -2.0340    2.1330
  QMMM:    27       27      H       -1.4350    1.6950    2.9170
  QMMM:    28       28      H       -1.5940    1.3750    1.1400
  QMMM:    29       29      H       -0.3120    0.0040    4.3040
  QMMM:    30       30      H       -1.8690   -0.8590    4.3000
  QMMM:    31       31      H       -0.7450   -2.8830    3.4120
  QMMM:    32       32      H        0.8120   -2.0210    3.4160
  QMMM:    33       33      H        1.9290   -1.4840    5.5020
  QMMM:    34       34      H        2.2480   -2.0720    7.8710
  QMMM:    35       35      H        0.5440   -3.4030    9.0500
  QMMM:    36       36      H       -1.4830   -4.1380    7.8610
  QMMM:    37       37      H       -1.8060   -3.5420    5.4940
  QMMM:    38       38      H        0.5360    2.1840    3.7520
  QMMM:    39       39      H        1.4650    2.3590    6.0260
  QMMM:    40       40      H        3.4060    0.9890    6.6720
  QMMM:    41       41      H        4.4130   -0.5630    5.0460
  QMMM:    42       42      H        3.4790   -0.7440    2.7750

--------------------------------------------------------------------------------
  RESULTS
--------------------------------------------------------------------------------

      iter         sqm energy              rms gradient
      ----    -------------------    -----------------------
xmin    10      -35.1967 kcal/mol        1.5323 kcal/(mol*A)
xmin    20      -35.5944 kcal/mol        0.1254 kcal/(mol*A)
xmin    30      -35.6655 kcal/mol        0.1617 kcal/(mol*A)
xmin    40      -35.7424 kcal/mol        0.1488 kcal/(mol*A)
xmin    50      -35.7524 kcal/mol        0.0832 kcal/(mol*A)
xmin    60      -35.7716 kcal/mol        0.1948 kcal/(mol*A)
xmin    70      -35.7830 kcal/mol        0.0460 kcal/(mol*A)
xmin    80      -35.7860 kcal/mol        0.0508 kcal/(mol*A)
xmin    90      -35.7876 kcal/mol        0.0109 kcal/(mol*A)
xmin   100      -35.7889 kcal/mol        0.0212 kcal/(mol*A)
xmin   110      -35.7897 kcal/mol        0.0101 kcal/(mol*A)
xmin   120      -35.7903 kcal/mol        0.0037 kcal/(mol*A)
xmin   130      -35.7904 kcal/mol        0.0025 kcal/(mol*A)
xmin   140      -35.7904 kcal/mol        0.0023 kcal/(mol*A)
xmin   150      -35.7904 kcal/mol        0.0014 kcal/(mol*A)
xmin   160      -35.7904 kcal/mol        0.0006 kcal/(mol*A)
xmin   170      -35.7904 kcal/mol        0.0017 kcal/(mol*A)
xmin   180      -35.7904 kcal/mol        0.0016 kcal/(mol*A)
  ... geometry converged !
 
 Final MO eigenvalues (eV):
 -40.3444  -39.7951  -39.2088  -37.8759  -37.0086  -35.5982  -34.5828  -32.9847
 -32.4534  -32.0290  -31.6739  -29.9319  -28.1920  -25.4328  -24.6016  -23.8814
 -23.5049  -22.4410  -21.8433  -20.2212  -19.1836  -18.5352  -18.4198  -17.7597
 -17.7001  -17.2749  -16.7462  -16.6572  -16.3923  -16.1718  -15.7537  -15.7000
 -15.4708  -14.9829  -14.9453  -14.7488  -14.5880  -14.4273  -14.1914  -14.0043
 -13.7919  -13.6936  -13.4553  -13.3722  -12.9254  -12.8119  -12.7582  -12.5822
 -12.5159  -12.3440  -12.2420  -12.1686  -11.9705  -11.8426  -11.1124  -11.0664
 -10.6038  -10.2495   -9.9430   -9.8219   -9.6689   -0.6957   -0.3053   -0.0221
   0.1793    0.2823    0.6089    0.6486    1.9204    2.2368    2.5380    2.5637
   2.7147    3.0513    3.0959    3.2056    3.3879    3.3883    3.4415    3.5108
   3.5350    3.6911    3.7408    3.7624    3.7835    3.8378    3.8818    3.9226
   4.0299    4.0695    4.1366    4.2246    4.2527    4.2789    4.3279    4.4713
   4.5054    4.5621    4.6048    4.6609    4.8163    4.8382    4.8728    4.9045
   5.0009    5.2851    5.3083    5.3626    5.4376    5.4643    5.8448

 Heat of formation   =        -35.79045084 kcal/mol  (       -1.55199041 eV)

 Total SCF energy    =     -92092.55420014 kcal/mol  (    -3993.43281732 eV)
 Electronic energy   =    -686639.44945453 kcal/mol  (   -29774.92083841 eV)
 Core-core repulsion =     594546.89525439 kcal/mol  (    25781.48802109 eV)
 
    Atomic Charges for Step       1 :
  Atom    Element       Mulliken Charge
     1      O                 -0.932
     2      S                  2.857
     3      N                 -0.877
     4      C                  0.143
     5      C                 -0.597
     6      S                  1.365
     7      O                 -0.750
     8      C                 -0.615
     9      C                 -0.168
    10      C                 -0.118
    11      C                 -0.075
    12      C                 -0.128
    13      C                 -0.128
    14      C                 -0.129
    15      C                 -0.127
    16      C                 -0.129
    17      C                 -0.823
    18      C                 -0.019
    19      C                 -0.157
    20      C                 -0.069
    21      C                 -0.161
    22      C                 -0.018
    23      O                 -0.929
    24      H                  0.248
    25      H                  0.145
    26      H                  0.128
    27      H                  0.131
    28      H                  0.179
    29      H                  0.097
    30      H                  0.090
    31      H                  0.088
    32      H                  0.090
    33      H                  0.135
    34      H                  0.131
    35      H                  0.133
    36      H                  0.132
    37      H                  0.128
    38      H                  0.160
    39      H                  0.143
    40      H                  0.138
    41      H                  0.142
    42      H                  0.147
 Total Mulliken Charge =       0.000
 
                  X        Y        Z     TOTAL  
  QM DIPOLE    -0.252   -3.288    7.693    8.370
 
 Final Structure

  QMMM: QM Region Cartesian Coordinates (*=link atom) 
  QMMM: QM_NO.   MM_NO.  ATOM         X         Y         Z
  QMMM:     1        1      O        0.5020    2.1528    1.3203
  QMMM:     2        2      S        1.1397    0.9067    1.4771
  QMMM:     3        3      N        0.0774   -0.3085    1.6273
  QMMM:     4        4      C       -1.1207   -0.3874    2.4218
  QMMM:     5        5      C       -2.2090   -1.3347    1.8252
  QMMM:     6        6      S       -3.4576   -0.0556    1.8640
  QMMM:     7        7      O       -3.7846    0.3032    0.4710
  QMMM:     8        8      C       -2.0308    0.8800    2.3810
  QMMM:     9        9      C       -0.8418   -0.7620    3.8909
  QMMM:    10       10      C       -0.0627   -2.0548    4.0377
  QMMM:    11       11      C       -0.0132   -2.4972    5.4590
  QMMM:    12       12      C        1.0419   -2.0963    6.2870
  QMMM:    13       13      C        1.0909   -2.5162    7.6152
  QMMM:    14       14      C        0.0884   -3.3397    8.1272
  QMMM:    15       15      C       -0.9646   -3.7433    7.3064
  QMMM:    16       16      C       -1.0159   -3.3244    5.9780
  QMMM:    17       17      C        1.9507    0.9187    2.9623
  QMMM:    18       18      C        1.7123    1.9299    3.9010
  QMMM:    19       19      C        2.4088    1.9640    5.1069
  QMMM:    20       20      C        3.3555    0.9792    5.3907
  QMMM:    21       21      C        3.6069   -0.0334    4.4636
  QMMM:    22       22      C        2.9110   -0.0568    3.2575
  QMMM:    23       23      O        2.0543    0.5225    0.4710
  QMMM:    24       24      H        0.2504   -1.1580    1.1366
  QMMM:    25       25      H       -1.9710   -1.7159    0.8099
  QMMM:    26       26      H       -2.4336   -2.1985    2.4825
  QMMM:    27       27      H       -2.1492    1.3535    3.3770
  QMMM:    28       28      H       -1.6943    1.6630    1.6633
  QMMM:    29       29      H       -0.2730    0.0729    4.3811
  QMMM:    30       30      H       -1.8262   -0.8565    4.4200
  QMMM:    31       31      H       -0.5361   -2.8550    3.4076
  QMMM:    32       32      H        0.9854   -1.9074    3.6578
  QMMM:    33       33      H        1.8357   -1.4461    5.8840
  QMMM:    34       34      H        1.9232   -2.1981    8.2601
  QMMM:    35       35      H        0.1288   -3.6714    9.1749
  QMMM:    36       36      H       -1.7554   -4.3947    7.7065
  QMMM:    37       37      H       -1.8456   -3.6473    5.3320
  QMMM:    38       38      H        0.9716    2.7166    3.6686
  QMMM:    39       39      H        2.2147    2.7688    5.8314
  QMMM:    40       40      H        3.9078    1.0037    6.3427
  QMMM:    41       41      H        4.3591   -0.8064    4.6804
  QMMM:    42       42      H        3.1287   -0.8430    2.5138

           --------- Calculation Completed ----------

