            --------------------------------------------------------
                             AMBER SQM VERSION 14
 
                                     By
              Ross C. Walker, Michael F. Crowley, Scott Brozell,
                         Tim Giese, Andreas W. Goetz,
                        Tai-Sung Lee and David A. Case
 
            --------------------------------------------------------
 

--------------------------------------------------------------------------------
  QM CALCULATION INFO
--------------------------------------------------------------------------------

| QMMM: Citation for AMBER QMMM Run:
| QMMM: R.C. Walker, M.F. Crowley and D.A. Case, J. COMP. CHEM. 29:1019, 2008

QMMM: SINGLET STATE CALCULATION
QMMM: RHF CALCULATION, NO. OF DOUBLY OCCUPIED LEVELS = 48

| QMMM: *** Selected Hamiltonian *** 
| QMMM: AM1         

| QMMM: *** Parameter sets in use ***
| QMMM: O : M.J.S.DEWAR et al. JACS, 107, 3902, (1985)
| QMMM: S : M.J.S.DEWAR et al. INORG. CHEM., 29, 3881, (1990)
| QMMM: N : M.J.S.DEWAR et al. JACS, 107, 3902, (1985)
| QMMM: C : M.J.S.DEWAR et al. JACS, 107, 3902, (1985)
| QMMM: H : M.J.S.DEWAR et al. JACS, 107, 3902, (1985)

| QMMM: *** SCF convergence criteria ***
| QMMM: Energy change                :  0.1D-09 kcal/mol
| QMMM: Error matrix |FP-PF|         :  0.1D+00 au
| QMMM: Density matrix change        :  0.5D-06
| QMMM: Maximum number of SCF cycles :     1000

| QMMM: *** Diagonalization Routine Information ***
| QMMM: Pseudo diagonalizations are allowed.
| QMMM: Auto diagonalization routine selection is in use.
| QMMM:
| QMMM: Timing diagonalization routines:
| QMMM:                              norbs =       85
| QMMM:    diag iterations used for timing =       15
| QMMM:
| QMMM:              Internal diag routine = 0.017684 seconds
| QMMM:                 Dspev diag routine = 0.019425 seconds
| QMMM:                Dspevd diag routine = 0.011974 seconds
| QMMM:                Dspevx diag routine = 0.066050 seconds
| QMMM:                 Dsyev diag routine = 0.019926 seconds
| QMMM:                Dsyevd diag routine = 0.015747 seconds
| QMMM:                Dsyevr diag routine = 0.016442 seconds
| QMMM:
| QMMM:                Pseudo diag routine = 0.007221 seconds
| QMMM:
| QMMM: Using dspevd routine (diag_routine=3).

  QMMM: QM Region Cartesian Coordinates (*=link atom) 
  QMMM: QM_NO.   MM_NO.  ATOM         X         Y         Z
  QMMM:     1        1      O       -2.4720    0.7810   -0.0170
  QMMM:     2        2      S       -1.4560    1.7740    0.0190
  QMMM:     3        3      N       -0.0110    0.9660    0.0070
  QMMM:     4        4      C        1.1840    1.6780   -0.0000
  QMMM:     5        5      N        1.3220    2.9790    0.0060
  QMMM:     6        6      O        2.4850    3.3070   -0.0030
  QMMM:     7        7      C        3.3030    2.2390   -0.0170
  QMMM:     8        8      C        4.7810    2.2540   -0.0310
  QMMM:     9        9      C        5.4940    1.0540   -0.0380
  QMMM:    10       10      C        6.8730    1.0750   -0.0550
  QMMM:    11       11      C        7.5500    2.2820   -0.0560
  QMMM:    12       12      C        6.8490    3.4750   -0.0430
  QMMM:    13       13      C        5.4700    3.4680   -0.0310
  QMMM:    14       14      C        2.4950    1.1370   -0.0100
  QMMM:    15       15      N       -1.5650    2.6050   -1.4100
  QMMM:    16       16      C       -2.1760    1.9720   -2.5810
  QMMM:    17       17      C       -1.0490    3.9730   -1.5030
  QMMM:    18       18      O       -1.3610    2.7520    1.0450
  QMMM:    19       19      H        0.0020   -0.0040    0.0020
  QMMM:    20       20      H        4.9670    0.1110   -0.0340
  QMMM:    21       21      H        7.4260    0.1470   -0.0650
  QMMM:    22       22      H        8.6300    2.2930   -0.0650
  QMMM:    23       23      H        7.3830    4.4130   -0.0440
  QMMM:    24       24      H        4.9240    4.3990   -0.0220
  QMMM:    25       25      H        2.7860    0.0980   -0.0130
  QMMM:    26       26      H       -3.2460    2.1800   -2.5890
  QMMM:    27       27      H       -1.7220    2.3690   -3.4880
  QMMM:    28       28      H       -2.0160    0.8940   -2.5360
  QMMM:    29       29      H       -0.0020    3.9460   -1.8080
  QMMM:    30       30      H       -1.6280    4.5300   -2.2390
  QMMM:    31       31      H       -1.1310    4.4590   -0.5310

--------------------------------------------------------------------------------
  RESULTS
--------------------------------------------------------------------------------

      iter         sqm energy              rms gradient
      ----    -------------------    -----------------------
xmin    10        6.0414 kcal/mol        0.8213 kcal/(mol*A)
xmin    20        5.5205 kcal/mol        0.5969 kcal/(mol*A)
xmin    30        5.2835 kcal/mol        0.1400 kcal/(mol*A)
xmin    40        5.2274 kcal/mol        0.1280 kcal/(mol*A)
xmin    50        5.2027 kcal/mol        0.0339 kcal/(mol*A)
xmin    60        5.1923 kcal/mol        0.1127 kcal/(mol*A)
xmin    70        5.1876 kcal/mol        0.0272 kcal/(mol*A)
xmin    80        5.1840 kcal/mol        0.1163 kcal/(mol*A)
xmin    90        5.1820 kcal/mol        0.0227 kcal/(mol*A)
xmin   100        5.1932 kcal/mol        0.5506 kcal/(mol*A)
xmin   110        5.1811 kcal/mol        0.0112 kcal/(mol*A)
xmin   120        5.1810 kcal/mol        0.0061 kcal/(mol*A)
xmin   130        5.1809 kcal/mol        0.0033 kcal/(mol*A)
xmin   140        5.1808 kcal/mol        0.0056 kcal/(mol*A)
xmin   150        5.1808 kcal/mol        0.0023 kcal/(mol*A)
xmin   160        5.1808 kcal/mol        0.0006 kcal/(mol*A)
xmin   170        5.1808 kcal/mol        0.0020 kcal/(mol*A)
  ... geometry converged !
 
 Final MO eigenvalues (eV):
 -42.5224  -39.8216  -38.0781  -37.9724  -37.1638  -36.9996  -34.0556  -32.2662
 -31.6487  -30.0713  -28.8635  -26.0270  -25.0096  -24.1831  -22.8784  -22.2674
 -20.2127  -19.3567  -19.0081  -18.4536  -17.7268  -17.1924  -17.0307  -16.8251
 -16.4674  -16.0075  -15.9525  -15.4383  -14.8763  -14.6669  -14.3927  -14.2846
 -14.0560  -13.6096  -13.5003  -13.3820  -13.2613  -12.9396  -12.7605  -12.6752
 -12.5916  -12.4453  -12.2427  -11.3721  -10.4906  -10.1757  -10.1516   -9.4361
  -0.8170   -0.7368    0.1001    0.5585    1.1350    1.4438    1.9282    2.5259
   2.5452    2.8620    3.0542    3.2226    3.4266    3.5199    3.5758    3.6081
   3.6907    3.9136    3.9559    3.9813    4.0207    4.2115    4.2543    4.2797
   4.3657    4.5481    4.5869    4.6533    4.7399    4.7541    5.0273    5.0879
   5.1188    5.2067    5.3502    5.5719    6.3794

 Heat of formation   =          5.18080365 kcal/mol  (        0.22465650 eV)

 Total SCF energy    =     -77493.46859463 kcal/mol  (    -3360.36896035 eV)
 Electronic energy   =    -463372.29294523 kcal/mol  (   -20093.33042562 eV)
 Core-core repulsion =     385878.82435059 kcal/mol  (    16732.96146527 eV)
 
    Atomic Charges for Step       1 :
  Atom    Element       Mulliken Charge
     1      O                 -0.926
     2      S                  2.805
     3      N                 -0.786
     4      C                  0.055
     5      N                 -0.093
     6      O                 -0.055
     7      C                  0.051
     8      C                 -0.045
     9      C                 -0.098
    10      C                 -0.135
    11      C                 -0.107
    12      C                 -0.134
    13      C                 -0.088
    14      C                 -0.248
    15      N                 -0.829
    16      C                 -0.073
    17      C                 -0.071
    18      O                 -0.903
    19      H                  0.259
    20      H                  0.136
    21      H                  0.138
    22      H                  0.137
    23      H                  0.140
    24      H                  0.154
    25      H                  0.177
    26      H                  0.088
    27      H                  0.073
    28      H                  0.100
    29      H                  0.084
    30      H                  0.077
    31      H                  0.117
 Total Mulliken Charge =       0.000
 
                  X        Y        Z     TOTAL  
  QM DIPOLE     4.507   -1.140   -3.235    5.664
 
 Final Structure

  QMMM: QM Region Cartesian Coordinates (*=link atom) 
  QMMM: QM_NO.   MM_NO.  ATOM         X         Y         Z
  QMMM:     1        1      O       -2.4418    0.6374   -0.0716
  QMMM:     2        2      S       -1.5393    1.7315    0.0101
  QMMM:     3        3      N       -0.0378    1.0221   -0.0742
  QMMM:     4        4      C        1.1835    1.6678   -0.1188
  QMMM:     5        5      N        1.3714    3.0132   -0.2707
  QMMM:     6        6      O        2.6663    3.2599   -0.2629
  QMMM:     7        7      C        3.4022    2.0573   -0.1092
  QMMM:     8        8      C        4.8389    2.1508   -0.0824
  QMMM:     9        9      C        5.6082    0.9832    0.0452
  QMMM:    10       10      C        6.9981    1.0643    0.0730
  QMMM:    11       11      C        7.6311    2.3039   -0.0251
  QMMM:    12       12      C        6.8708    3.4668   -0.1514
  QMMM:    13       13      C        5.4800    3.3956   -0.1804
  QMMM:    14       14      C        2.4999    1.0157   -0.0141
  QMMM:    15       15      N       -1.6632    2.6588   -1.3128
  QMMM:    16       16      C       -1.9630    2.1037   -2.5991
  QMMM:    17       17      C       -1.4083    4.0707   -1.2942
  QMMM:    18       18      O       -1.6352    2.5228    1.1727
  QMMM:    19       19      H        0.0448    0.0294   -0.0776
  QMMM:    20       20      H        5.1097    0.0053    0.1238
  QMMM:    21       21      H        7.5969    0.1469    0.1736
  QMMM:    22       22      H        8.7295    2.3639   -0.0021
  QMMM:    23       23      H        7.3689    4.4450   -0.2278
  QMMM:    24       24      H        4.8766    4.3121   -0.2785
  QMMM:    25       25      H        2.6809   -0.0448    0.1155
  QMMM:    26       26      H       -2.7982    2.6789   -3.0834
  QMMM:    27       27      H       -1.0659    2.1517   -3.2746
  QMMM:    28       28      H       -2.2866    1.0329   -2.4878
  QMMM:    29       29      H       -0.5469    4.3277   -1.9681
  QMMM:    30       30      H       -2.3174    4.6280   -1.6492
  QMMM:    31       31      H       -1.1652    4.4035   -0.2480

           --------- Calculation Completed ----------

