            --------------------------------------------------------
                             AMBER SQM VERSION 14
 
                                     By
              Ross C. Walker, Michael F. Crowley, Scott Brozell,
                         Tim Giese, Andreas W. Goetz,
                        Tai-Sung Lee and David A. Case
 
            --------------------------------------------------------
 

--------------------------------------------------------------------------------
  QM CALCULATION INFO
--------------------------------------------------------------------------------

| QMMM: Citation for AMBER QMMM Run:
| QMMM: R.C. Walker, M.F. Crowley and D.A. Case, J. COMP. CHEM. 29:1019, 2008

QMMM: SINGLET STATE CALCULATION
QMMM: RHF CALCULATION, NO. OF DOUBLY OCCUPIED LEVELS = 48

| QMMM: *** Selected Hamiltonian *** 
| QMMM: AM1         

| QMMM: *** Parameter sets in use ***
| QMMM: O : M.J.S.DEWAR et al. JACS, 107, 3902, (1985)
| QMMM: S : M.J.S.DEWAR et al. INORG. CHEM., 29, 3881, (1990)
| QMMM: N : M.J.S.DEWAR et al. JACS, 107, 3902, (1985)
| QMMM: C : M.J.S.DEWAR et al. JACS, 107, 3902, (1985)
| QMMM: H : M.J.S.DEWAR et al. JACS, 107, 3902, (1985)

| QMMM: *** SCF convergence criteria ***
| QMMM: Energy change                :  0.1D-09 kcal/mol
| QMMM: Error matrix |FP-PF|         :  0.1D+00 au
| QMMM: Density matrix change        :  0.5D-06
| QMMM: Maximum number of SCF cycles :     1000

| QMMM: *** Diagonalization Routine Information ***
| QMMM: Pseudo diagonalizations are allowed.
| QMMM: Auto diagonalization routine selection is in use.
| QMMM:
| QMMM: Timing diagonalization routines:
| QMMM:                              norbs =       85
| QMMM:    diag iterations used for timing =       15
| QMMM:
| QMMM:              Internal diag routine = 0.017105 seconds
| QMMM:                 Dspev diag routine = 0.018378 seconds
| QMMM:                Dspevd diag routine = 0.012190 seconds
| QMMM:                Dspevx diag routine = 0.064503 seconds
| QMMM:                 Dsyev diag routine = 0.019462 seconds
| QMMM:                Dsyevd diag routine = 0.015771 seconds
| QMMM:                Dsyevr diag routine = 0.016571 seconds
| QMMM:
| QMMM:                Pseudo diag routine = 0.006717 seconds
| QMMM:
| QMMM: Using dspevd routine (diag_routine=3).

  QMMM: QM Region Cartesian Coordinates (*=link atom) 
  QMMM: QM_NO.   MM_NO.  ATOM         X         Y         Z
  QMMM:     1        1      O       -2.4720    0.7810   -0.0170
  QMMM:     2        2      S       -1.4560    1.7740    0.0190
  QMMM:     3        3      N       -0.0110    0.9660    0.0070
  QMMM:     4        4      C        1.1950    1.6840   -0.0000
  QMMM:     5        5      N        1.3350    3.0170    0.0060
  QMMM:     6        6      N        2.5880    3.3090   -0.0050
  QMMM:     7        7      C        2.4510    1.1660   -0.0100
  QMMM:     8        8      N        3.2980    2.2360   -0.0180
  QMMM:     9        9      C        4.6990    2.1770   -0.0320
  QMMM:    10       10      C        5.3430    0.9470   -0.0410
  QMMM:    11       11      C        6.7230    0.8920   -0.0610
  QMMM:    12       12      C        7.4630    2.0600   -0.0620
  QMMM:    13       13      C        6.8250    3.2870   -0.0480
  QMMM:    14       14      C        5.4450    3.3480   -0.0330
  QMMM:    15       15      N       -1.5650    2.6050   -1.4100
  QMMM:    16       16      C       -2.1760    1.9720   -2.5810
  QMMM:    17       17      C       -1.0490    3.9730   -1.5030
  QMMM:    18       18      O       -1.3610    2.7520    1.0450
  QMMM:    19       19      H        0.0020   -0.0040    0.0020
  QMMM:    20       20      H        2.7230    0.1210   -0.0120
  QMMM:    21       21      H        4.7660    0.0350   -0.0350
  QMMM:    22       22      H        7.2250   -0.0640   -0.0720
  QMMM:    23       23      H        8.5420    2.0150   -0.0730
  QMMM:    24       24      H        7.4050    4.1970   -0.0490
  QMMM:    25       25      H        4.9470    4.3060   -0.0230
  QMMM:    26       26      H       -3.2460    2.1800   -2.5890
  QMMM:    27       27      H       -1.7220    2.3690   -3.4880
  QMMM:    28       28      H       -2.0160    0.8940   -2.5360
  QMMM:    29       29      H       -0.0020    3.9460   -1.8080
  QMMM:    30       30      H       -1.6280    4.5300   -2.2390
  QMMM:    31       31      H       -1.1310    4.4590   -0.5310

--------------------------------------------------------------------------------
  RESULTS
--------------------------------------------------------------------------------

      iter         sqm energy              rms gradient
      ----    -------------------    -----------------------
xmin    10       63.0012 kcal/mol        1.3172 kcal/(mol*A)
xmin    20       62.2590 kcal/mol        0.3220 kcal/(mol*A)
xmin    30       61.5711 kcal/mol        0.4713 kcal/(mol*A)
xmin    40       61.3971 kcal/mol        0.3635 kcal/(mol*A)
xmin    50       61.2124 kcal/mol        0.2718 kcal/(mol*A)
xmin    60       61.1663 kcal/mol        0.0747 kcal/(mol*A)
xmin    70       61.1463 kcal/mol        0.0593 kcal/(mol*A)
xmin    80       61.1396 kcal/mol        0.0714 kcal/(mol*A)
xmin    90       61.1384 kcal/mol        0.0321 kcal/(mol*A)
xmin   100       61.1381 kcal/mol        0.0157 kcal/(mol*A)
xmin   110       61.1375 kcal/mol        0.0299 kcal/(mol*A)
xmin   120       61.1374 kcal/mol        0.0036 kcal/(mol*A)
xmin   130       61.1373 kcal/mol        0.0137 kcal/(mol*A)
xmin   140       61.1373 kcal/mol        0.0057 kcal/(mol*A)
xmin   150       61.1373 kcal/mol        0.0009 kcal/(mol*A)
xmin   160       61.1372 kcal/mol        0.0015 kcal/(mol*A)
  ... geometry converged !
 
 Final MO eigenvalues (eV):
 -42.6443  -39.8163  -37.9352  -37.7987  -36.9895  -36.6007  -34.9423  -32.1824
 -31.0399  -29.7330  -28.7483  -25.8776  -25.0855  -24.3145  -22.7915  -22.6081
 -20.5354  -19.6172  -18.8303  -18.4538  -17.9926  -17.2772  -16.9983  -16.8699
 -16.3989  -15.9265  -15.7821  -15.2977  -15.2700  -14.7773  -14.2923  -14.0585
 -13.4581  -13.3323  -13.2948  -13.2263  -13.1083  -12.9544  -12.7939  -12.6232
 -12.5443  -12.4438  -12.1214  -11.8101  -10.3433  -10.3163  -10.0425   -9.2218
  -0.6057   -0.5585   -0.0629    0.5347    0.7867    1.0787    1.7324    2.3087
   2.6664    3.0223    3.1191    3.3004    3.3171    3.5015    3.6113    3.6364
   3.7355    3.7652    3.8382    4.0457    4.0769    4.1690    4.2350    4.3460
   4.3934    4.5184    4.6609    4.7900    4.8644    4.8883    4.9331    5.0974
   5.1869    5.2115    5.5204    5.6336    6.9988

 Heat of formation   =         61.13724891 kcal/mol  (        2.65111005 eV)

 Total SCF energy    =     -76692.80901587 kcal/mol  (    -3325.64975569 eV)
 Electronic energy   =    -464428.25695064 kcal/mol  (   -20139.12046098 eV)
 Core-core repulsion =     387735.44793477 kcal/mol  (    16813.47070529 eV)
 
    Atomic Charges for Step       1 :
  Atom    Element       Mulliken Charge
     1      O                 -0.930
     2      S                  2.809
     3      N                 -0.781
     4      C                 -0.007
     5      N                 -0.125
     6      N                  0.037
     7      C                 -0.174
     8      N                 -0.112
     9      C                  0.061
    10      C                 -0.141
    11      C                 -0.115
    12      C                 -0.127
    13      C                 -0.116
    14      C                 -0.116
    15      N                 -0.827
    16      C                 -0.071
    17      C                 -0.068
    18      O                 -0.906
    19      H                  0.256
    20      H                  0.199
    21      H                  0.141
    22      H                  0.140
    23      H                  0.140
    24      H                  0.143
    25      H                  0.161
    26      H                  0.087
    27      H                  0.071
    28      H                  0.098
    29      H                  0.083
    30      H                  0.075
    31      H                  0.117
 Total Mulliken Charge =       0.000
 
                  X        Y        Z     TOTAL  
  QM DIPOLE     5.227   -2.063   -2.792    6.275
 
 Final Structure

  QMMM: QM Region Cartesian Coordinates (*=link atom) 
  QMMM: QM_NO.   MM_NO.  ATOM         X         Y         Z
  QMMM:     1        1      O       -2.4314    0.7981    0.2082
  QMMM:     2        2      S       -1.4853    1.8525    0.0811
  QMMM:     3        3      N       -0.0294    1.0704   -0.0327
  QMMM:     4        4      C        1.2071    1.6750   -0.1529
  QMMM:     5        5      N        1.4039    3.0412   -0.5508
  QMMM:     6        6      N        2.6433    3.3031   -0.5612
  QMMM:     7        7      C        2.4947    1.1368    0.0719
  QMMM:     8        8      N        3.3622    2.2103   -0.2099
  QMMM:     9        9      C        4.7811    2.1583   -0.1134
  QMMM:    10       10      C        5.4521    0.9333   -0.3099
  QMMM:    11       11      C        6.8391    0.8828   -0.2056
  QMMM:    12       12      C        7.5719    2.0337    0.0818
  QMMM:    13       13      C        6.9106    3.2465    0.2673
  QMMM:    14       14      C        5.5228    3.3219    0.1750
  QMMM:    15       15      N       -1.6992    2.6148   -1.3346
  QMMM:    16       16      C       -2.0984    1.9112   -2.5165
  QMMM:    17       17      C       -1.4236    4.0113   -1.5117
  QMMM:    18       18      O       -1.4598    2.7852    1.1390
  QMMM:    19       19      H        0.0177    0.0772    0.0001
  QMMM:    20       20      H        2.8347    0.1585    0.3974
  QMMM:    21       21      H        4.8930    0.0164   -0.5508
  QMMM:    22       22      H        7.3572   -0.0764   -0.3568
  QMMM:    23       23      H        8.6680    1.9843    0.1602
  QMMM:    24       24      H        7.4853    4.1583    0.4916
  QMMM:    25       25      H        5.0204    4.2907    0.3258
  QMMM:    26       26      H       -2.9541    2.4437   -3.0136
  QMMM:    27       27      H       -1.2503    1.8481   -3.2515
  QMMM:    28       28      H       -2.4343    0.8726   -2.2480
  QMMM:    29       29      H       -0.6120    4.1637   -2.2734
  QMMM:    30       30      H       -2.3492    4.5411   -1.8667
  QMMM:    31       31      H       -1.0981    4.4652   -0.5361

           --------- Calculation Completed ----------

