            --------------------------------------------------------
                             AMBER SQM VERSION 14
 
                                     By
              Ross C. Walker, Michael F. Crowley, Scott Brozell,
                         Tim Giese, Andreas W. Goetz,
                        Tai-Sung Lee and David A. Case
 
            --------------------------------------------------------
 

--------------------------------------------------------------------------------
  QM CALCULATION INFO
--------------------------------------------------------------------------------

| QMMM: Citation for AMBER QMMM Run:
| QMMM: R.C. Walker, M.F. Crowley and D.A. Case, J. COMP. CHEM. 29:1019, 2008

QMMM: SINGLET STATE CALCULATION
QMMM: RHF CALCULATION, NO. OF DOUBLY OCCUPIED LEVELS = 47

| QMMM: *** Selected Hamiltonian *** 
| QMMM: AM1         

| QMMM: *** Parameter sets in use ***
| QMMM: O : M.J.S.DEWAR et al. JACS, 107, 3902, (1985)
| QMMM: S : M.J.S.DEWAR et al. INORG. CHEM., 29, 3881, (1990)
| QMMM: C : M.J.S.DEWAR et al. JACS, 107, 3902, (1985)
| QMMM: N : M.J.S.DEWAR et al. JACS, 107, 3902, (1985)
| QMMM: H : M.J.S.DEWAR et al. JACS, 107, 3902, (1985)

| QMMM: *** SCF convergence criteria ***
| QMMM: Energy change                :  0.1D-09 kcal/mol
| QMMM: Error matrix |FP-PF|         :  0.1D+00 au
| QMMM: Density matrix change        :  0.5D-06
| QMMM: Maximum number of SCF cycles :     1000

| QMMM: *** Diagonalization Routine Information ***
| QMMM: Pseudo diagonalizations are allowed.
| QMMM: Auto diagonalization routine selection is in use.
| QMMM:
| QMMM: Timing diagonalization routines:
| QMMM:                              norbs =       85
| QMMM:    diag iterations used for timing =       15
| QMMM:
| QMMM:              Internal diag routine = 0.017112 seconds
| QMMM:                 Dspev diag routine = 0.018694 seconds
| QMMM:                Dspevd diag routine = 0.011785 seconds
| QMMM:                Dspevx diag routine = 0.065414 seconds
| QMMM:                 Dsyev diag routine = 0.019370 seconds
| QMMM:                Dsyevd diag routine = 0.014632 seconds
| QMMM:                Dsyevr diag routine = 0.016415 seconds
| QMMM:
| QMMM:                Pseudo diag routine = 0.006896 seconds
| QMMM:
| QMMM: Using dspevd routine (diag_routine=3).

  QMMM: QM Region Cartesian Coordinates (*=link atom) 
  QMMM: QM_NO.   MM_NO.  ATOM         X         Y         Z
  QMMM:     1        1      O        0.3230    2.7100   -4.4480
  QMMM:     2        2      S       -0.7930    2.5200   -3.5890
  QMMM:     3        3      C       -1.6280    4.0980   -3.2730
  QMMM:     4        4      C       -2.2950    4.5900   -4.5590
  QMMM:     5        5      C       -2.9890    5.9010   -4.2960
  QMMM:     6        6      C       -4.3100    5.9150   -3.8870
  QMMM:     7        7      C       -4.9450    7.1170   -3.6410
  QMMM:     8        8      C       -4.2630    8.3070   -3.8140
  QMMM:     9        9      C       -2.9440    8.2940   -4.2280
  QMMM:    10       10      C       -2.3070    7.0910   -4.4690
  QMMM:    11       11      N       -0.1220    2.1080   -2.1320
  QMMM:    12       12      C       -0.9820    1.8800   -0.9680
  QMMM:    13       13      C       -2.2400    1.0740   -1.3000
  QMMM:    14       14      C       -0.2270    1.3700    0.2730
  QMMM:    15       15      O       -1.0300    2.3110    1.0130
  QMMM:    16       16      C       -1.2580    3.1490   -0.1400
  QMMM:    17       17      O       -1.7440    1.4940   -3.8400
  QMMM:    18       18      H       -2.3860    3.9600   -2.5010
  QMMM:    19       19      H       -0.8980    4.8350   -2.9380
  QMMM:    20       20      H       -1.5380    4.7280   -5.3310
  QMMM:    21       21      H       -3.0250    3.8530   -4.8940
  QMMM:    22       22      H       -4.8440    4.9850   -3.7560
  QMMM:    23       23      H       -5.9750    7.1280   -3.3170
  QMMM:    24       24      H       -4.7600    9.2470   -3.6250
  QMMM:    25       25      H       -2.4110    9.2240   -4.3640
  QMMM:    26       26      H       -1.2770    7.0810   -4.7930
  QMMM:    27       27      H        0.8400    2.0170   -2.0490
  QMMM:    28       28      H       -2.8700    1.0030   -0.4140
  QMMM:    29       29      H       -2.7910    1.5720   -2.0980
  QMMM:    30       30      H       -1.9550    0.0740   -1.6250
  QMMM:    31       31      H       -0.4310    0.3280    0.5170
  QMMM:    32       32      H        0.8370    1.6060    0.2700
  QMMM:    33       33      H       -0.5090    3.9310   -0.2690
  QMMM:    34       34      H       -2.2790    3.5190   -0.2270

--------------------------------------------------------------------------------
  RESULTS
--------------------------------------------------------------------------------

      iter         sqm energy              rms gradient
      ----    -------------------    -----------------------
xmin    10      -70.4802 kcal/mol        0.4728 kcal/(mol*A)
xmin    20      -70.6055 kcal/mol        0.2989 kcal/(mol*A)
xmin    30      -70.6647 kcal/mol        0.4732 kcal/(mol*A)
xmin    40      -70.7787 kcal/mol        0.1835 kcal/(mol*A)
xmin    50      -70.8003 kcal/mol        0.1913 kcal/(mol*A)
xmin    60      -70.9610 kcal/mol        0.2712 kcal/(mol*A)
xmin    70      -71.0484 kcal/mol        0.1292 kcal/(mol*A)
xmin    80      -71.1249 kcal/mol        0.3206 kcal/(mol*A)
xmin    90      -71.1793 kcal/mol        0.1352 kcal/(mol*A)
xmin   100      -71.1952 kcal/mol        0.0510 kcal/(mol*A)
xmin   110      -71.2058 kcal/mol        0.0901 kcal/(mol*A)
xmin   120      -71.2153 kcal/mol        0.0488 kcal/(mol*A)
xmin   130      -71.2193 kcal/mol        0.0843 kcal/(mol*A)
xmin   140      -71.2211 kcal/mol        0.0421 kcal/(mol*A)
xmin   150      -71.2227 kcal/mol        0.0290 kcal/(mol*A)
xmin   160      -71.2237 kcal/mol        0.0199 kcal/(mol*A)
xmin   170      -71.2254 kcal/mol        0.0556 kcal/(mol*A)
xmin   180      -71.2262 kcal/mol        0.0234 kcal/(mol*A)
xmin   190      -71.2272 kcal/mol        0.0095 kcal/(mol*A)
xmin   200      -71.2289 kcal/mol        0.0120 kcal/(mol*A)
xmin   210      -71.2302 kcal/mol        0.0093 kcal/(mol*A)
xmin   220      -71.2305 kcal/mol        0.0135 kcal/(mol*A)
xmin   230      -71.2312 kcal/mol        0.0194 kcal/(mol*A)
xmin   240      -71.2315 kcal/mol        0.0055 kcal/(mol*A)
xmin   250      -71.2322 kcal/mol        0.0060 kcal/(mol*A)
xmin   260      -71.2327 kcal/mol        0.0560 kcal/(mol*A)
xmin   270      -71.2331 kcal/mol        0.0025 kcal/(mol*A)
xmin   280      -71.2332 kcal/mol        0.0423 kcal/(mol*A)
xmin   290      -71.2333 kcal/mol        0.0035 kcal/(mol*A)
xmin   300      -71.2334 kcal/mol        0.0032 kcal/(mol*A)
xmin   310      -71.2334 kcal/mol        0.0025 kcal/(mol*A)
xmin   320      -71.2335 kcal/mol        0.0048 kcal/(mol*A)
xmin   330      -71.2335 kcal/mol        0.0009 kcal/(mol*A)
xmin   340      -71.2335 kcal/mol        0.0015 kcal/(mol*A)
xmin   350      -71.2335 kcal/mol        0.0010 kcal/(mol*A)
xmin   360      -71.2335 kcal/mol        0.0029 kcal/(mol*A)
  ... geometry converged !
 
 Final MO eigenvalues (eV):
 -41.2240  -39.8409  -38.1128  -37.3529  -36.3528  -35.4844  -31.6030  -31.5414
 -30.7747  -27.6622  -27.1046  -25.5840  -23.4229  -22.3057  -21.6905  -20.2663
 -19.0087  -18.2862  -17.8127  -17.5629  -17.1260  -16.9678  -16.8307  -16.1134
 -16.0356  -14.9766  -14.8075  -14.6560  -14.3944  -14.2916  -14.1884  -13.9675
 -13.9225  -13.6197  -13.1475  -13.1114  -13.0505  -12.8653  -12.5413  -12.5228
 -12.0592  -11.8959  -11.8373  -10.9731  -10.9346   -9.8458   -9.6533   -0.7728
   0.2605    0.3790    1.6409    2.3444    2.3909    2.6149    2.6827    2.8865
   3.1309    3.2205    3.4007    3.5412    3.6700    3.7007    3.8354    3.8434
   3.9059    3.9755    3.9857    4.0455    4.0649    4.0903    4.1377    4.3567
   4.3888    4.4561    4.5047    4.5180    4.7893    4.8076    4.9444    4.9623
   5.0538    5.3955    5.4455    5.5474    5.9326

 Heat of formation   =        -71.23353323 kcal/mol  (       -3.08891779 eV)

 Total SCF energy    =     -72225.11604650 kcal/mol  (    -3131.91605076 eV)
 Electronic energy   =    -443686.20015859 kcal/mol  (   -19239.67738427 eV)
 Core-core repulsion =     371461.08411209 kcal/mol  (    16107.76133351 eV)
 
    Atomic Charges for Step       1 :
  Atom    Element       Mulliken Charge
     1      O                 -0.928
     2      S                  2.812
     3      C                 -0.857
     4      C                 -0.098
     5      C                 -0.073
     6      C                 -0.124
     7      C                 -0.128
     8      C                 -0.128
     9      C                 -0.128
    10      C                 -0.125
    11      N                 -0.876
    12      C                  0.049
    13      C                 -0.240
    14      C                 -0.052
    15      O                 -0.274
    16      C                 -0.054
    17      O                 -0.930
    18      H                  0.150
    19      H                  0.152
    20      H                  0.110
    21      H                  0.107
    22      H                  0.134
    23      H                  0.133
    24      H                  0.132
    25      H                  0.133
    26      H                  0.133
    27      H                  0.250
    28      H                  0.102
    29      H                  0.082
    30      H                  0.126
    31      H                  0.106
    32      H                  0.103
    33      H                  0.098
    34      H                  0.102
 Total Mulliken Charge =       0.000
 
                  X        Y        Z     TOTAL  
  QM DIPOLE    -1.624    2.218    2.151    3.491
 
 Final Structure

  QMMM: QM Region Cartesian Coordinates (*=link atom) 
  QMMM: QM_NO.   MM_NO.  ATOM         X         Y         Z
  QMMM:     1        1      O        0.2815    2.9687   -4.2229
  QMMM:     2        2      S       -0.8316    2.7406   -3.3848
  QMMM:     3        3      C       -1.7152    4.2117   -3.2577
  QMMM:     4        4      C       -2.2834    4.6149   -4.6052
  QMMM:     5        5      C       -3.0409    5.8926   -4.5191
  QMMM:     6        6      C       -4.4386    5.8853   -4.4528
  QMMM:     7        7      C       -5.1439    7.0858   -4.3785
  QMMM:     8        8      C       -4.4596    8.3008   -4.3698
  QMMM:     9        9      C       -3.0662    8.3136   -4.4373
  QMMM:    10       10      C       -2.3588    7.1153   -4.5119
  QMMM:    11       11      N       -0.2726    2.5201   -1.8800
  QMMM:    12       12      C       -0.9057    1.9241   -0.7456
  QMMM:    13       13      C       -2.3799    1.6026   -0.9135
  QMMM:    14       14      C       -0.1232    0.7168   -0.0912
  QMMM:    15       15      O        0.0561    1.4623    1.1412
  QMMM:    16       16      C       -0.6251    2.6385    0.6357
  QMMM:    17       17      O       -1.7234    1.7227   -3.7721
  QMMM:    18       18      H       -2.5639    4.1335   -2.5288
  QMMM:    19       19      H       -1.0754    5.0544   -2.8843
  QMMM:    20       20      H       -1.4393    4.7290   -5.3411
  QMMM:    21       21      H       -2.9555    3.7950   -4.9815
  QMMM:    22       22      H       -4.9827    4.9289   -4.4640
  QMMM:    23       23      H       -6.2426    7.0726   -4.3288
  QMMM:    24       24      H       -5.0170    9.2470   -4.3124
  QMMM:    25       25      H       -2.5241    9.2706   -4.4345
  QMMM:    26       26      H       -1.2601    7.1266   -4.5701
  QMMM:    27       27      H        0.6739    2.7637   -1.6804
  QMMM:    28       28      H       -2.7541    1.1336    0.0295
  QMMM:    29       29      H       -2.9742    2.5293   -1.1019
  QMMM:    30       30      H       -2.5460    0.8858   -1.7568
  QMMM:    31       31      H       -0.7381   -0.1902    0.0893
  QMMM:    32       32      H        0.8647    0.4697   -0.5346
  QMMM:    33       33      H        0.0718    3.5033    0.6147
  QMMM:    34       34      H       -1.5329    2.8509    1.2394

           --------- Calculation Completed ----------

