            --------------------------------------------------------
                             AMBER SQM VERSION 14
 
                                     By
              Ross C. Walker, Michael F. Crowley, Scott Brozell,
                         Tim Giese, Andreas W. Goetz,
                        Tai-Sung Lee and David A. Case
 
            --------------------------------------------------------
 

--------------------------------------------------------------------------------
  QM CALCULATION INFO
--------------------------------------------------------------------------------

| QMMM: Citation for AMBER QMMM Run:
| QMMM: R.C. Walker, M.F. Crowley and D.A. Case, J. COMP. CHEM. 29:1019, 2008

QMMM: SINGLET STATE CALCULATION
QMMM: RHF CALCULATION, NO. OF DOUBLY OCCUPIED LEVELS = 49

| QMMM: *** Selected Hamiltonian *** 
| QMMM: AM1         

| QMMM: *** Parameter sets in use ***
| QMMM: O : M.J.S.DEWAR et al. JACS, 107, 3902, (1985)
| QMMM: S : M.J.S.DEWAR et al. INORG. CHEM., 29, 3881, (1990)
| QMMM: C : M.J.S.DEWAR et al. JACS, 107, 3902, (1985)
| QMMM: N : M.J.S.DEWAR et al. JACS, 107, 3902, (1985)
| QMMM: H : M.J.S.DEWAR et al. JACS, 107, 3902, (1985)

| QMMM: *** SCF convergence criteria ***
| QMMM: Energy change                :  0.1D-09 kcal/mol
| QMMM: Error matrix |FP-PF|         :  0.1D+00 au
| QMMM: Density matrix change        :  0.5D-06
| QMMM: Maximum number of SCF cycles :     1000

| QMMM: *** Diagonalization Routine Information ***
| QMMM: Pseudo diagonalizations are allowed.
| QMMM: Auto diagonalization routine selection is in use.
| QMMM:
| QMMM: Timing diagonalization routines:
| QMMM:                              norbs =       89
| QMMM:    diag iterations used for timing =       15
| QMMM:
| QMMM:              Internal diag routine = 0.019170 seconds
| QMMM:                 Dspev diag routine = 0.020681 seconds
| QMMM:                Dspevd diag routine = 0.013095 seconds
| QMMM:                Dspevx diag routine = 0.070779 seconds
| QMMM:                 Dsyev diag routine = 0.021464 seconds
| QMMM:                Dsyevd diag routine = 0.016111 seconds
| QMMM:                Dsyevr diag routine = 0.017603 seconds
| QMMM:
| QMMM:                Pseudo diag routine = 0.008331 seconds
| QMMM:
| QMMM: Using dspevd routine (diag_routine=3).

  QMMM: QM Region Cartesian Coordinates (*=link atom) 
  QMMM: QM_NO.   MM_NO.  ATOM         X         Y         Z
  QMMM:     1        1      O       -0.5010    6.5100    0.4340
  QMMM:     2        2      S       -1.2790    5.6300    1.2340
  QMMM:     3        3      C       -2.3250    4.5240    0.2470
  QMMM:     4        4      C       -1.1160    3.6260   -0.0230
  QMMM:     5        5      N       -1.4690    2.2110   -0.1650
  QMMM:     6        6      C       -2.2440    1.8090   -1.1920
  QMMM:     7        7      C       -2.5150    0.3420   -1.4030
  QMMM:     8        8      O       -2.7260    2.6290   -1.9440
  QMMM:     9        9      C       -0.2380    4.1270   -1.1720
  QMMM:    10       10      C        1.0000    3.2360   -1.2950
  QMMM:    11       11      C        1.8040    3.6570   -2.4980
  QMMM:    12       12      C        1.5570    3.0800   -3.7300
  QMMM:    13       13      C        2.2910    3.4690   -4.8350
  QMMM:    14       14      C        3.2790    4.4270   -4.7060
  QMMM:    15       15      C        3.5290    5.0000   -3.4730
  QMMM:    16       16      C        2.7910    4.6150   -2.3690
  QMMM:    17       17      C       -0.5550    3.9700    1.3580
  QMMM:    18       18      O       -1.9050    6.0480    2.4390
  QMMM:    19       19      H       -2.7170    4.9960   -0.6540
  QMMM:    20       20      H       -3.1010    4.0320    0.8330
  QMMM:    21       21      H       -1.1460    1.5630    0.4810
  QMMM:    22       22      H       -1.7510   -0.0780   -2.0580
  QMMM:    23       23      H       -2.4930   -0.1730   -0.4420
  QMMM:    24       24      H       -3.4960    0.2160   -1.8600
  QMMM:    25       25      H       -0.8040    4.0940   -2.1030
  QMMM:    26       26      H        0.0720    5.1530   -0.9710
  QMMM:    27       27      H        1.6100    3.3360   -0.3970
  QMMM:    28       28      H        0.6890    2.1980   -1.4100
  QMMM:    29       29      H        0.7880    2.3280   -3.8300
  QMMM:    30       30      H        2.0960    3.0210   -5.7980
  QMMM:    31       31      H        3.8560    4.7280   -5.5680
  QMMM:    32       32      H        4.3010    5.7490   -3.3720
  QMMM:    33       33      H        2.9870    5.0620   -1.4060
  QMMM:    34       34      H       -0.9910    3.3720    2.1590
  QMMM:    35       35      H        0.5340    3.9790    1.3890

--------------------------------------------------------------------------------
  RESULTS
--------------------------------------------------------------------------------

      iter         sqm energy              rms gradient
      ----    -------------------    -----------------------
xmin    10      -70.0267 kcal/mol        0.9390 kcal/(mol*A)
xmin    20      -71.0409 kcal/mol        0.5338 kcal/(mol*A)
xmin    30      -71.1586 kcal/mol        0.3313 kcal/(mol*A)
xmin    40      -71.2250 kcal/mol        0.1277 kcal/(mol*A)
xmin    50      -71.2405 kcal/mol        0.0768 kcal/(mol*A)
xmin    60      -71.2526 kcal/mol        0.0679 kcal/(mol*A)
xmin    70      -71.2598 kcal/mol        0.0395 kcal/(mol*A)
xmin    80      -71.2629 kcal/mol        0.0253 kcal/(mol*A)
xmin    90      -71.2652 kcal/mol        0.0612 kcal/(mol*A)
xmin   100      -71.2705 kcal/mol        0.0661 kcal/(mol*A)
xmin   110      -71.2718 kcal/mol        0.0235 kcal/(mol*A)
xmin   120      -71.2741 kcal/mol        0.0166 kcal/(mol*A)
xmin   130      -71.2760 kcal/mol        0.0989 kcal/(mol*A)
xmin   140      -71.2814 kcal/mol        0.0372 kcal/(mol*A)
xmin   150      -71.2925 kcal/mol        0.2296 kcal/(mol*A)
xmin   160      -71.2997 kcal/mol        0.0505 kcal/(mol*A)
xmin   170      -71.3102 kcal/mol        0.0752 kcal/(mol*A)
xmin   180      -71.3120 kcal/mol        0.0408 kcal/(mol*A)
xmin   190      -71.3174 kcal/mol        0.0523 kcal/(mol*A)
xmin   200      -71.3208 kcal/mol        0.0259 kcal/(mol*A)
xmin   210      -71.3215 kcal/mol        0.0215 kcal/(mol*A)
xmin   220      -71.3219 kcal/mol        0.0576 kcal/(mol*A)
xmin   230      -71.3221 kcal/mol        0.0019 kcal/(mol*A)
xmin   240      -71.3222 kcal/mol        0.0030 kcal/(mol*A)
xmin   250      -71.3222 kcal/mol        0.0026 kcal/(mol*A)
xmin   260      -71.3222 kcal/mol        0.0015 kcal/(mol*A)
xmin   270      -71.3222 kcal/mol        0.0012 kcal/(mol*A)
  ... geometry converged !
 
 Final MO eigenvalues (eV):
 -40.9064  -39.6639  -38.5010  -38.1554  -37.7118  -34.5771  -33.7934  -31.5715
 -30.5079  -29.9628  -28.8621  -25.5441  -23.4044  -23.0026  -21.9504  -20.7255
 -19.7339  -18.5865  -18.0239  -17.7558  -17.5350  -17.2541  -16.7043  -16.4995
 -16.1472  -16.0110  -15.1162  -15.0855  -14.8660  -14.3856  -14.3090  -14.1152
 -13.8625  -13.7720  -13.4354  -13.3348  -13.2411  -13.2158  -13.1317  -12.6481
 -12.3766  -12.2513  -12.1649  -12.0211  -11.7600  -11.0925  -10.4717   -9.8110
  -9.5871   -0.6893    0.2972    0.4146    1.0294    1.3576    1.5907    2.4099
   2.4869    2.6289    2.7555    3.2769    3.3188    3.3626    3.3808    3.4938
   3.7214    3.7906    3.8481    3.8790    3.9019    3.9400    4.0143    4.0665
   4.1176    4.2063    4.2510    4.3294    4.4155    4.4314    4.5520    4.7046
   4.9578    4.9889    5.0057    5.4341    5.4806    5.5821    5.8231    5.9685
   6.7045

 Heat of formation   =        -71.32218513 kcal/mol  (       -3.09276203 eV)

 Total SCF energy    =     -75182.22772383 kcal/mol  (    -3260.14603546 eV)
 Electronic energy   =    -477285.07745804 kcal/mol  (   -20696.63403400 eV)
 Core-core repulsion =     402102.84973421 kcal/mol  (    17436.48799853 eV)
 
    Atomic Charges for Step       1 :
  Atom    Element       Mulliken Charge
     1      O                 -0.924
     2      S                  2.804
     3      C                 -0.860
     4      C                  0.149
     5      N                 -0.377
     6      C                  0.305
     7      C                 -0.244
     8      O                 -0.359
     9      C                 -0.172
    10      C                 -0.118
    11      C                 -0.078
    12      C                 -0.126
    13      C                 -0.126
    14      C                 -0.129
    15      C                 -0.127
    16      C                 -0.126
    17      C                 -0.861
    18      O                 -0.922
    19      H                  0.175
    20      H                  0.186
    21      H                  0.228
    22      H                  0.098
    23      H                  0.106
    24      H                  0.121
    25      H                  0.118
    26      H                  0.101
    27      H                  0.083
    28      H                  0.086
    29      H                  0.134
    30      H                  0.133
    31      H                  0.132
    32      H                  0.132
    33      H                  0.130
    34      H                  0.160
    35      H                  0.166
 Total Mulliken Charge =      -0.000
 
                  X        Y        Z     TOTAL  
  QM DIPOLE     2.802   -4.091   -0.808    5.024
 
 Final Structure

  QMMM: QM Region Cartesian Coordinates (*=link atom) 
  QMMM: QM_NO.   MM_NO.  ATOM         X         Y         Z
  QMMM:     1        1      O       -1.2814    6.6615    1.3371
  QMMM:     2        2      S       -1.7207    5.3466    1.4503
  QMMM:     3        3      C       -2.3025    4.6942   -0.0287
  QMMM:     4        4      C       -1.1095    3.6848   -0.1507
  QMMM:     5        5      N       -1.4992    2.2976   -0.0843
  QMMM:     6        6      C       -2.4130    1.7234   -0.9557
  QMMM:     7        7      C       -2.6259    0.2337   -0.8301
  QMMM:     8        8      O       -3.0534    2.4063   -1.7772
  QMMM:     9        9      C       -0.2597    4.0302   -1.3805
  QMMM:    10       10      C        1.0145    3.2134   -1.4699
  QMMM:    11       11      C        1.8716    3.6693   -2.5993
  QMMM:    12       12      C        1.4747    3.4336   -3.9215
  QMMM:    13       13      C        2.2791    3.8476   -4.9811
  QMMM:    14       14      C        3.4871    4.4992   -4.7301
  QMMM:    15       15      C        3.8876    4.7356   -3.4157
  QMMM:    16       16      C        3.0840    4.3229   -2.3535
  QMMM:    17       17      C       -0.4501    4.1975    1.1730
  QMMM:    18       18      O       -2.5015    5.0196    2.5533
  QMMM:    19       19      H       -2.3400    5.3844   -0.9025
  QMMM:    20       20      H       -3.2957    4.1872   -0.0030
  QMMM:    21       21      H       -0.9057    1.7038    0.4445
  QMMM:    22       22      H       -1.6750   -0.3178   -1.0245
  QMMM:    23       23      H       -2.9961   -0.0231    0.1917
  QMMM:    24       24      H       -3.3896   -0.0819   -1.5824
  QMMM:    25       25      H       -0.8829    3.8630   -2.3006
  QMMM:    26       26      H       -0.0019    5.1212   -1.3377
  QMMM:    27       27      H        1.5794    3.2903   -0.5022
  QMMM:    28       28      H        0.7636    2.1289   -1.6226
  QMMM:    29       29      H        0.5214    2.9212   -4.1205
  QMMM:    30       30      H        1.9600    3.6602   -6.0169
  QMMM:    31       31      H        4.1212    4.8257   -5.5670
  QMMM:    32       32      H        4.8390    5.2496   -3.2142
  QMMM:    33       33      H        3.4056    4.5128   -1.3188
  QMMM:    34       34      H       -0.3324    3.4171    1.9564
  QMMM:    35       35      H        0.5592    4.6266    0.9852

           --------- Calculation Completed ----------

