            --------------------------------------------------------
                             AMBER SQM VERSION 14
 
                                     By
              Ross C. Walker, Michael F. Crowley, Scott Brozell,
                         Tim Giese, Andreas W. Goetz,
                        Tai-Sung Lee and David A. Case
 
            --------------------------------------------------------
 

--------------------------------------------------------------------------------
  QM CALCULATION INFO
--------------------------------------------------------------------------------

| QMMM: Citation for AMBER QMMM Run:
| QMMM: R.C. Walker, M.F. Crowley and D.A. Case, J. COMP. CHEM. 29:1019, 2008

QMMM: SINGLET STATE CALCULATION
QMMM: RHF CALCULATION, NO. OF DOUBLY OCCUPIED LEVELS = 52

| QMMM: *** Selected Hamiltonian *** 
| QMMM: AM1         

| QMMM: *** Parameter sets in use ***
| QMMM: O : M.J.S.DEWAR et al. JACS, 107, 3902, (1985)
| QMMM: C : M.J.S.DEWAR et al. JACS, 107, 3902, (1985)
| QMMM: N : M.J.S.DEWAR et al. JACS, 107, 3902, (1985)
| QMMM: S : M.J.S.DEWAR et al. INORG. CHEM., 29, 3881, (1990)
| QMMM: H : M.J.S.DEWAR et al. JACS, 107, 3902, (1985)

| QMMM: *** SCF convergence criteria ***
| QMMM: Energy change                :  0.1D-09 kcal/mol
| QMMM: Error matrix |FP-PF|         :  0.1D+00 au
| QMMM: Density matrix change        :  0.5D-06
| QMMM: Maximum number of SCF cycles :     1000

| QMMM: *** Diagonalization Routine Information ***
| QMMM: Pseudo diagonalizations are allowed.
| QMMM: Auto diagonalization routine selection is in use.
| QMMM:
| QMMM: Timing diagonalization routines:
| QMMM:                              norbs =       95
| QMMM:    diag iterations used for timing =       15
| QMMM:
| QMMM:              Internal diag routine = 0.024684 seconds
| QMMM:                 Dspev diag routine = 0.028908 seconds
| QMMM:                Dspevd diag routine = 0.016350 seconds
| QMMM:                Dspevx diag routine = 0.081324 seconds
| QMMM:                 Dsyev diag routine = 0.029323 seconds
| QMMM:                Dsyevd diag routine = 0.019612 seconds
| QMMM:                Dsyevr diag routine = 0.020461 seconds
| QMMM:
| QMMM:                Pseudo diag routine = 0.009474 seconds
| QMMM:
| QMMM: Using dspevd routine (diag_routine=3).

  QMMM: QM Region Cartesian Coordinates (*=link atom) 
  QMMM: QM_NO.   MM_NO.  ATOM         X         Y         Z
  QMMM:     1        1      O       -2.0950    5.2000   -1.8760
  QMMM:     2        2      C       -1.1560    5.8190   -2.3290
  QMMM:     3        3      N       -0.0950    6.1010   -1.5470
  QMMM:     4        4      S       -0.0740    5.6020    0.0320
  QMMM:     5        5      C       -0.0500    3.8400    0.0220
  QMMM:     6        6      C        1.1560    3.1650    0.0080
  QMMM:     7        7      C        1.1750    1.7830    0.0000
  QMMM:     8        8      C       -0.0130    1.0760    0.0080
  QMMM:     9        9      C       -1.2190    1.7510    0.0170
  QMMM:    10       10      C       -1.2380    3.1330    0.0290
  QMMM:    11       11      O       -1.3240    5.9830    0.5900
  QMMM:    12       12      O        1.1750    6.0170    0.5680
  QMMM:    13       13      C       -1.1740    6.2730   -3.7660
  QMMM:    14       14      C       -2.4810    5.8270   -4.4240
  QMMM:    15       15      C       -2.5000    6.2810   -5.8610
  QMMM:    16       16      C       -3.0310    7.5150   -6.1900
  QMMM:    17       17      C       -3.0440    7.9330   -7.5070
  QMMM:    18       18      C       -2.5350    7.1130   -8.4970
  QMMM:    19       19      C       -2.0090    5.8780   -8.1700
  QMMM:    20       20      C       -1.9920    5.4620   -6.8520
  QMMM:    21       21      H        0.6570    6.5960   -1.9090
  QMMM:    22       22      H        2.0840    3.7180    0.0030
  QMMM:    23       23      H        2.1180    1.2560   -0.0110
  QMMM:    24       24      H        0.0020   -0.0040    0.0020
  QMMM:    25       25      H       -2.1470    1.1980    0.0190
  QMMM:    26       26      H       -2.1800    3.6600    0.0410
  QMMM:    27       27      H       -1.1000    7.3600   -3.8050
  QMMM:    28       28      H       -0.3310    5.8320   -4.2970
  QMMM:    29       29      H       -2.5560    4.7410   -4.3860
  QMMM:    30       30      H       -3.3250    6.2680   -3.8930
  QMMM:    31       31      H       -3.4320    8.1530   -5.4160
  QMMM:    32       32      H       -3.4550    8.8980   -7.7630
  QMMM:    33       33      H       -2.5490    7.4380   -9.5270
  QMMM:    34       34      H       -1.6120    5.2370   -8.9430
  QMMM:    35       35      H       -1.5810    4.4960   -6.5950

--------------------------------------------------------------------------------
  RESULTS
--------------------------------------------------------------------------------

      iter         sqm energy              rms gradient
      ----    -------------------    -----------------------
xmin    10      -61.9752 kcal/mol        0.2401 kcal/(mol*A)
xmin    20      -62.1762 kcal/mol        0.0915 kcal/(mol*A)
xmin    30      -62.1977 kcal/mol        0.0467 kcal/(mol*A)
xmin    40      -62.2114 kcal/mol        0.0543 kcal/(mol*A)
xmin    50      -62.2136 kcal/mol        0.0293 kcal/(mol*A)
xmin    60      -62.2152 kcal/mol        0.0235 kcal/(mol*A)
xmin    70      -62.2153 kcal/mol        0.0083 kcal/(mol*A)
xmin    80      -62.2156 kcal/mol        0.0167 kcal/(mol*A)
xmin    90      -62.2168 kcal/mol        0.0195 kcal/(mol*A)
xmin   100      -62.2173 kcal/mol        0.0063 kcal/(mol*A)
xmin   110      -62.2178 kcal/mol        0.0075 kcal/(mol*A)
xmin   120      -62.2188 kcal/mol        0.0110 kcal/(mol*A)
xmin   130      -62.2191 kcal/mol        0.0078 kcal/(mol*A)
xmin   140      -62.2193 kcal/mol        0.0069 kcal/(mol*A)
xmin   150      -62.2194 kcal/mol        0.0142 kcal/(mol*A)
xmin   160      -62.2197 kcal/mol        0.0261 kcal/(mol*A)
xmin   170      -62.2200 kcal/mol        0.0074 kcal/(mol*A)
xmin   180      -62.2196 kcal/mol        0.0153 kcal/(mol*A)
xmin   190      -62.2204 kcal/mol        0.0065 kcal/(mol*A)
xmin   200      -62.2205 kcal/mol        0.0019 kcal/(mol*A)
xmin   210      -62.2206 kcal/mol        0.0107 kcal/(mol*A)
xmin   220      -62.2207 kcal/mol        0.0029 kcal/(mol*A)
xmin   230      -62.2207 kcal/mol        0.0025 kcal/(mol*A)
xmin   240      -62.2208 kcal/mol        0.0020 kcal/(mol*A)
xmin   250      -62.2208 kcal/mol        0.0022 kcal/(mol*A)
xmin   260      -62.2208 kcal/mol        0.0021 kcal/(mol*A)
xmin   270      -62.2209 kcal/mol        0.0075 kcal/(mol*A)
xmin   280      -62.2209 kcal/mol        0.0022 kcal/(mol*A)
xmin   290      -62.2209 kcal/mol        0.0011 kcal/(mol*A)
xmin   290      -62.2209 kcal/mol        0.0005 kcal/(mol*A)
  ... geometry converged !
 
 Final MO eigenvalues (eV):
 -40.4176  -39.7857  -39.5441  -37.9978  -37.2238  -35.2196  -34.9727  -32.5044
 -31.9215  -31.6340  -30.7341  -26.2222  -24.6134  -23.7874  -23.4610  -22.8264
 -21.5941  -20.5258  -19.3367  -18.7578  -18.2980  -17.5432  -17.2308  -16.8476
 -16.6693  -16.1946  -15.8709  -15.6931  -15.5419  -15.4134  -14.6356  -14.4616
 -14.3814  -14.1900  -13.9922  -13.8638  -13.6174  -13.3165  -13.0093  -12.9355
 -12.8367  -12.4373  -12.4233  -12.2014  -12.1869  -11.8677  -11.7504  -11.4302
 -10.5971  -10.1540   -9.8793   -9.6773   -0.7837   -0.3979    0.1156    0.2248
   0.3457    0.7145    1.6752    2.2803    2.6504    2.8067    3.0438    3.2331
   3.3508    3.5392    3.5479    3.6023    3.6292    3.7631    3.8065    3.8521
   3.8909    3.9587    3.9690    4.0139    4.1329    4.1921    4.3457    4.3698
   4.5118    4.6315    4.6418    4.7380    4.9246    4.9341    4.9412    5.0949
   5.1132    5.3668    5.4194    5.5199    5.5377    5.9002    6.1753

 Heat of formation   =        -62.22091547 kcal/mol  (       -2.69810136 eV)

 Total SCF energy    =     -80457.34249894 kcal/mol  (    -3488.89217722 eV)
 Electronic energy   =    -506273.61403088 kcal/mol  (   -21953.67130787 eV)
 Core-core repulsion =     425816.27153194 kcal/mol  (    18464.77913065 eV)
 
    Atomic Charges for Step       1 :
  Atom    Element       Mulliken Charge
     1      O                 -0.341
     2      C                  0.335
     3      N                 -0.855
     4      S                  2.848
     5      C                 -0.847
     6      C                 -0.015
     7      C                 -0.163
     8      C                 -0.059
     9      C                 -0.160
    10      C                  0.004
    11      O                 -0.906
    12      O                 -0.937
    13      C                 -0.177
    14      C                 -0.117
    15      C                 -0.081
    16      C                 -0.123
    17      C                 -0.127
    18      C                 -0.128
    19      C                 -0.128
    20      C                 -0.128
    21      H                  0.248
    22      H                  0.157
    23      H                  0.142
    24      H                  0.137
    25      H                  0.145
    26      H                  0.172
    27      H                  0.116
    28      H                  0.111
    29      H                  0.107
    30      H                  0.108
    31      H                  0.134
    32      H                  0.133
    33      H                  0.133
    34      H                  0.132
    35      H                  0.130
 Total Mulliken Charge =      -0.000
 
                  X        Y        Z     TOTAL  
  QM DIPOLE     1.231   -2.666   -4.275    5.186
 
 Final Structure

  QMMM: QM Region Cartesian Coordinates (*=link atom) 
  QMMM: QM_NO.   MM_NO.  ATOM         X         Y         Z
  QMMM:     1        1      O       -2.3032    5.0675   -1.9101
  QMMM:     2        2      C       -1.3165    5.6457   -2.3960
  QMMM:     3        3      N       -0.1699    5.8327   -1.6215
  QMMM:     4        4      S        0.0719    5.4972   -0.0163
  QMMM:     5        5      C        0.0479    3.8258    0.0511
  QMMM:     6        6      C        1.2460    3.1005    0.1272
  QMMM:     7        7      C        1.2351    1.7138    0.2353
  QMMM:     8        8      C        0.0189    1.0282    0.2691
  QMMM:     9        9      C       -1.1812    1.7344    0.1942
  QMMM:    10       10      C       -1.1642    3.1232    0.0847
  QMMM:    11       11      O       -0.9594    6.0328    0.7657
  QMMM:    12       12      O        1.3792    5.9573    0.2662
  QMMM:    13       13      C       -1.2873    6.1675   -3.8175
  QMMM:    14       14      C       -2.6036    5.8978   -4.5225
  QMMM:    15       15      C       -2.5662    6.3845   -5.9282
  QMMM:    16       16      C       -3.2050    7.5778   -6.2832
  QMMM:    17       17      C       -3.1761    8.0240   -7.6038
  QMMM:    18       18      C       -2.5101    7.2827   -8.5793
  QMMM:    19       19      C       -1.8733    6.0911   -8.2316
  QMMM:    20       20      C       -1.9012    5.6430   -6.9125
  QMMM:    21       21      H        0.5863    6.2556   -2.1169
  QMMM:    22       22      H        2.2073    3.6456    0.1160
  QMMM:    23       23      H        2.1831    1.1592    0.2979
  QMMM:    24       24      H        0.0087   -0.0694    0.3562
  QMMM:    25       25      H       -2.1419    1.1989    0.2215
  QMMM:    26       26      H       -2.1153    3.6856    0.0171
  QMMM:    27       27      H       -1.0836    7.2713   -3.7989
  QMMM:    28       28      H       -0.4488    5.6717   -4.3757
  QMMM:    29       29      H       -2.8136    4.7941   -4.5044
  QMMM:    30       30      H       -3.4352    6.3953   -3.9546
  QMMM:    31       31      H       -3.7356    8.1637   -5.5176
  QMMM:    32       32      H       -3.6818    8.9623   -7.8755
  QMMM:    33       33      H       -2.4887    7.6352   -9.6208
  QMMM:    34       34      H       -1.3504    5.5025   -8.9996
  QMMM:    35       35      H       -1.4035    4.7002   -6.6407

           --------- Calculation Completed ----------

