            --------------------------------------------------------
                             AMBER SQM VERSION 14
 
                                     By
              Ross C. Walker, Michael F. Crowley, Scott Brozell,
                         Tim Giese, Andreas W. Goetz,
                        Tai-Sung Lee and David A. Case
 
            --------------------------------------------------------
 

--------------------------------------------------------------------------------
  QM CALCULATION INFO
--------------------------------------------------------------------------------

| QMMM: Citation for AMBER QMMM Run:
| QMMM: R.C. Walker, M.F. Crowley and D.A. Case, J. COMP. CHEM. 29:1019, 2008

QMMM: SINGLET STATE CALCULATION
QMMM: RHF CALCULATION, NO. OF DOUBLY OCCUPIED LEVELS = 58

| QMMM: *** Selected Hamiltonian *** 
| QMMM: AM1         

| QMMM: *** Parameter sets in use ***
| QMMM: O : M.J.S.DEWAR et al. JACS, 107, 3902, (1985)
| QMMM: S : M.J.S.DEWAR et al. INORG. CHEM., 29, 3881, (1990)
| QMMM: N : M.J.S.DEWAR et al. JACS, 107, 3902, (1985)
| QMMM: C : M.J.S.DEWAR et al. JACS, 107, 3902, (1985)
| QMMM: H : M.J.S.DEWAR et al. JACS, 107, 3902, (1985)

| QMMM: *** SCF convergence criteria ***
| QMMM: Energy change                :  0.1D-09 kcal/mol
| QMMM: Error matrix |FP-PF|         :  0.1D+00 au
| QMMM: Density matrix change        :  0.5D-06
| QMMM: Maximum number of SCF cycles :     1000

| QMMM: *** Diagonalization Routine Information ***
| QMMM: Pseudo diagonalizations are allowed.
| QMMM: Auto diagonalization routine selection is in use.
| QMMM:
| QMMM: Timing diagonalization routines:
| QMMM:                              norbs =      107
| QMMM:    diag iterations used for timing =       10
| QMMM:
| QMMM:              Internal diag routine = 0.020630 seconds
| QMMM:                 Dspev diag routine = 0.023855 seconds
| QMMM:                Dspevd diag routine = 0.012856 seconds
| QMMM:                Dspevx diag routine = 0.069410 seconds
| QMMM:                 Dsyev diag routine = 0.026401 seconds
| QMMM:                Dsyevd diag routine = 0.016602 seconds
| QMMM:                Dsyevr diag routine = 0.018003 seconds
| QMMM:
| QMMM:                Pseudo diag routine = 0.006469 seconds
| QMMM:
| QMMM: Using dspevd routine (diag_routine=3).

  QMMM: QM Region Cartesian Coordinates (*=link atom) 
  QMMM: QM_NO.   MM_NO.  ATOM         X         Y         Z
  QMMM:     1        1      O        1.1730    6.1240    0.4860
  QMMM:     2        2      S       -0.1340    5.7580    0.0650
  QMMM:     3        3      N       -0.1810    5.9950   -1.5740
  QMMM:     4        4      C       -1.4000    5.6860   -2.3240
  QMMM:     5        5      C       -2.6920    6.1780   -1.6430
  QMMM:     6        6      O       -2.7300    4.8740   -1.0280
  QMMM:     7        7      C       -1.9420    4.2660   -2.0720
  QMMM:     8        8      C       -1.3000    6.0540   -3.8060
  QMMM:     9        9      C       -0.6880    7.4500   -3.9440
  QMMM:    10       10      C       -0.5900    7.8130   -5.4030
  QMMM:    11       11      C        0.5510    7.5000   -6.1180
  QMMM:    12       12      C        0.6400    7.8290   -7.4570
  QMMM:    13       13      C       -0.4090    8.4800   -8.0800
  QMMM:    14       14      C       -1.5480    8.7980   -7.3630
  QMMM:    15       15      C       -1.6380    8.4640   -6.0250
  QMMM:    16       16      C       -1.2360    6.9240    0.7930
  QMMM:    17       17      C       -2.5130    6.5360    1.1530
  QMMM:    18       18      C       -3.3780    7.4510    1.7240
  QMMM:    19       19      C       -2.9660    8.7540    1.9350
  QMMM:    20       20      C       -1.6900    9.1430    1.5700
  QMMM:    21       21      C       -0.8240    8.2270    1.0030
  QMMM:    22       22      O       -0.6950    4.4740    0.3000
  QMMM:    23       23      H        0.5990    6.3400   -2.0360
  QMMM:    24       24      H       -2.5350    6.9940   -0.9380
  QMMM:    25       25      H       -3.5120    6.3620   -2.3360
  QMMM:    26       26      H       -2.5340    3.8670   -2.8950
  QMMM:    27       27      H       -1.1900    3.5650   -1.7080
  QMMM:    28       28      H       -0.6700    5.3290   -4.3190
  QMMM:    29       29      H       -2.2960    6.0490   -4.2490
  QMMM:    30       30      H       -1.3190    8.1760   -3.4300
  QMMM:    31       31      H        0.3080    7.4550   -3.5000
  QMMM:    32       32      H        1.3720    6.9950   -5.6300
  QMMM:    33       33      H        1.5300    7.5810   -8.0170
  QMMM:    34       34      H       -0.3380    8.7410   -9.1250
  QMMM:    35       35      H       -2.3670    9.3070   -7.8500
  QMMM:    36       36      H       -2.5280    8.7130   -5.4650
  QMMM:    37       37      H       -2.8350    5.5190    0.9890
  QMMM:    38       38      H       -4.3760    7.1490    2.0050
  QMMM:    39       39      H       -3.6420    9.4690    2.3800
  QMMM:    40       40      H       -1.3700   10.1610    1.7300
  QMMM:    41       41      H        0.1730    8.5300    0.7210

--------------------------------------------------------------------------------
  RESULTS
--------------------------------------------------------------------------------

      iter         sqm energy              rms gradient
      ----    -------------------    -----------------------
xmin    10      -39.4983 kcal/mol        0.7555 kcal/(mol*A)
xmin    20      -40.3351 kcal/mol        0.2713 kcal/(mol*A)
xmin    30      -40.3739 kcal/mol        0.2829 kcal/(mol*A)
xmin    40      -40.4776 kcal/mol        0.1929 kcal/(mol*A)
xmin    50      -40.5896 kcal/mol        0.1196 kcal/(mol*A)
xmin    60      -40.6382 kcal/mol        0.0966 kcal/(mol*A)
xmin    70      -40.6640 kcal/mol        0.0335 kcal/(mol*A)
xmin    80      -40.6756 kcal/mol        0.0277 kcal/(mol*A)
xmin    90      -40.6766 kcal/mol        0.0093 kcal/(mol*A)
xmin   100      -40.6770 kcal/mol        0.0164 kcal/(mol*A)
xmin   110      -40.6772 kcal/mol        0.0067 kcal/(mol*A)
xmin   120      -40.6773 kcal/mol        0.0062 kcal/(mol*A)
xmin   130      -40.6776 kcal/mol        0.0024 kcal/(mol*A)
xmin   140      -40.6777 kcal/mol        0.0036 kcal/(mol*A)
xmin   150      -40.6779 kcal/mol        0.0061 kcal/(mol*A)
xmin   160      -40.6821 kcal/mol        0.0254 kcal/(mol*A)
xmin   170      -40.6865 kcal/mol        0.0159 kcal/(mol*A)
xmin   180      -40.7012 kcal/mol        0.2077 kcal/(mol*A)
xmin   190      -40.7367 kcal/mol        0.1166 kcal/(mol*A)
xmin   200      -40.7535 kcal/mol        0.0223 kcal/(mol*A)
xmin   210      -40.7540 kcal/mol        0.0071 kcal/(mol*A)
xmin   220      -40.7544 kcal/mol        0.0072 kcal/(mol*A)
xmin   230      -40.7550 kcal/mol        0.0090 kcal/(mol*A)
xmin   240      -40.7554 kcal/mol        0.0131 kcal/(mol*A)
xmin   250      -40.7555 kcal/mol        0.0045 kcal/(mol*A)
xmin   260      -40.7555 kcal/mol        0.0008 kcal/(mol*A)
  ... geometry converged !
 
 Final MO eigenvalues (eV):
 -41.3002  -39.8073  -39.7047  -37.9062  -37.0837  -36.5935  -34.4980  -32.4734
 -31.9447  -31.6295  -31.0145  -28.3658  -27.5330  -24.8645  -24.5588  -23.7915
 -23.4431  -22.1207  -21.7760  -20.0887  -19.1791  -18.6628  -17.8747  -17.6654
 -17.2446  -16.9635  -16.9089  -16.5025  -16.3451  -16.0381  -15.6605  -15.6050
 -15.2173  -14.7178  -14.6009  -14.4352  -14.3105  -14.1755  -13.9449  -13.7256
 -13.4560  -13.3763  -13.1139  -12.8723  -12.8393  -12.7385  -12.4361  -12.4297
 -12.2882  -12.0295  -11.8957  -11.7793  -10.8702  -10.8077  -10.5200  -10.1655
  -9.8602   -9.6440   -0.6900   -0.3347    0.0788    0.2476    0.3645    1.8996
   2.3030    2.4033    2.5444    2.6856    2.9924    3.1266    3.2804    3.3598
   3.5223    3.5382    3.5969    3.6205    3.8064    3.8187    3.8615    3.9293
   3.9645    3.9967    4.0343    4.0773    4.1186    4.1766    4.2359    4.3399
   4.3584    4.4359    4.5074    4.5332    4.6093    4.6365    4.7183    4.8644
   4.9119    4.9325    4.9432    4.9540    5.0948    5.2783    5.3842    5.4288
   5.5215    5.5321    5.9183

 Heat of formation   =        -40.75548277 kcal/mol  (       -1.76729035 eV)

 Total SCF energy    =     -87609.58312930 kcal/mol  (    -3799.03660419 eV)
 Electronic energy   =    -618727.74747394 kcal/mol  (   -26830.04845731 eV)
 Core-core repulsion =     531118.16434465 kcal/mol  (    23031.01185311 eV)
 
    Atomic Charges for Step       1 :
  Atom    Element       Mulliken Charge
     1      O                 -0.935
     2      S                  2.857
     3      N                 -0.869
     4      C                  0.054
     5      C                 -0.068
     6      O                 -0.281
     7      C                 -0.063
     8      C                 -0.160
     9      C                 -0.124
    10      C                 -0.078
    11      C                 -0.124
    12      C                 -0.127
    13      C                 -0.129
    14      C                 -0.126
    15      C                 -0.128
    16      C                 -0.837
    17      C                 -0.014
    18      C                 -0.157
    19      C                 -0.064
    20      C                 -0.159
    21      C                 -0.017
    22      O                 -0.930
    23      H                  0.244
    24      H                  0.103
    25      H                  0.100
    26      H                  0.106
    27      H                  0.138
    28      H                  0.102
    29      H                  0.105
    30      H                  0.091
    31      H                  0.085
    32      H                  0.132
    33      H                  0.133
    34      H                  0.133
    35      H                  0.133
    36      H                  0.131
    37      H                  0.158
    38      H                  0.145
    39      H                  0.138
    40      H                  0.142
    41      H                  0.159
 Total Mulliken Charge =       0.000
 
                  X        Y        Z     TOTAL  
  QM DIPOLE    -1.887    3.789   -1.650    4.543
 
 Final Structure

  QMMM: QM Region Cartesian Coordinates (*=link atom) 
  QMMM: QM_NO.   MM_NO.  ATOM         X         Y         Z
  QMMM:     1        1      O        1.2239    6.3100    0.4149
  QMMM:     2        2      S       -0.1062    5.9309    0.1148
  QMMM:     3        3      N       -0.3899    6.4117   -1.4129
  QMMM:     4        4      C       -1.4360    6.0827   -2.3268
  QMMM:     5        5      C       -2.8266    6.8006   -2.1059
  QMMM:     6        6      O       -3.4846    5.5251   -1.8936
  QMMM:     7        7      C       -2.2616    4.7611   -2.0703
  QMMM:     8        8      C       -1.0062    6.1542   -3.7955
  QMMM:     9        9      C       -0.5344    7.5350   -4.2120
  QMMM:    10       10      C       -0.5279    7.6832   -5.6940
  QMMM:    11       11      C        0.6789    7.7171   -6.4009
  QMMM:    12       12      C        0.6768    7.8673   -7.7873
  QMMM:    13       13      C       -0.5290    7.9851   -8.4774
  QMMM:    14       14      C       -1.7356    7.9527   -7.7775
  QMMM:    15       15      C       -1.7359    7.8027   -6.3924
  QMMM:    16       16      C       -1.1525    6.8667    1.0451
  QMMM:    17       17      C       -2.5045    6.5260    1.1813
  QMMM:    18       18      C       -3.3506    7.2695    2.0003
  QMMM:    19       19      C       -2.8526    8.3723    2.6951
  QMMM:    20       20      C       -1.5088    8.7266    2.5680
  QMMM:    21       21      C       -0.6682    7.9772    1.7495
  QMMM:    22       22      O       -0.4299    4.5724    0.2927
  QMMM:    23       23      H        0.2662    7.0455   -1.8180
  QMMM:    24       24      H       -2.9195    7.4321   -1.1961
  QMMM:    25       25      H       -3.2378    7.3041   -3.0067
  QMMM:    26       26      H       -2.3437    4.1027   -2.9623
  QMMM:    27       27      H       -2.0355    4.1783   -1.1503
  QMMM:    28       28      H       -0.1964    5.4018   -3.9839
  QMMM:    29       29      H       -1.8916    5.8616   -4.4223
  QMMM:    30       30      H       -1.2148    8.3116   -3.7669
  QMMM:    31       31      H        0.4977    7.7270   -3.8129
  QMMM:    32       32      H        1.6338    7.6255   -5.8620
  QMMM:    33       33      H        1.6297    7.8929   -8.3361
  QMMM:    34       34      H       -0.5295    8.1036   -9.5707
  QMMM:    35       35      H       -2.6884    8.0462   -8.3190
  QMMM:    36       36      H       -2.6878    7.7782   -5.8408
  QMMM:    37       37      H       -2.9018    5.6536    0.6289
  QMMM:    38       38      H       -4.4087    6.9845    2.0990
  QMMM:    39       39      H       -3.5187    8.9610    3.3446
  QMMM:    40       40      H       -1.1119    9.5934    3.1169
  QMMM:    41       41      H        0.4001    8.2467    1.6625

           --------- Calculation Completed ----------

