-I: Adding /usr/local/opt/amber14/dat/leap/prep to search path.
-I: Adding /usr/local/opt/amber14/dat/leap/lib to search path.
-I: Adding /usr/local/opt/amber14/dat/leap/parm to search path.
-I: Adding /usr/local/opt/amber14/dat/leap/cmd to search path.
-f: Source tleap-commands.

Welcome to LEaP!
(no leaprc in search path)
Sourcing: ./tleap-commands
----- Source: /usr/local/opt/amber14/dat/leap/cmd/leaprc.gaff
----- Source of /usr/local/opt/amber14/dat/leap/cmd/leaprc.gaff done
Log file: ./leap.log
Loading parameters: /usr/local/opt/amber14/dat/leap/parm/gaff.dat
Reading title:
AMBER General Force Field for organic molecules (Version 1.7, Nov 2013)
----- Source: /usr/local/opt/amber14/dat/leap/cmd/leaprc.ff03.r1
----- Source of /usr/local/opt/amber14/dat/leap/cmd/leaprc.ff03.r1 done
Log file: ./leap.log
Loading parameters: /usr/local/opt/amber14/dat/leap/parm/parm99.dat
Reading title:
PARM99 for DNA,RNA,AA, organic molecules, TIP3P wat. Polariz.& LP incl.02/04/99
Loading parameters: /usr/local/opt/amber14/dat/leap/parm/frcmod.ff03
Reading force field modification type file (frcmod)
Reading title:
Duan et al ff03 phi psi torsions
Loading library: /usr/local/opt/amber14/dat/leap/lib/ions94.lib
Loading library: /usr/local/opt/amber14/dat/leap/lib/solvents.lib
Loading library: /usr/local/opt/amber14/dat/leap/lib/all_nucleic94.lib
Loading library: /usr/local/opt/amber14/dat/leap/lib/all_aminoct03.lib
Loading library: /usr/local/opt/amber14/dat/leap/lib/all_aminont03.lib
Loading library: /usr/local/opt/amber14/dat/leap/lib/all_amino03.lib
Loading Mol2 file: ./UNK.mol2
Reading MOLECULE named UNK
Checking 'LIG'....
Checking parameters for unit 'LIG'.
Checking for bond parameters.
Checking for angle parameters.
Could not find angle parameter: sy - n3 - cy
There are missing parameters.
Unit is OK.
Loading parameters: ./UNK.frcmod
Reading force field modification type file (frcmod)
Reading title:
remark goes here
 Creating UNK.lib
Building topology.
Building atom parameters.
Checking Unit.
Building topology.
Building atom parameters.
Building bond parameters.
Building angle parameters.
Building proper torsion parameters.
1-4: angle 4 6 duplicates bond ('triangular' bond) or angle ('square' bond)

1-4: angle 5 7 duplicates bond ('triangular' bond) or angle ('square' bond)

Building improper torsion parameters.
 total 12 improper torsions applied
Building H-Bond parameters.
Incorporating Non-Bonded adjustments.
Not Marking per-residue atom chain types.
Marking per-residue atom chain types.
  (Residues lacking connect0/connect1 - 
   these don't have chain types marked:

	res	total affected

	UNK	1
  )
 (no restraints)
	Quit
