            --------------------------------------------------------
                             AMBER SQM VERSION 14
 
                                     By
              Ross C. Walker, Michael F. Crowley, Scott Brozell,
                         Tim Giese, Andreas W. Goetz,
                        Tai-Sung Lee and David A. Case
 
            --------------------------------------------------------
 

--------------------------------------------------------------------------------
  QM CALCULATION INFO
--------------------------------------------------------------------------------

| QMMM: Citation for AMBER QMMM Run:
| QMMM: R.C. Walker, M.F. Crowley and D.A. Case, J. COMP. CHEM. 29:1019, 2008

QMMM: SINGLET STATE CALCULATION
QMMM: RHF CALCULATION, NO. OF DOUBLY OCCUPIED LEVELS = 53

| QMMM: *** Selected Hamiltonian *** 
| QMMM: AM1         

| QMMM: *** Parameter sets in use ***
| QMMM: O : M.J.S.DEWAR et al. JACS, 107, 3902, (1985)
| QMMM: S : M.J.S.DEWAR et al. INORG. CHEM., 29, 3881, (1990)
| QMMM: N : M.J.S.DEWAR et al. JACS, 107, 3902, (1985)
| QMMM: C : M.J.S.DEWAR et al. JACS, 107, 3902, (1985)
| QMMM: H : M.J.S.DEWAR et al. JACS, 107, 3902, (1985)

| QMMM: *** SCF convergence criteria ***
| QMMM: Energy change                :  0.1D-09 kcal/mol
| QMMM: Error matrix |FP-PF|         :  0.1D+00 au
| QMMM: Density matrix change        :  0.5D-06
| QMMM: Maximum number of SCF cycles :     1000

| QMMM: *** Diagonalization Routine Information ***
| QMMM: Pseudo diagonalizations are allowed.
| QMMM: Auto diagonalization routine selection is in use.
| QMMM:
| QMMM: Timing diagonalization routines:
| QMMM:                              norbs =       96
| QMMM:    diag iterations used for timing =       15
| QMMM:
| QMMM:              Internal diag routine = 0.023184 seconds
| QMMM:                 Dspev diag routine = 0.028555 seconds
| QMMM:                Dspevd diag routine = 0.014850 seconds
| QMMM:                Dspevx diag routine = 0.079800 seconds
| QMMM:                 Dsyev diag routine = 0.025643 seconds
| QMMM:                Dsyevd diag routine = 0.018035 seconds
| QMMM:                Dsyevr diag routine = 0.019867 seconds
| QMMM:
| QMMM:                Pseudo diag routine = 0.010367 seconds
| QMMM:
| QMMM: Using dspevd routine (diag_routine=3).

  QMMM: QM Region Cartesian Coordinates (*=link atom) 
  QMMM: QM_NO.   MM_NO.  ATOM         X         Y         Z
  QMMM:     1        1      O        0.1510    6.5050    2.6260
  QMMM:     2        2      S        0.4790    6.0090    1.3350
  QMMM:     3        3      N        0.5810    4.3630    1.4790
  QMMM:     4        4      C        1.2060    3.5720    0.4160
  QMMM:     5        5      C        0.4800    3.6640   -0.9390
  QMMM:     6        6      O        1.3760    4.7580   -1.2170
  QMMM:     7        7      C        2.3730    4.2880   -0.2880
  QMMM:     8        8      C        1.5290    2.1400    0.8480
  QMMM:     9        9      C        0.3070    1.5250    1.5330
  QMMM:    10       10      C        0.6260    0.1150    1.9580
  QMMM:    11       11      C        0.3790   -0.9390    1.0980
  QMMM:    12       12      C        0.6760   -2.2320    1.4860
  QMMM:    13       13      C        1.2100   -2.4720    2.7380
  QMMM:    14       14      C        1.4520   -1.4190    3.6000
  QMMM:    15       15      C        1.1600   -0.1260    3.2100
  QMMM:    16       16      N       -0.8230    6.3360    0.3650
  QMMM:    17       17      C       -2.1790    6.2940    0.9190
  QMMM:    18       18      C       -0.6190    6.6680   -1.0470
  QMMM:    19       19      O        1.6310    6.4210    0.6130
  QMMM:    20       20      H        0.2270    3.9220    2.2680
  QMMM:    21       21      H        0.6320    2.7960   -1.5810
  QMMM:    22       22      H       -0.5660    3.9590   -0.8610
  QMMM:    23       23      H        2.8290    5.0790    0.3080
  QMMM:    24       24      H        3.1050    3.6110   -0.7280
  QMMM:    25       25      H        2.3680    2.1510    1.5430
  QMMM:    26       26      H        1.7920    1.5470   -0.0280
  QMMM:    27       27      H       -0.5320    1.5140    0.8370
  QMMM:    28       28      H        0.0450    2.1180    2.4090
  QMMM:    29       29      H       -0.0420   -0.7520    0.1210
  QMMM:    30       30      H        0.4870   -3.0550    0.8120
  QMMM:    31       31      H        1.4380   -3.4830    3.0430
  QMMM:    32       32      H        1.8690   -1.6070    4.5780
  QMMM:    33       33      H        1.3490    0.6970    3.8830
  QMMM:    34       34      H       -2.2630    7.0210    1.7270
  QMMM:    35       35      H       -2.8980    6.5350    0.1370
  QMMM:    36       36      H       -2.3820    5.2960    1.3050
  QMMM:    37       37      H       -0.7370    5.7690   -1.6520
  QMMM:    38       38      H       -1.3520    7.4130   -1.3560
  QMMM:    39       39      H        0.3860    7.0690   -1.1850

--------------------------------------------------------------------------------
  RESULTS
--------------------------------------------------------------------------------

      iter         sqm energy              rms gradient
      ----    -------------------    -----------------------
xmin    10      -69.3266 kcal/mol        0.4010 kcal/(mol*A)
xmin    20      -69.5247 kcal/mol        0.2502 kcal/(mol*A)
xmin    30      -69.9216 kcal/mol        0.2033 kcal/(mol*A)
xmin    40      -70.2821 kcal/mol        0.4423 kcal/(mol*A)
xmin    50      -70.3884 kcal/mol        0.4574 kcal/(mol*A)
xmin    60      -70.4483 kcal/mol        0.1640 kcal/(mol*A)
xmin    70      -70.4863 kcal/mol        0.0705 kcal/(mol*A)
xmin    80      -70.4959 kcal/mol        0.0402 kcal/(mol*A)
xmin    90      -70.5226 kcal/mol        0.0301 kcal/(mol*A)
xmin   100      -70.5285 kcal/mol        0.0492 kcal/(mol*A)
xmin   110      -70.5340 kcal/mol        0.0360 kcal/(mol*A)
xmin   120      -70.5448 kcal/mol        0.0382 kcal/(mol*A)
xmin   130      -70.5688 kcal/mol        0.2005 kcal/(mol*A)
xmin   140      -70.5875 kcal/mol        0.0855 kcal/(mol*A)
xmin   150      -70.5909 kcal/mol        0.0346 kcal/(mol*A)
xmin   160      -70.5912 kcal/mol        0.0025 kcal/(mol*A)
xmin   170      -70.5913 kcal/mol        0.0040 kcal/(mol*A)
xmin   180      -70.5913 kcal/mol        0.0046 kcal/(mol*A)
xmin   190      -70.5913 kcal/mol        0.0008 kcal/(mol*A)
xmin   200      -70.5913 kcal/mol        0.0026 kcal/(mol*A)
  ... geometry converged !
 
 Final MO eigenvalues (eV):
 -41.3109  -39.7595  -38.0213  -37.8664  -37.0103  -36.5898  -34.4810  -31.6483
 -31.0264  -28.9641  -28.3649  -27.5713  -25.9464  -24.8586  -23.4645  -22.1560
 -21.7809  -20.0665  -19.1202  -18.6971  -17.9213  -17.7064  -17.1655  -17.0173
 -16.7695  -16.4805  -16.1124  -16.0682  -15.4773  -15.2533  -14.7168  -14.4574
 -14.3384  -14.2685  -13.9376  -13.8318  -13.5366  -13.4323  -13.2725  -13.1362
 -12.8767  -12.8188  -12.7180  -12.6254  -12.4572  -12.2941  -11.9476  -11.7891
 -10.8657  -10.8134  -10.4559   -9.8788   -9.6641   -0.6372    0.2280    0.3459
   1.6616    2.3677    2.4945    2.6425    2.7860    2.9952    3.1192    3.3462
   3.4841    3.5756    3.7765    3.7962    3.8216    3.8619    3.8899    3.9419
   3.9863    4.0388    4.0662    4.0896    4.1550    4.1930    4.2512    4.3061
   4.3574    4.3905    4.4807    4.5215    4.6013    4.7025    4.8439    4.8972
   4.9219    4.9301    5.0269    5.3651    5.3963    5.4117    5.5131    5.8994


 Heat of formation   =        -70.59131114 kcal/mol  (       -3.06106895 eV)

 Total SCF energy    =     -80906.96682030 kcal/mol  (    -3508.38935087 eV)
 Electronic energy   =    -544719.23048955 kcal/mol  (   -23620.79833873 eV)
 Core-core repulsion =     463812.26366924 kcal/mol  (    20112.40898787 eV)
 
    Atomic Charges for Step       1 :
  Atom    Element       Mulliken Charge
     1      O                 -0.928
     2      S                  2.803
     3      N                 -0.869
     4      C                  0.053
     5      C                 -0.068
     6      O                 -0.280
     7      C                 -0.064
     8      C                 -0.160
     9      C                 -0.123
    10      C                 -0.078
    11      C                 -0.128
    12      C                 -0.126
    13      C                 -0.128
    14      C                 -0.126
    15      C                 -0.124
    16      N                 -0.839
    17      C                 -0.072
    18      C                 -0.071
    19      O                 -0.924
    20      H                  0.243
    21      H                  0.100
    22      H                  0.099
    23      H                  0.137
    24      H                  0.106
    25      H                  0.103
    26      H                  0.105
    27      H                  0.091
    28      H                  0.085
    29      H                  0.130
    30      H                  0.133
    31      H                  0.133
    32      H                  0.133
    33      H                  0.132
    34      H                  0.107
    35      H                  0.085
    36      H                  0.066
    37      H                  0.077
    38      H                  0.081
    39      H                  0.104
 Total Mulliken Charge =       0.000
 
                  X        Y        Z     TOTAL  
  QM DIPOLE    -2.565   -3.340   -0.694    4.268
 
 Final Structure

  QMMM: QM Region Cartesian Coordinates (*=link atom) 
  QMMM: QM_NO.   MM_NO.  ATOM         X         Y         Z
  QMMM:     1        1      O        0.0502    6.5617    2.6729
  QMMM:     2        2      S        0.4249    6.1547    1.3608
  QMMM:     3        3      N        0.5305    4.5225    1.4245
  QMMM:     4        4      C        1.0459    3.5817    0.4843
  QMMM:     5        5      C        0.1760    3.3108   -0.8073
  QMMM:     6        6      O        1.2395    3.8013   -1.6628
  QMMM:     7        7      C        2.1276    4.0885   -0.5493
  QMMM:     8        8      C        1.5060    2.2682    1.1238
  QMMM:     9        9      C        0.3890    1.5309    1.8387
  QMMM:    10       10      C        0.7516    0.1085    2.0916
  QMMM:    11       11      C        0.7794   -0.8074    1.0325
  QMMM:    12       12      C        1.1070   -2.1414    1.2649
  QMMM:    13       13      C        1.4094   -2.5727    2.5569
  QMMM:    14       14      C        1.3825   -1.6654    3.6153
  QMMM:    15       15      C        1.0549   -0.3297    3.3851
  QMMM:    16       16      N       -0.7905    6.4897    0.3253
  QMMM:    17       17      C       -2.1443    6.6513    0.7619
  QMMM:    18       18      C       -0.5700    6.6496   -1.0815
  QMMM:    19       19      O        1.6290    6.7061    0.8581
  QMMM:    20       20      H        0.1904    4.0779    2.2501
  QMMM:    21       21      H       -0.0238    2.2374   -1.0134
  QMMM:    22       22      H       -0.7348    3.9332   -0.9381
  QMMM:    23       23      H        2.3917    5.1691   -0.5347
  QMMM:    24       24      H        3.0336    3.4466   -0.6032
  QMMM:    25       25      H        2.3448    2.4756    1.8387
  QMMM:    26       26      H        1.9141    1.6162    0.3049
  QMMM:    27       27      H       -0.5432    1.5678    1.2113
  QMMM:    28       28      H        0.1548    2.0358    2.8141
  QMMM:    29       29      H        0.5402   -0.4681    0.0134
  QMMM:    30       30      H        1.1266   -2.8549    0.4281
  QMMM:    31       31      H        1.6678   -3.6259    2.7397
  QMMM:    32       32      H        1.6200   -2.0023    4.6352
  QMMM:    33       33      H        1.0345    0.3812    4.2247
  QMMM:    34       34      H       -2.1877    6.6679    1.8852
  QMMM:    35       35      H       -2.5656    7.6185    0.3750
  QMMM:    36       36      H       -2.7874    5.8116    0.3807
  QMMM:    37       37      H       -1.3493    6.0941   -1.6704
  QMMM:    38       38      H       -0.6188    7.7354   -1.3666
  QMMM:    39       39      H        0.4435    6.2442   -1.3574

           --------- Calculation Completed ----------

