            --------------------------------------------------------
                             AMBER SQM VERSION 14
 
                                     By
              Ross C. Walker, Michael F. Crowley, Scott Brozell,
                         Tim Giese, Andreas W. Goetz,
                        Tai-Sung Lee and David A. Case
 
            --------------------------------------------------------
 

--------------------------------------------------------------------------------
  QM CALCULATION INFO
--------------------------------------------------------------------------------

| QMMM: Citation for AMBER QMMM Run:
| QMMM: R.C. Walker, M.F. Crowley and D.A. Case, J. COMP. CHEM. 29:1019, 2008

QMMM: SINGLET STATE CALCULATION
QMMM: RHF CALCULATION, NO. OF DOUBLY OCCUPIED LEVELS = 53

| QMMM: *** Selected Hamiltonian *** 
| QMMM: AM1         

| QMMM: *** Parameter sets in use ***
| QMMM: O : M.J.S.DEWAR et al. JACS, 107, 3902, (1985)
| QMMM: S : M.J.S.DEWAR et al. INORG. CHEM., 29, 3881, (1990)
| QMMM: N : M.J.S.DEWAR et al. JACS, 107, 3902, (1985)
| QMMM: C : M.J.S.DEWAR et al. JACS, 107, 3902, (1985)
| QMMM: H : M.J.S.DEWAR et al. JACS, 107, 3902, (1985)

| QMMM: *** SCF convergence criteria ***
| QMMM: Energy change                :  0.1D-09 kcal/mol
| QMMM: Error matrix |FP-PF|         :  0.1D+00 au
| QMMM: Density matrix change        :  0.5D-06
| QMMM: Maximum number of SCF cycles :     1000

| QMMM: *** Diagonalization Routine Information ***
| QMMM: Pseudo diagonalizations are allowed.
| QMMM: Auto diagonalization routine selection is in use.
| QMMM:
| QMMM: Timing diagonalization routines:
| QMMM:                              norbs =       96
| QMMM:    diag iterations used for timing =       15
| QMMM:
| QMMM:              Internal diag routine = 0.023206 seconds
| QMMM:                 Dspev diag routine = 0.025090 seconds
| QMMM:                Dspevd diag routine = 0.015176 seconds
| QMMM:                Dspevx diag routine = 0.079915 seconds
| QMMM:                 Dsyev diag routine = 0.025795 seconds
| QMMM:                Dsyevd diag routine = 0.017575 seconds
| QMMM:                Dsyevr diag routine = 0.020420 seconds
| QMMM:
| QMMM:                Pseudo diag routine = 0.009803 seconds
| QMMM:
| QMMM: Using dspevd routine (diag_routine=3).

  QMMM: QM Region Cartesian Coordinates (*=link atom) 
  QMMM: QM_NO.   MM_NO.  ATOM         X         Y         Z
  QMMM:     1        1      O        1.1320   -2.1980    0.0150
  QMMM:     2        2      S        1.4470   -0.8120   -0.0160
  QMMM:     3        3      N        0.0020   -0.0040    0.0020
  QMMM:     4        4      C       -0.0170    1.3870    0.0100
  QMMM:     5        5      N        1.0200    2.1860    0.0040
  QMMM:     6        6      O        0.6910    3.3490    0.0130
  QMMM:     7        7      C       -0.6470    3.4860    0.0270
  QMMM:     8        8      C       -1.4080    4.7540    0.0410
  QMMM:     9        9      C       -2.8040    4.7330    0.0480
  QMMM:    10       10      C       -3.5080    5.9190    0.0660
  QMMM:    11       11      C       -2.8340    7.1280    0.0670
  QMMM:    12       12      C       -1.4500    7.1550    0.0540
  QMMM:    13       13      C       -0.7340    5.9760    0.0410
  QMMM:    14       14      C       -1.1630    2.2210    0.0190
  QMMM:    15       15      C        2.2640   -0.4550    1.5040
  QMMM:    16       16      C        3.1130    0.6320    1.5930
  QMMM:    17       17      C        3.7500    0.9160    2.7870
  QMMM:    18       18      C        3.5450    0.1070    3.8890
  QMMM:    19       19      C        2.6990   -0.9830    3.7990
  QMMM:    20       20      C        2.0590   -1.2640    2.6060
  QMMM:    21       21      O        2.2290   -0.2150   -1.0410
  QMMM:    22       22      H       -0.8310   -0.5000    0.0070
  QMMM:    23       23      H       -3.3310    3.7910    0.0430
  QMMM:    24       24      H       -4.5880    5.9050    0.0760
  QMMM:    25       25      H       -3.3900    8.0540    0.0770
  QMMM:    26       26      H       -0.9300    8.1010    0.0540
  QMMM:    27       27      H        0.3450    5.9980    0.0310
  QMMM:    28       28      H       -2.2020    1.9250    0.0210
  QMMM:    29       29      H        3.2770    1.2620    0.7310
  QMMM:    30       30      H        4.4110    1.7670    2.8580
  QMMM:    31       31      H        4.0460    0.3260    4.8200
  QMMM:    32       32      H        2.5400   -1.6160    4.6590
  QMMM:    33       33      H        1.3980   -2.1150    2.5360

--------------------------------------------------------------------------------
  RESULTS
--------------------------------------------------------------------------------

      iter         sqm energy              rms gradient
      ----    -------------------    -----------------------
xmin    10       35.8133 kcal/mol        0.2790 kcal/(mol*A)
xmin    20       35.6065 kcal/mol        0.1043 kcal/(mol*A)
xmin    30       35.6003 kcal/mol        0.0243 kcal/(mol*A)
xmin    40       35.5985 kcal/mol        0.0421 kcal/(mol*A)
xmin    50       35.5966 kcal/mol        0.0402 kcal/(mol*A)
xmin    60       35.5961 kcal/mol        0.0132 kcal/(mol*A)
xmin    70       35.5952 kcal/mol        0.0096 kcal/(mol*A)
xmin    80       35.5946 kcal/mol        0.0233 kcal/(mol*A)
xmin    90       35.5945 kcal/mol        0.0072 kcal/(mol*A)
xmin   100       35.5945 kcal/mol        0.0045 kcal/(mol*A)
xmin   110       35.5944 kcal/mol        0.0056 kcal/(mol*A)
xmin   120       35.5944 kcal/mol        0.0020 kcal/(mol*A)
xmin   130       35.5944 kcal/mol        0.0013 kcal/(mol*A)
xmin   140       35.5944 kcal/mol        0.0021 kcal/(mol*A)
xmin   150       35.5944 kcal/mol        0.0013 kcal/(mol*A)
  ... geometry converged !
 
 Final MO eigenvalues (eV):
 -42.4819  -39.8009  -39.7401  -38.0326  -37.2379  -37.0215  -34.0250  -32.4819
 -32.2408  -31.8923  -31.6262  -30.0274  -25.0415  -24.5738  -24.1652  -23.7466
 -22.8571  -22.2315  -20.2402  -19.3453  -18.9666  -18.4671  -17.6692  -17.2242
 -17.0119  -16.8796  -16.5705  -16.3445  -15.9504  -15.5946  -15.3822  -14.8429
 -14.6411  -14.5963  -14.3525  -14.1630  -14.0124  -13.6610  -13.4821  -13.2614
 -12.9318  -12.8391  -12.6505  -12.4532  -12.3659  -12.2095  -12.0368  -11.3380
 -10.5808  -10.1462  -10.1271  -10.0996   -9.3993   -0.7809   -0.7567   -0.3433
   0.1248    0.1580    0.6099    1.1847    1.6503    1.9788    2.3150    2.5693
   2.8124    3.0283    3.1320    3.3509    3.4394    3.5626    3.5970    3.6297
   3.6397    3.6713    3.7157    3.9559    3.9870    4.0297    4.1266    4.2473
   4.4056    4.4151    4.6215    4.6712    4.6843    4.7482    4.8123    4.9779
   5.0959    5.1240    5.1510    5.2236    5.2653    5.5738    5.5975    6.4296


 Heat of formation   =         35.59436178 kcal/mol  (        1.54348735 eV)

 Total SCF energy    =     -84195.50717387 kcal/mol  (    -3650.99116144 eV)
 Electronic energy   =    -532936.54512234 kcal/mol  (   -23109.86276061 eV)
 Core-core repulsion =     448741.03794847 kcal/mol  (    19458.87159917 eV)
 
    Atomic Charges for Step       1 :
  Atom    Element       Mulliken Charge
     1      O                 -0.933
     2      S                  2.861
     3      N                 -0.783
     4      C                  0.056
     5      N                 -0.084
     6      O                 -0.055
     7      C                  0.050
     8      C                 -0.044
     9      C                 -0.099
    10      C                 -0.135
    11      C                 -0.108
    12      C                 -0.134
    13      C                 -0.088
    14      C                 -0.248
    15      C                 -0.848
    16      C                  0.011
    17      C                 -0.159
    18      C                 -0.058
    19      C                 -0.162
    20      C                 -0.012
    21      O                 -0.909
    22      H                  0.258
    23      H                  0.136
    24      H                  0.138
    25      H                  0.137
    26      H                  0.140
    27      H                  0.154
    28      H                  0.176
    29      H                  0.168
    30      H                  0.145
    31      H                  0.137
    32      H                  0.141
    33      H                  0.151
 Total Mulliken Charge =      -0.000
 
                  X        Y        Z     TOTAL  
  QM DIPOLE    -3.174    3.146    3.941    5.959
 
 Final Structure

  QMMM: QM Region Cartesian Coordinates (*=link atom) 
  QMMM: QM_NO.   MM_NO.  ATOM         X         Y         Z
  QMMM:     1        1      O        1.0943   -2.1782    0.0176
  QMMM:     2        2      S        1.5335   -0.8361    0.0165
  QMMM:     3        3      N        0.1518    0.0658    0.0945
  QMMM:     4        4      C        0.0438    1.4450    0.1067
  QMMM:     5        5      N        1.0784    2.3343    0.1842
  QMMM:     6        6      O        0.5841    3.5561    0.1671
  QMMM:     7        7      C       -0.8311    3.5211    0.0810
  QMMM:     8        8      C       -1.5313    4.7790    0.0524
  QMMM:     9        9      C       -2.9340    4.7915   -0.0089
  QMMM:    10       10      C       -3.6192    6.0035   -0.0379
  QMMM:    11       11      C       -2.9163    7.2084   -0.0065
  QMMM:    12       12      C       -1.5226    7.2009    0.0541
  QMMM:    13       13      C       -0.8284    5.9936    0.0836
  QMMM:    14       14      C       -1.2216    2.1969    0.0407
  QMMM:    15       15      C        2.3083   -0.4997    1.4593
  QMMM:    16       16      C        3.2978    0.4899    1.5317
  QMMM:    17       17      C        3.9643    0.7456    2.7286
  QMMM:    18       18      C        3.6486    0.0118    3.8711
  QMMM:    19       19      C        2.6696   -0.9828    3.8135
  QMMM:    20       20      C        2.0077   -1.2334    2.6165
  QMMM:    21       21      O        2.3342   -0.4373   -1.0612
  QMMM:    22       22      H       -0.7349   -0.3892    0.1205
  QMMM:    23       23      H       -3.4890    3.8417   -0.0346
  QMMM:    24       24      H       -4.7183    6.0085   -0.0864
  QMMM:    25       25      H       -3.4613    8.1638   -0.0301
  QMMM:    26       26      H       -0.9671    8.1504    0.0779
  QMMM:    27       27      H        0.2723    5.9840    0.1301
  QMMM:    28       28      H       -2.2162    1.7725   -0.0287
  QMMM:    29       29      H        3.5537    1.0676    0.6241
  QMMM:    30       30      H        4.7372    1.5277    2.7684
  QMMM:    31       31      H        4.1720    0.2135    4.8186
  QMMM:    32       32      H        2.4244   -1.5683    4.7118
  QMMM:    33       33      H        1.2464   -2.0319    2.5649

           --------- Calculation Completed ----------

