            --------------------------------------------------------
                             AMBER SQM VERSION 14
 
                                     By
              Ross C. Walker, Michael F. Crowley, Scott Brozell,
                         Tim Giese, Andreas W. Goetz,
                        Tai-Sung Lee and David A. Case
 
            --------------------------------------------------------
 

--------------------------------------------------------------------------------
  QM CALCULATION INFO
--------------------------------------------------------------------------------

| QMMM: Citation for AMBER QMMM Run:
| QMMM: R.C. Walker, M.F. Crowley and D.A. Case, J. COMP. CHEM. 29:1019, 2008

QMMM: SINGLET STATE CALCULATION
QMMM: RHF CALCULATION, NO. OF DOUBLY OCCUPIED LEVELS = 41

| QMMM: *** Selected Hamiltonian *** 
| QMMM: AM1         

| QMMM: *** Parameter sets in use ***
| QMMM: C : M.J.S.DEWAR et al. JACS, 107, 3902, (1985)
| QMMM: S : M.J.S.DEWAR et al. INORG. CHEM., 29, 3881, (1990)
| QMMM: O : M.J.S.DEWAR et al. JACS, 107, 3902, (1985)
| QMMM: N : M.J.S.DEWAR et al. JACS, 107, 3902, (1985)
| QMMM: H : M.J.S.DEWAR et al. JACS, 107, 3902, (1985)

| QMMM: *** SCF convergence criteria ***
| QMMM: Energy change                :  0.1D-09 kcal/mol
| QMMM: Error matrix |FP-PF|         :  0.1D+00 au
| QMMM: Density matrix change        :  0.5D-06
| QMMM: Maximum number of SCF cycles :     1000

| QMMM: *** Diagonalization Routine Information ***
| QMMM: Pseudo diagonalizations are allowed.
| QMMM: Auto diagonalization routine selection is in use.
| QMMM:
| QMMM: Timing diagonalization routines:
| QMMM:                              norbs =       72
| QMMM:    diag iterations used for timing =       15
| QMMM:
| QMMM:              Internal diag routine = 0.011382 seconds
| QMMM:                 Dspev diag routine = 0.011650 seconds
| QMMM:                Dspevd diag routine = 0.007923 seconds
| QMMM:                Dspevx diag routine = 0.044243 seconds
| QMMM:                 Dsyev diag routine = 0.012337 seconds
| QMMM:                Dsyevd diag routine = 0.011807 seconds
| QMMM:                Dsyevr diag routine = 0.012000 seconds
| QMMM:
| QMMM:                Pseudo diag routine = 0.002730 seconds
| QMMM:
| QMMM: Using dspevd routine (diag_routine=3).

  QMMM: QM Region Cartesian Coordinates (*=link atom) 
  QMMM: QM_NO.   MM_NO.  ATOM         X         Y         Z
  QMMM:     1        1      C        1.4380    9.8550   -2.5080
  QMMM:     2        2      S       -0.1510    9.2570   -3.1440
  QMMM:     3        3      O       -0.1910    9.3580   -4.5610
  QMMM:     4        4      O       -1.2220    9.7400   -2.3450
  QMMM:     5        5      N       -0.1270    7.6270   -2.8520
  QMMM:     6        6      C       -0.1090    7.1700   -1.5840
  QMMM:     7        7      O       -0.1120    7.9550   -0.6550
  QMMM:     8        8      N       -0.0890    5.8440   -1.3460
  QMMM:     9        9      C       -0.0700    5.3470    0.0320
  QMMM:    10       10      C       -0.0500    3.8400    0.0230
  QMMM:    11       11      C        1.1560    3.1650    0.0080
  QMMM:    12       12      C        1.1750    1.7830    0.0000
  QMMM:    13       13      C       -0.0130    1.0760    0.0080
  QMMM:    14       14      C       -1.2190    1.7510    0.0170
  QMMM:    15       15      C       -1.2380    3.1330    0.0290
  QMMM:    16       16      H        2.2520    9.3590   -3.0370
  QMMM:    17       17      H        1.5090   10.9320   -2.6600
  QMMM:    18       18      H        1.5100    9.6340   -1.4430
  QMMM:    19       19      H       -0.1250    7.0010   -3.5930
  QMMM:    20       20      H       -0.0870    5.2180   -2.0870
  QMMM:    21       21      H       -0.9610    5.6950    0.5560
  QMMM:    22       22      H        0.8190    5.7190    0.5400
  QMMM:    23       23      H        2.0840    3.7180    0.0030
  QMMM:    24       24      H        2.1180    1.2560   -0.0110
  QMMM:    25       25      H        0.0020   -0.0040    0.0020
  QMMM:    26       26      H       -2.1470    1.1980    0.0190
  QMMM:    27       27      H       -2.1800    3.6600    0.0410

--------------------------------------------------------------------------------
  RESULTS
--------------------------------------------------------------------------------

      iter         sqm energy              rms gradient
      ----    -------------------    -----------------------
xmin    10      -77.1741 kcal/mol        0.5678 kcal/(mol*A)
xmin    20      -77.3947 kcal/mol        0.0848 kcal/(mol*A)
xmin    30      -77.4161 kcal/mol        0.0669 kcal/(mol*A)
xmin    40      -77.4198 kcal/mol        0.0192 kcal/(mol*A)
xmin    50      -77.4209 kcal/mol        0.0160 kcal/(mol*A)
xmin    60      -77.4221 kcal/mol        0.0314 kcal/(mol*A)
xmin    70      -77.4264 kcal/mol        0.0141 kcal/(mol*A)
xmin    80      -77.4312 kcal/mol        0.0257 kcal/(mol*A)
xmin    90      -77.4342 kcal/mol        0.0267 kcal/(mol*A)
xmin   100      -77.4464 kcal/mol        0.2039 kcal/(mol*A)
xmin   110      -77.4518 kcal/mol        0.0877 kcal/(mol*A)
xmin   120      -77.4554 kcal/mol        0.1175 kcal/(mol*A)
xmin   130      -77.4640 kcal/mol        0.0455 kcal/(mol*A)
xmin   140      -77.4697 kcal/mol        0.0995 kcal/(mol*A)
xmin   150      -77.4755 kcal/mol        0.0772 kcal/(mol*A)
xmin   160      -77.4796 kcal/mol        0.0142 kcal/(mol*A)
xmin   170      -77.4854 kcal/mol        0.0590 kcal/(mol*A)
xmin   180      -77.4935 kcal/mol        0.1448 kcal/(mol*A)
xmin   190      -77.4948 kcal/mol        0.0360 kcal/(mol*A)
xmin   200      -77.4984 kcal/mol        0.0445 kcal/(mol*A)
xmin   210      -77.4992 kcal/mol        0.0150 kcal/(mol*A)
xmin   220      -77.5018 kcal/mol        0.0250 kcal/(mol*A)
xmin   230      -77.5085 kcal/mol        0.0503 kcal/(mol*A)
xmin   240      -77.5155 kcal/mol        0.0525 kcal/(mol*A)
xmin   250      -77.5222 kcal/mol        0.0499 kcal/(mol*A)
xmin   260      -77.5443 kcal/mol        0.1790 kcal/(mol*A)
xmin   270      -77.5608 kcal/mol        0.0511 kcal/(mol*A)
xmin   280      -77.5811 kcal/mol        0.0795 kcal/(mol*A)
xmin   290      -77.5948 kcal/mol        0.1540 kcal/(mol*A)
xmin   300      -77.6069 kcal/mol        0.1525 kcal/(mol*A)
xmin   310      -77.6224 kcal/mol        0.1655 kcal/(mol*A)
xmin   320      -77.6625 kcal/mol        0.2732 kcal/(mol*A)
xmin   330      -77.7215 kcal/mol        0.3145 kcal/(mol*A)
xmin   340      -77.7980 kcal/mol        0.6001 kcal/(mol*A)
xmin   350      -77.9004 kcal/mol        0.3186 kcal/(mol*A)
xmin   360      -77.9646 kcal/mol        0.4765 kcal/(mol*A)
xmin   370      -78.0276 kcal/mol        0.1169 kcal/(mol*A)
xmin   380      -78.1631 kcal/mol        0.2315 kcal/(mol*A)
xmin   390      -78.2639 kcal/mol        0.5675 kcal/(mol*A)
xmin   400      -78.3682 kcal/mol        0.3889 kcal/(mol*A)
xmin   410      -78.3942 kcal/mol        0.0289 kcal/(mol*A)
xmin   420      -78.4093 kcal/mol        0.0380 kcal/(mol*A)
xmin   430      -78.4153 kcal/mol        0.1025 kcal/(mol*A)
xmin   440      -78.4255 kcal/mol        0.1351 kcal/(mol*A)
xmin   450      -78.4314 kcal/mol        0.0820 kcal/(mol*A)
xmin   460      -78.4344 kcal/mol        0.0909 kcal/(mol*A)
xmin   470      -78.4608 kcal/mol        0.2058 kcal/(mol*A)
xmin   480      -78.4871 kcal/mol        0.2918 kcal/(mol*A)
xmin   490      -78.5308 kcal/mol        0.0656 kcal/(mol*A)
xmin   500      -78.6024 kcal/mol        0.0705 kcal/(mol*A)
xmin   510      -78.6291 kcal/mol        0.0486 kcal/(mol*A)
xmin   520      -78.6340 kcal/mol        0.0503 kcal/(mol*A)
xmin   530      -78.6346 kcal/mol        0.0201 kcal/(mol*A)
xmin   540      -78.6349 kcal/mol        0.0050 kcal/(mol*A)
xmin   550      -78.6349 kcal/mol        0.0021 kcal/(mol*A)
xmin   560      -78.6349 kcal/mol        0.0018 kcal/(mol*A)
  ... geometry converged !
 
 Final MO eigenvalues (eV):
 -40.6151  -39.4425  -38.1123  -37.4457  -36.1713  -35.0681  -32.0603  -31.6392
 -31.0738  -27.1400  -23.5832  -23.4422  -22.0311  -20.7492  -20.0403  -18.9690
 -17.9517  -17.4743  -16.9255  -16.7379  -16.5253  -16.1098  -15.7724  -15.5171
 -14.5313  -14.3792  -14.2905  -14.1416  -13.7201  -13.4688  -13.0758  -13.0630
 -12.9598  -12.5732  -12.5020  -12.0693  -11.9666  -11.9324  -10.7069   -9.8963
  -9.8182   -0.8406    0.0958    0.3324    0.8626    1.1800    2.1732    2.6838
   2.7769    2.8840    3.2221    3.3984    3.4921    3.6615    3.7730    3.8042
   3.8889    4.0007    4.1380    4.2783    4.3941    4.4164    4.6152    4.7120
   4.8392    4.9310    5.3200    5.3612    5.4784    5.6694    5.8695    6.3935


 Heat of formation   =        -78.63495011 kcal/mol  (       -3.40986731 eV)

 Total SCF energy    =     -66567.59833316 kcal/mol  (    -2886.58767326 eV)
 Electronic energy   =    -363011.37308861 kcal/mol  (   -15741.35436835 eV)
 Core-core repulsion =     296443.77475545 kcal/mol  (    12854.76669509 eV)
 
    Atomic Charges for Step       1 :
  Atom    Element       Mulliken Charge
     1      C                 -0.960
     2      S                  2.830
     3      O                 -0.935
     4      O                 -0.912
     5      N                 -0.858
     6      C                  0.408
     7      O                 -0.398
     8      N                 -0.333
     9      C                  0.000
    10      C                 -0.134
    11      C                 -0.118
    12      C                 -0.134
    13      C                 -0.119
    14      C                 -0.129
    15      C                 -0.110
    16      H                  0.157
    17      H                  0.165
    18      H                  0.187
    19      H                  0.250
    20      H                  0.214
    21      H                  0.134
    22      H                  0.101
    23      H                  0.129
    24      H                  0.133
    25      H                  0.134
    26      H                  0.139
    27      H                  0.155
 Total Mulliken Charge =      -0.000
 
                  X        Y        Z     TOTAL  
  QM DIPOLE     3.451   -2.108    1.403    4.280
 
 Final Structure

  QMMM: QM Region Cartesian Coordinates (*=link atom) 
  QMMM: QM_NO.   MM_NO.  ATOM         X         Y         Z
  QMMM:     1        1      C       -0.2307    9.8844   -2.0833
  QMMM:     2        2      S       -0.4473    8.6399   -3.1991
  QMMM:     3        3      O       -0.0092    9.0759   -4.4667
  QMMM:     4        4      O       -1.7604    8.1625   -3.1297
  QMMM:     5        5      N        0.6378    7.4799   -2.7318
  QMMM:     6        6      C        0.7080    6.8632   -1.4658
  QMMM:     7        7      O       -0.0013    7.3228   -0.5380
  QMMM:     8        8      N        1.6218    5.8202   -1.2503
  QMMM:     9        9      C        1.5194    5.0456   -0.0343
  QMMM:    10       10      C        0.5988    3.8618   -0.1110
  QMMM:    11       11      C        1.1156    2.5650   -0.1746
  QMMM:    12       12      C        0.2517    1.4709   -0.2179
  QMMM:    13       13      C       -1.1288    1.6689   -0.2020
  QMMM:    14       14      C       -1.6470    2.9631   -0.1400
  QMMM:    15       15      C       -0.7865    4.0584   -0.0932
  QMMM:    16       16      H        0.7660   10.3843   -2.1554
  QMMM:    17       17      H       -0.9956   10.6891   -2.2350
  QMMM:    18       18      H       -0.3442    9.5533   -1.0165
  QMMM:    19       19      H        1.3111    7.1791   -3.4027
  QMMM:    20       20      H        1.9230    5.3074   -2.0500
  QMMM:    21       21      H        1.1710    5.7272    0.7967
  QMMM:    22       22      H        2.5661    4.6976    0.2060
  QMMM:    23       23      H        2.2040    2.4042   -0.1843
  QMMM:    24       24      H        0.6612    0.4512   -0.2644
  QMMM:    25       25      H       -1.8088    0.8051   -0.2372
  QMMM:    26       26      H       -2.7357    3.1213   -0.1271
  QMMM:    27       27      H       -1.1881    5.0845   -0.0405

           --------- Calculation Completed ----------

