            --------------------------------------------------------
                             AMBER SQM VERSION 14
 
                                     By
              Ross C. Walker, Michael F. Crowley, Scott Brozell,
                         Tim Giese, Andreas W. Goetz,
                        Tai-Sung Lee and David A. Case
 
            --------------------------------------------------------
 

--------------------------------------------------------------------------------
  QM CALCULATION INFO
--------------------------------------------------------------------------------

| QMMM: Citation for AMBER QMMM Run:
| QMMM: R.C. Walker, M.F. Crowley and D.A. Case, J. COMP. CHEM. 29:1019, 2008

QMMM: SINGLET STATE CALCULATION
QMMM: RHF CALCULATION, NO. OF DOUBLY OCCUPIED LEVELS = 53

| QMMM: *** Selected Hamiltonian *** 
| QMMM: AM1         

| QMMM: *** Parameter sets in use ***
| QMMM: O : M.J.S.DEWAR et al. JACS, 107, 3902, (1985)
| QMMM: S : M.J.S.DEWAR et al. INORG. CHEM., 29, 3881, (1990)
| QMMM: N : M.J.S.DEWAR et al. JACS, 107, 3902, (1985)
| QMMM: C : M.J.S.DEWAR et al. JACS, 107, 3902, (1985)
| QMMM: H : M.J.S.DEWAR et al. JACS, 107, 3902, (1985)

| QMMM: *** SCF convergence criteria ***
| QMMM: Energy change                :  0.1D-09 kcal/mol
| QMMM: Error matrix |FP-PF|         :  0.1D+00 au
| QMMM: Density matrix change        :  0.5D-06
| QMMM: Maximum number of SCF cycles :     1000

| QMMM: *** Diagonalization Routine Information ***
| QMMM: Pseudo diagonalizations are allowed.
| QMMM: Auto diagonalization routine selection is in use.
| QMMM:
| QMMM: Timing diagonalization routines:
| QMMM:                              norbs =       96
| QMMM:    diag iterations used for timing =       15
| QMMM:
| QMMM:              Internal diag routine = 0.023418 seconds
| QMMM:                 Dspev diag routine = 0.025268 seconds
| QMMM:                Dspevd diag routine = 0.014959 seconds
| QMMM:                Dspevx diag routine = 0.080764 seconds
| QMMM:                 Dsyev diag routine = 0.025147 seconds
| QMMM:                Dsyevd diag routine = 0.017707 seconds
| QMMM:                Dsyevr diag routine = 0.020082 seconds
| QMMM:
| QMMM:                Pseudo diag routine = 0.009907 seconds
| QMMM:
| QMMM: Using dspevd routine (diag_routine=3).

  QMMM: QM Region Cartesian Coordinates (*=link atom) 
  QMMM: QM_NO.   MM_NO.  ATOM         X         Y         Z
  QMMM:     1        1      O       -0.4390    0.6040   -3.9820
  QMMM:     2        2      S        0.3210    1.0220   -2.8560
  QMMM:     3        3      N        1.5890   -0.0340   -2.7290
  QMMM:     4        4      C        2.4890    0.0380   -1.5750
  QMMM:     5        5      C        1.6940   -0.0980   -0.2420
  QMMM:     6        6      S        1.7190    1.7310   -0.3220
  QMMM:     7        7      C        3.1280    1.4550   -1.4580
  QMMM:     8        8      C        3.5710   -1.0390   -1.6750
  QMMM:     9        9      C        4.3320   -0.8770   -2.9930
  QMMM:    10       10      C        5.3980   -1.9380   -3.0910
  QMMM:    11       11      C        6.6670   -1.6910   -2.6020
  QMMM:    12       12      C        7.6430   -2.6650   -2.6880
  QMMM:    13       13      C        7.3530   -3.8840   -3.2730
  QMMM:    14       14      C        6.0860   -4.1300   -3.7660
  QMMM:    15       15      C        5.1080   -3.1570   -3.6760
  QMMM:    16       16      N        0.9530    2.5030   -3.2430
  QMMM:    17       17      C        1.5930    2.7090   -4.5450
  QMMM:    18       18      C        0.8740    3.6070   -2.2840
  QMMM:    19       19      O       -0.2290    1.1490   -1.5520
  QMMM:    20       20      H        1.7360   -0.7010   -3.4170
  QMMM:    21       21      H        2.2670   -0.5200    0.5840
  QMMM:    22       22      H        0.7030   -0.5400   -0.3520
  QMMM:    23       23      H        3.0880    2.0440   -2.3750
  QMMM:    24       24      H        4.1050    1.4700   -0.9750
  QMMM:    25       25      H        4.2650   -0.9360   -0.8400
  QMMM:    26       26      H        3.1070   -2.0250   -1.6420
  QMMM:    27       27      H        3.6390   -0.9800   -3.8270
  QMMM:    28       28      H        4.7960    0.1080   -3.0260
  QMMM:    29       29      H        6.8940   -0.7370   -2.1490
  QMMM:    30       30      H        8.6340   -2.4730   -2.3030
  QMMM:    31       31      H        8.1170   -4.6440   -3.3440
  QMMM:    32       32      H        5.8600   -5.0820   -4.2230
  QMMM:    33       33      H        4.1180   -3.3490   -4.0620
  QMMM:    34       34      H        0.8470    3.0410   -5.2680
  QMMM:    35       35      H        2.3720    3.4650   -4.4520
  QMMM:    36       36      H        2.0350    1.7720   -4.8850
  QMMM:    37       37      H        0.2850    3.2970   -1.4210
  QMMM:    38       38      H        1.8780    3.8800   -1.9600
  QMMM:    39       39      H        0.3990    4.4660   -2.7570

--------------------------------------------------------------------------------
  RESULTS
--------------------------------------------------------------------------------

      iter         sqm energy              rms gradient
      ----    -------------------    -----------------------
xmin    10      -32.4345 kcal/mol        2.1822 kcal/(mol*A)
xmin    20      -33.3939 kcal/mol        0.3155 kcal/(mol*A)
xmin    30      -33.8421 kcal/mol        0.3390 kcal/(mol*A)
xmin    40      -33.9999 kcal/mol        0.5506 kcal/(mol*A)
xmin    50      -34.0337 kcal/mol        0.1073 kcal/(mol*A)
xmin    60      -34.0468 kcal/mol        0.0366 kcal/(mol*A)
xmin    70      -34.0482 kcal/mol        0.0072 kcal/(mol*A)
xmin    80      -34.0483 kcal/mol        0.0058 kcal/(mol*A)
xmin    90      -34.0486 kcal/mol        0.0112 kcal/(mol*A)
xmin   100      -34.0487 kcal/mol        0.0053 kcal/(mol*A)
xmin   110      -34.0487 kcal/mol        0.0015 kcal/(mol*A)
xmin   120      -34.0487 kcal/mol        0.0008 kcal/(mol*A)
xmin   130      -34.0487 kcal/mol        0.0008 kcal/(mol*A)
  ... geometry converged !
 
 Final MO eigenvalues (eV):
 -40.2784  -39.1729  -38.0395  -37.8757  -37.0117  -34.5464  -32.8704  -31.6347
 -29.9319  -28.9577  -28.0991  -25.9662  -25.4637  -23.4717  -22.4979  -21.7728
 -20.1603  -19.1278  -18.6327  -17.8669  -17.6793  -17.4919  -17.0153  -16.4986
 -16.2885  -16.1351  -15.7446  -15.4093  -14.9831  -14.8532  -14.4669  -14.3129
 -14.1538  -14.0649  -13.7815  -13.6555  -13.5501  -13.2857  -13.0493  -12.9574
 -12.8181  -12.7642  -12.6118  -12.4966  -12.3587  -12.0840  -11.8881  -11.4719
 -10.9812  -10.4801   -9.8784   -9.6662   -8.8548   -0.6479    0.2263    0.3463
   0.6215    0.6809    1.6272    2.5776    2.6236    2.9076    2.9532    3.0074
   3.0667    3.3680    3.4789    3.6324    3.7703    3.7848    3.8083    3.8563
   3.8800    3.9433    3.9856    4.0325    4.0808    4.0911    4.1579    4.2042
   4.2437    4.3520    4.3665    4.4059    4.4729    4.5563    4.6247    4.7888
   4.9148    4.9268    4.9787    5.3503    5.3678    5.4081    5.5125    5.8989


 Heat of formation   =        -34.04869879 kcal/mol  (       -1.47646237 eV)

 Total SCF energy    =     -78009.23028001 kcal/mol  (    -3382.73406531 eV)
 Electronic energy   =    -537784.01410339 kcal/mol  (   -23320.06478918 eV)
 Core-core repulsion =     459774.78382339 kcal/mol  (    19937.33072388 eV)
 
    Atomic Charges for Step       1 :
  Atom    Element       Mulliken Charge
     1      O                 -0.925
     2      S                  2.801
     3      N                 -0.876
     4      C                  0.113
     5      C                 -0.285
     6      S                  0.037
     7      C                 -0.289
     8      C                 -0.163
     9      C                 -0.125
    10      C                 -0.078
    11      C                 -0.128
    12      C                 -0.126
    13      C                 -0.128
    14      C                 -0.126
    15      C                 -0.124
    16      N                 -0.835
    17      C                 -0.071
    18      C                 -0.075
    19      O                 -0.925
    20      H                  0.244
    21      H                  0.126
    22      H                  0.151
    23      H                  0.116
    24      H                  0.119
    25      H                  0.109
    26      H                  0.103
    27      H                  0.087
    28      H                  0.091
    29      H                  0.130
    30      H                  0.133
    31      H                  0.133
    32      H                  0.133
    33      H                  0.133
    34      H                  0.088
    35      H                  0.064
    36      H                  0.099
    37      H                  0.111
    38      H                  0.077
    39      H                  0.082
 Total Mulliken Charge =      -0.000
 
                  X        Y        Z     TOTAL  
  QM DIPOLE     3.887    0.749   -0.999    4.083
 
 Final Structure

  QMMM: QM Region Cartesian Coordinates (*=link atom) 
  QMMM: QM_NO.   MM_NO.  ATOM         X         Y         Z
  QMMM:     1        1      O       -0.3158    0.5564   -4.2759
  QMMM:     2        2      S        0.2375    1.0065   -3.0439
  QMMM:     3        3      N        1.6771    0.2366   -2.9237
  QMMM:     4        4      C        2.6468    0.1810   -1.8668
  QMMM:     5        5      C        2.0845    0.3235   -0.4147
  QMMM:     6        6      S        3.1686    1.7147   -0.0579
  QMMM:     7        7      C        3.5974    1.4230   -1.7762
  QMMM:     8        8      C        3.4928   -1.1097   -1.9257
  QMMM:     9        9      C        4.2278   -1.2957   -3.2400
  QMMM:    10       10      C        5.3826   -2.2248   -3.0911
  QMMM:    11       11      C        6.5266   -1.8155   -2.3945
  QMMM:    12       12      C        7.6148   -2.6753   -2.2629
  QMMM:    13       13      C        7.5705   -3.9512   -2.8259
  QMMM:    14       14      C        6.4345   -4.3637   -3.5211
  QMMM:    15       15      C        5.3439   -3.5048   -3.6542
  QMMM:    16       16      N        0.5819    2.5973   -3.1532
  QMMM:    17       17      C        1.0870    3.1728   -4.3625
  QMMM:    18       18      C        0.4610    3.4947   -2.0428
  QMMM:    19       19      O       -0.5545    0.7801   -1.8901
  QMMM:    20       20      H        1.9656   -0.2946   -3.7175
  QMMM:    21       21      H        2.2889   -0.5674    0.2146
  QMMM:    22       22      H        1.0053    0.5769   -0.3351
  QMMM:    23       23      H        3.3260    2.2683   -2.4414
  QMMM:    24       24      H        4.6658    1.1664   -1.9280
  QMMM:    25       25      H        4.2366   -1.0631   -1.0853
  QMMM:    26       26      H        2.8258   -1.9915   -1.7384
  QMMM:    27       27      H        3.5253   -1.6962   -4.0198
  QMMM:    28       28      H        4.6031   -0.3022   -3.6089
  QMMM:    29       29      H        6.5619   -0.8091   -1.9506
  QMMM:    30       30      H        8.5098   -2.3468   -1.7143
  QMMM:    31       31      H        8.4299   -4.6293   -2.7217
  QMMM:    32       32      H        6.3965   -5.3688   -3.9664
  QMMM:    33       33      H        4.4506   -3.8361   -4.2047
  QMMM:    34       34      H        0.5238    4.1115   -4.6158
  QMMM:    35       35      H        2.1753    3.4355   -4.2551
  QMMM:    36       36      H        0.9638    2.4460   -5.2114
  QMMM:    37       37      H       -0.0292    2.9699   -1.1774
  QMMM:    38       38      H        1.4726    3.8641   -1.7191
  QMMM:    39       39      H       -0.1675    4.3818   -2.3265

           --------- Calculation Completed ----------

