            --------------------------------------------------------
                             AMBER SQM VERSION 14
 
                                     By
              Ross C. Walker, Michael F. Crowley, Scott Brozell,
                         Tim Giese, Andreas W. Goetz,
                        Tai-Sung Lee and David A. Case
 
            --------------------------------------------------------
 

--------------------------------------------------------------------------------
  QM CALCULATION INFO
--------------------------------------------------------------------------------

| QMMM: Citation for AMBER QMMM Run:
| QMMM: R.C. Walker, M.F. Crowley and D.A. Case, J. COMP. CHEM. 29:1019, 2008

QMMM: SINGLET STATE CALCULATION
QMMM: RHF CALCULATION, NO. OF DOUBLY OCCUPIED LEVELS = 59

| QMMM: *** Selected Hamiltonian *** 
| QMMM: AM1         

| QMMM: *** Parameter sets in use ***
| QMMM: O : M.J.S.DEWAR et al. JACS, 107, 3902, (1985)
| QMMM: S : M.J.S.DEWAR et al. INORG. CHEM., 29, 3881, (1990)
| QMMM: N : M.J.S.DEWAR et al. JACS, 107, 3902, (1985)
| QMMM: C : M.J.S.DEWAR et al. JACS, 107, 3902, (1985)
| QMMM: H : M.J.S.DEWAR et al. JACS, 107, 3902, (1985)

| QMMM: *** SCF convergence criteria ***
| QMMM: Energy change                :  0.1D-09 kcal/mol
| QMMM: Error matrix |FP-PF|         :  0.1D+00 au
| QMMM: Density matrix change        :  0.5D-06
| QMMM: Maximum number of SCF cycles :     1000

| QMMM: *** Diagonalization Routine Information ***
| QMMM: Pseudo diagonalizations are allowed.
| QMMM: Auto diagonalization routine selection is in use.
| QMMM:
| QMMM: Timing diagonalization routines:
| QMMM:                              norbs =      104
| QMMM:    diag iterations used for timing =       10
| QMMM:
| QMMM:              Internal diag routine = 0.019269 seconds
| QMMM:                 Dspev diag routine = 0.020581 seconds
| QMMM:                Dspevd diag routine = 0.011693 seconds
| QMMM:                Dspevx diag routine = 0.063915 seconds
| QMMM:                 Dsyev diag routine = 0.021618 seconds
| QMMM:                Dsyevd diag routine = 0.014972 seconds
| QMMM:                Dsyevr diag routine = 0.016157 seconds
| QMMM:
| QMMM:                Pseudo diag routine = 0.005714 seconds
| QMMM:
| QMMM: Using dspevd routine (diag_routine=3).

  QMMM: QM Region Cartesian Coordinates (*=link atom) 
  QMMM: QM_NO.   MM_NO.  ATOM         X         Y         Z
  QMMM:     1        1      O       -0.9740   -1.8880   -1.9000
  QMMM:     2        2      S       -0.6780   -0.4980   -1.8950
  QMMM:     3        3      N       -0.1690   -0.1340   -0.3620
  QMMM:     4        4      C        0.3320    1.2090   -0.0560
  QMMM:     5        5      C        0.0300    1.6520    1.3770
  QMMM:     6        6      S       -0.0970    3.3730    0.8140
  QMMM:     7        7      C       -0.5700    2.3240   -0.5890
  QMMM:     8        8      O        1.1720    3.9870    0.6370
  QMMM:     9        9      O       -1.2020    4.0600    1.3840
  QMMM:    10       10      C        1.8020    1.3870   -0.4440
  QMMM:    11       11      C        2.6430    0.3040    0.2340
  QMMM:    12       12      C        4.1030    0.5570   -0.0400
  QMMM:    13       13      C        4.7040   -0.0050   -1.1510
  QMMM:    14       14      C        6.0430    0.2310   -1.4060
  QMMM:    15       15      C        6.7820    1.0190   -0.5440
  QMMM:    16       16      C        6.1810    1.5760    0.5700
  QMMM:    17       17      C        4.8420    1.3450    0.8220
  QMMM:    18       18      N        0.6200   -0.2940   -2.9030
  QMMM:    19       19      C        1.6300   -1.3480   -3.0200
  QMMM:    20       20      C        0.7570    0.9420   -3.6790
  QMMM:    21       21      O       -1.6240    0.5000   -2.2520
  QMMM:    22       22      H       -0.2030   -0.8090    0.3340
  QMMM:    23       23      H       -0.9110    1.2560    1.7590
  QMMM:    24       24      H        0.8610    1.4850    2.0620
  QMMM:    25       25      H       -0.2410    2.7190   -1.5500
  QMMM:    26       26      H       -1.6270    2.0570   -0.5870
  QMMM:    27       27      H        1.9050    1.3030   -1.5250
  QMMM:    28       28      H        2.1460    2.3700   -0.1210
  QMMM:    29       29      H        2.4660    0.3270    1.3100
  QMMM:    30       30      H        2.3630   -0.6730   -0.1590
  QMMM:    31       31      H        4.1280   -0.6240   -1.8220
  QMMM:    32       32      H        6.5120   -0.2040   -2.2760
  QMMM:    33       33      H        7.8280    1.2000   -0.7400
  QMMM:    34       34      H        6.7590    2.1920    1.2440
  QMMM:    35       35      H        4.3730    1.7800    1.6920
  QMMM:    36       36      H        1.3490   -2.0340   -3.8200
  QMMM:    37       37      H        2.5970   -0.9010   -3.2490
  QMMM:    38       38      H        1.6960   -1.8940   -2.0790
  QMMM:    39       39      H        1.3820    1.6470   -3.1310
  QMMM:    40       40      H        1.2200    0.7180   -4.6400
  QMMM:    41       41      H       -0.2270    1.3800   -3.8420

--------------------------------------------------------------------------------
  RESULTS
--------------------------------------------------------------------------------

      iter         sqm energy              rms gradient
      ----    -------------------    -----------------------
xmin    10      -95.6771 kcal/mol        0.6547 kcal/(mol*A)
xmin    20      -96.7429 kcal/mol        0.7083 kcal/(mol*A)
xmin    30      -96.9895 kcal/mol        0.1621 kcal/(mol*A)
xmin    40      -97.0336 kcal/mol        0.0677 kcal/(mol*A)
xmin    50      -97.0540 kcal/mol        0.0604 kcal/(mol*A)
xmin    60      -97.0624 kcal/mol        0.0412 kcal/(mol*A)
xmin    70      -97.0636 kcal/mol        0.0180 kcal/(mol*A)
xmin    80      -97.0640 kcal/mol        0.0217 kcal/(mol*A)
xmin    90      -97.0642 kcal/mol        0.0061 kcal/(mol*A)
xmin   100      -97.0643 kcal/mol        0.0112 kcal/(mol*A)
xmin   110      -97.0643 kcal/mol        0.0015 kcal/(mol*A)
xmin   120      -97.0643 kcal/mol        0.0034 kcal/(mol*A)
  ... geometry converged !
 
 Final MO eigenvalues (eV):
 -40.5829  -39.5246  -38.6697  -38.2226  -38.0863  -37.9029  -37.1914  -34.7681
 -33.4326  -31.7598  -30.2244  -29.2029  -28.9995  -26.1406  -25.7729  -23.5966
 -22.8394  -22.0102  -20.4877  -19.9060  -19.4891  -18.9146  -18.2075  -18.0022
 -17.7569  -17.6593  -17.3421  -16.7354  -16.6802  -16.3682  -16.1836  -15.6376
 -15.5104  -14.9851  -14.8401  -14.4985  -14.3791  -14.2599  -14.1628  -13.9688
 -13.7778  -13.5253  -13.4210  -13.3719  -13.3112  -13.1710  -13.0882  -12.9702
 -12.8045  -12.7213  -12.6088  -12.3982  -12.3516  -12.2445  -11.9915  -11.2467
 -10.6564   -9.9999   -9.7886   -0.8616   -0.7782    0.1049    0.2249    1.2085
   1.4361    2.1688    2.2482    2.2980    2.5536    2.6459    2.8955    3.0843
   3.1061    3.1699    3.2480    3.3146    3.5900    3.6226    3.6553    3.6801
   3.7112    3.7530    3.8160    3.8333    3.8564    3.9074    3.9452    4.0284
   4.0522    4.1082    4.1245    4.2324    4.3420    4.3781    4.4415    4.6051
   4.7606    4.7996    4.8045    5.1586    5.2468    5.2877    5.3930    5.7789


 Heat of formation   =        -97.06431715 kcal/mol  (       -4.20902464 eV)

 Total SCF energy    =     -92770.50595981 kcal/mol  (    -4022.83101166 eV)
 Electronic energy   =    -657513.67574337 kcal/mol  (   -28511.93251565 eV)
 Core-core repulsion =     564743.16978356 kcal/mol  (    24489.10150399 eV)
 
    Atomic Charges for Step       1 :
  Atom    Element       Mulliken Charge
     1      O                 -0.920
     2      S                  2.806
     3      N                 -0.875
     4      C                  0.166
     5      C                 -0.865
     6      S                  2.815
     7      C                 -0.888
     8      O                 -0.926
     9      O                 -0.912
    10      C                 -0.171
    11      C                 -0.117
    12      C                 -0.080
    13      C                 -0.127
    14      C                 -0.127
    15      C                 -0.127
    16      C                 -0.124
    17      C                 -0.126
    18      N                 -0.837
    19      C                 -0.073
    20      C                 -0.072
    21      O                 -0.925
    22      H                  0.248
    23      H                  0.167
    24      H                  0.165
    25      H                  0.167
    26      H                  0.204
    27      H                  0.097
    28      H                  0.103
    29      H                  0.091
    30      H                  0.085
    31      H                  0.128
    32      H                  0.133
    33      H                  0.134
    34      H                  0.135
    35      H                  0.132
    36      H                  0.088
    37      H                  0.065
    38      H                  0.102
    39      H                  0.070
    40      H                  0.084
    41      H                  0.107
 Total Mulliken Charge =       0.000
 
                  X        Y        Z     TOTAL  
  QM DIPOLE     6.070   -1.602   -1.402    6.432
 
 Final Structure

  QMMM: QM Region Cartesian Coordinates (*=link atom) 
  QMMM: QM_NO.   MM_NO.  ATOM         X         Y         Z
  QMMM:     1        1      O       -1.3778   -1.6179   -1.7130
  QMMM:     2        2      S       -0.8474   -0.3144   -1.9100
  QMMM:     3        3      N       -0.1559    0.0926   -0.4840
  QMMM:     4        4      C        0.4364    1.3303   -0.0651
  QMMM:     5        5      C        0.2275    1.6514    1.4559
  QMMM:     6        6      S       -0.5669    3.1507    1.1159
  QMMM:     7        7      C       -0.3188    2.6289   -0.5087
  QMMM:     8        8      O        0.2190    4.2494    1.4469
  QMMM:     9        9      O       -1.8962    3.1610    1.5111
  QMMM:    10       10      C        1.9247    1.4551   -0.4350
  QMMM:    11       11      C        2.7657    0.3102    0.0954
  QMMM:    12       12      C        4.2193    0.5751   -0.0923
  QMMM:    13       13      C        4.9478   -0.1228   -1.0617
  QMMM:    14       14      C        6.3109    0.1197   -1.2264
  QMMM:    15       15      C        6.9563    1.0609   -0.4250
  QMMM:    16       16      C        6.2348    1.7599    0.5432
  QMMM:    17       17      C        4.8727    1.5186    0.7099
  QMMM:    18       18      N        0.3717   -0.3846   -2.9956
  QMMM:    19       19      C        1.2481   -1.5143   -3.0685
  QMMM:    20       20      C        0.6553    0.6778   -3.9127
  QMMM:    21       21      O       -1.7652    0.6861   -2.3179
  QMMM:    22       22      H       -0.0505   -0.6146    0.2101
  QMMM:    23       23      H       -0.3927    0.8970    1.9901
  QMMM:    24       24      H        1.1952    1.7195    2.0002
  QMMM:    25       25      H        0.3216    3.2826   -1.1420
  QMMM:    26       26      H       -1.2524    2.4369   -1.0945
  QMMM:    27       27      H        2.0242    1.5080   -1.5516
  QMMM:    28       28      H        2.3100    2.4242   -0.0184
  QMMM:    29       29      H        2.5532    0.1620    1.1890
  QMMM:    30       30      H        2.4854   -0.6429   -0.4291
  QMMM:    31       31      H        4.4433   -0.8672   -1.6960
  QMMM:    32       32      H        6.8773   -0.4339   -1.9897
  QMMM:    33       33      H        8.0316    1.2514   -0.5552
  QMMM:    34       34      H        6.7412    2.5028    1.1772
  QMMM:    35       35      H        4.3056    2.0703    1.4746
  QMMM:    36       36      H        1.3578   -1.8586   -4.1324
  QMMM:    37       37      H        2.2702   -1.2517   -2.6773
  QMMM:    38       38      H        0.8278   -2.3632   -2.4629
  QMMM:    39       39      H        1.6883    1.0872   -3.7409
  QMMM:    40       40      H        0.5987    0.3049   -4.9716
  QMMM:    41       41      H       -0.0946    1.5056   -3.7851

           --------- Calculation Completed ----------

