            --------------------------------------------------------
                             AMBER SQM VERSION 14
 
                                     By
              Ross C. Walker, Michael F. Crowley, Scott Brozell,
                         Tim Giese, Andreas W. Goetz,
                        Tai-Sung Lee and David A. Case
 
            --------------------------------------------------------
 

--------------------------------------------------------------------------------
  QM CALCULATION INFO
--------------------------------------------------------------------------------

| QMMM: Citation for AMBER QMMM Run:
| QMMM: R.C. Walker, M.F. Crowley and D.A. Case, J. COMP. CHEM. 29:1019, 2008

QMMM: SINGLET STATE CALCULATION
QMMM: RHF CALCULATION, NO. OF DOUBLY OCCUPIED LEVELS = 42

| QMMM: *** Selected Hamiltonian *** 
| QMMM: AM1         

| QMMM: *** Parameter sets in use ***
| QMMM: O : M.J.S.DEWAR et al. JACS, 107, 3902, (1985)
| QMMM: S : M.J.S.DEWAR et al. INORG. CHEM., 29, 3881, (1990)
| QMMM: N : M.J.S.DEWAR et al. JACS, 107, 3902, (1985)
| QMMM: C : M.J.S.DEWAR et al. JACS, 107, 3902, (1985)
| QMMM: H : M.J.S.DEWAR et al. JACS, 107, 3902, (1985)

| QMMM: *** SCF convergence criteria ***
| QMMM: Energy change                :  0.1D-09 kcal/mol
| QMMM: Error matrix |FP-PF|         :  0.1D+00 au
| QMMM: Density matrix change        :  0.5D-06
| QMMM: Maximum number of SCF cycles :     1000

| QMMM: *** Diagonalization Routine Information ***
| QMMM: Pseudo diagonalizations are allowed.
| QMMM: Auto diagonalization routine selection is in use.
| QMMM:
| QMMM: Timing diagonalization routines:
| QMMM:                              norbs =       74
| QMMM:    diag iterations used for timing =       15
| QMMM:
| QMMM:              Internal diag routine = 0.012885 seconds
| QMMM:                 Dspev diag routine = 0.013558 seconds
| QMMM:                Dspevd diag routine = 0.009075 seconds
| QMMM:                Dspevx diag routine = 0.049813 seconds
| QMMM:                 Dsyev diag routine = 0.014786 seconds
| QMMM:                Dsyevd diag routine = 0.011179 seconds
| QMMM:                Dsyevr diag routine = 0.013259 seconds
| QMMM:
| QMMM:                Pseudo diag routine = 0.003133 seconds
| QMMM:
| QMMM: Using dspevd routine (diag_routine=3).

  QMMM: QM Region Cartesian Coordinates (*=link atom) 
  QMMM: QM_NO.   MM_NO.  ATOM         X         Y         Z
  QMMM:     1        1      O       -2.4340    0.7440    0.0430
  QMMM:     2        2      S       -1.4560    1.7740    0.0190
  QMMM:     3        3      N       -0.0110    0.9660    0.0070
  QMMM:     4        4      C        1.1840    1.6780   -0.0000
  QMMM:     5        5      N        1.3220    2.9790    0.0060
  QMMM:     6        6      O        2.4850    3.3070   -0.0030
  QMMM:     7        7      C        3.3030    2.2390   -0.0170
  QMMM:     8        8      C        4.7810    2.2540   -0.0310
  QMMM:     9        9      C        5.4940    1.0540   -0.0380
  QMMM:    10       10      C        6.8730    1.0750   -0.0550
  QMMM:    11       11      C        7.5500    2.2820   -0.0560
  QMMM:    12       12      C        6.8490    3.4750   -0.0430
  QMMM:    13       13      C        5.4700    3.4680   -0.0310
  QMMM:    14       14      C        2.4950    1.1370   -0.0100
  QMMM:    15       15      C       -1.4960    2.6520   -1.5690
  QMMM:    16       16      O       -1.3350    2.6950    1.0940
  QMMM:    17       17      H        0.0020   -0.0040    0.0020
  QMMM:    18       18      H        4.9670    0.1110   -0.0340
  QMMM:    19       19      H        7.4260    0.1470   -0.0650
  QMMM:    20       20      H        8.6300    2.2930   -0.0650
  QMMM:    21       21      H        7.3830    4.4130   -0.0440
  QMMM:    22       22      H        4.9240    4.3990   -0.0220
  QMMM:    23       23      H        2.7860    0.0980   -0.0130
  QMMM:    24       24      H       -1.4400    1.9310   -2.3840
  QMMM:    25       25      H       -2.4250    3.2170   -1.6480
  QMMM:    26       26      H       -0.6490    3.3340   -1.6280

--------------------------------------------------------------------------------
  RESULTS
--------------------------------------------------------------------------------

      iter         sqm energy              rms gradient
      ----    -------------------    -----------------------
xmin    10        5.4951 kcal/mol        0.1469 kcal/(mol*A)
xmin    20        5.3996 kcal/mol        0.2790 kcal/(mol*A)
xmin    30        5.3543 kcal/mol        0.1225 kcal/(mol*A)
xmin    40        5.3158 kcal/mol        0.1105 kcal/(mol*A)
xmin    50        5.3028 kcal/mol        0.1864 kcal/(mol*A)
xmin    60        5.3510 kcal/mol        0.9408 kcal/(mol*A)
xmin    70        5.2921 kcal/mol        0.0168 kcal/(mol*A)
xmin    80        5.2887 kcal/mol        0.0694 kcal/(mol*A)
xmin    90        5.2860 kcal/mol        0.0314 kcal/(mol*A)
xmin   100        5.2840 kcal/mol        0.0246 kcal/(mol*A)
xmin   110        5.2836 kcal/mol        0.0096 kcal/(mol*A)
xmin   120        5.2832 kcal/mol        0.0372 kcal/(mol*A)
xmin   130        5.2828 kcal/mol        0.0055 kcal/(mol*A)
xmin   140        5.2827 kcal/mol        0.0047 kcal/(mol*A)
xmin   150        5.2827 kcal/mol        0.0020 kcal/(mol*A)
xmin   160        5.2827 kcal/mol        0.0007 kcal/(mol*A)
  ... geometry converged !
 
 Final MO eigenvalues (eV):
 -42.6479  -39.8723  -38.1398  -37.4801  -37.2288  -34.1338  -32.3815  -31.7445
 -31.1395  -30.1233  -25.0960  -24.2866  -23.0271  -22.3760  -20.2602  -19.3231
 -18.9035  -17.8678  -17.5592  -17.1308  -16.9850  -16.5898  -16.3997  -15.9810
 -14.9655  -14.7258  -14.5399  -14.4851  -14.1701  -14.1143  -13.7346  -13.5583
 -13.0688  -12.9676  -12.7360  -12.5537  -12.5062  -12.3075  -11.4432  -10.3328
 -10.1931   -9.5046   -0.8840   -0.8053    0.0599    0.4575    1.0477    1.3597
   1.8398    2.4966    2.6205    2.7317    2.8638    2.9504    3.3279    3.4015
   3.5225    3.5563    3.6461    3.7048    3.8573    3.9629    4.1627    4.3083
   4.3629    4.5437    4.5835    4.6445    4.9760    5.0468    5.0956    5.1683
   5.5292    6.2675

 Heat of formation   =          5.28269408 kcal/mol  (        0.22907481 eV)

 Total SCF energy    =     -68810.87370831 kcal/mol  (    -2983.86339310 eV)
 Electronic energy   =    -373164.69357533 kcal/mol  (   -16181.63538335 eV)
 Core-core repulsion =     304353.81986702 kcal/mol  (    13197.77199024 eV)
 
    Atomic Charges for Step       1 :
  Atom    Element       Mulliken Charge
     1      O                 -0.932
     2      S                  2.828
     3      N                 -0.790
     4      C                  0.049
     5      N                 -0.086
     6      O                 -0.051
     7      C                  0.053
     8      C                 -0.047
     9      C                 -0.098
    10      C                 -0.135
    11      C                 -0.106
    12      C                 -0.134
    13      C                 -0.087
    14      C                 -0.247
    15      C                 -0.955
    16      O                 -0.909
    17      H                  0.262
    18      H                  0.136
    19      H                  0.139
    20      H                  0.138
    21      H                  0.141
    22      H                  0.154
    23      H                  0.178
    24      H                  0.158
    25      H                  0.164
    26      H                  0.177
 Total Mulliken Charge =       0.000
 
                  X        Y        Z     TOTAL  
  QM DIPOLE     4.789   -1.537   -2.654    5.687
 
 Final Structure

  QMMM: QM Region Cartesian Coordinates (*=link atom) 
  QMMM: QM_NO.   MM_NO.  ATOM         X         Y         Z
  QMMM:     1        1      O       -2.4534    0.6929   -0.1073
  QMMM:     2        2      S       -1.5245    1.7453    0.0207
  QMMM:     3        3      N       -0.0367    1.0541   -0.1327
  QMMM:     4        4      C        1.1883    1.6993   -0.1498
  QMMM:     5        5      N        1.3836    3.0463   -0.2731
  QMMM:     6        6      O        2.6783    3.2867   -0.2488
  QMMM:     7        7      C        3.4081    2.0777   -0.1140
  QMMM:     8        8      C        4.8447    2.1647   -0.0732
  QMMM:     9        9      C        5.6081    0.9913    0.0363
  QMMM:    10       10      C        6.9980    1.0661    0.0774
  QMMM:    11       11      C        7.6367    2.3049    0.0106
  QMMM:    12       12      C        6.8823    3.4734   -0.0977
  QMMM:    13       13      C        5.4914    3.4087   -0.1397
  QMMM:    14       14      C        2.4999    1.0385   -0.0476
  QMMM:    15       15      C       -1.6482    2.7545   -1.3289
  QMMM:    16       16      O       -1.6130    2.5191    1.1827
  QMMM:    17       17      H        0.0498    0.0620   -0.1830
  QMMM:    18       18      H        5.1052    0.0140    0.0901
  QMMM:    19       19      H        7.5923    0.1442    0.1636
  QMMM:    20       20      H        8.7351    2.3598    0.0440
  QMMM:    21       21      H        7.3848    4.4509   -0.1495
  QMMM:    22       22      H        4.8927    4.3297   -0.2237
  QMMM:    23       23      H        2.6754   -0.0253    0.0612
  QMMM:    24       24      H       -1.2532    2.3206   -2.2796
  QMMM:    25       25      H       -2.7225    3.0029   -1.5312
  QMMM:    26       26      H       -1.1252    3.7360   -1.1920

           --------- Calculation Completed ----------

