            --------------------------------------------------------
                             AMBER SQM VERSION 14
 
                                     By
              Ross C. Walker, Michael F. Crowley, Scott Brozell,
                         Tim Giese, Andreas W. Goetz,
                        Tai-Sung Lee and David A. Case
 
            --------------------------------------------------------
 

--------------------------------------------------------------------------------
  QM CALCULATION INFO
--------------------------------------------------------------------------------

| QMMM: Citation for AMBER QMMM Run:
| QMMM: R.C. Walker, M.F. Crowley and D.A. Case, J. COMP. CHEM. 29:1019, 2008

QMMM: SINGLET STATE CALCULATION
QMMM: RHF CALCULATION, NO. OF DOUBLY OCCUPIED LEVELS = 53

| QMMM: *** Selected Hamiltonian *** 
| QMMM: AM1         

| QMMM: *** Parameter sets in use ***
| QMMM: O : M.J.S.DEWAR et al. JACS, 107, 3902, (1985)
| QMMM: S : M.J.S.DEWAR et al. INORG. CHEM., 29, 3881, (1990)
| QMMM: N : M.J.S.DEWAR et al. JACS, 107, 3902, (1985)
| QMMM: C : M.J.S.DEWAR et al. JACS, 107, 3902, (1985)
| QMMM: H : M.J.S.DEWAR et al. JACS, 107, 3902, (1985)

| QMMM: *** SCF convergence criteria ***
| QMMM: Energy change                :  0.1D-09 kcal/mol
| QMMM: Error matrix |FP-PF|         :  0.1D+00 au
| QMMM: Density matrix change        :  0.5D-06
| QMMM: Maximum number of SCF cycles :     1000

| QMMM: *** Diagonalization Routine Information ***
| QMMM: Pseudo diagonalizations are allowed.
| QMMM: Auto diagonalization routine selection is in use.
| QMMM:
| QMMM: Timing diagonalization routines:
| QMMM:                              norbs =       96
| QMMM:    diag iterations used for timing =       15
| QMMM:
| QMMM:              Internal diag routine = 0.023368 seconds
| QMMM:                 Dspev diag routine = 0.025169 seconds
| QMMM:                Dspevd diag routine = 0.015740 seconds
| QMMM:                Dspevx diag routine = 0.079611 seconds
| QMMM:                 Dsyev diag routine = 0.025871 seconds
| QMMM:                Dsyevd diag routine = 0.017455 seconds
| QMMM:                Dsyevr diag routine = 0.020371 seconds
| QMMM:
| QMMM:                Pseudo diag routine = 0.009837 seconds
| QMMM:
| QMMM: Using dspevd routine (diag_routine=3).

  QMMM: QM Region Cartesian Coordinates (*=link atom) 
  QMMM: QM_NO.   MM_NO.  ATOM         X         Y         Z
  QMMM:     1        1      O        9.4310   -1.9480   -0.1320
  QMMM:     2        2      S        8.0780   -2.3790   -0.0860
  QMMM:     3        3      N        7.1510   -1.0070   -0.0700
  QMMM:     4        4      C        5.7500   -1.1060   -0.0580
  QMMM:     5        5      N        5.0250   -2.2330   -0.0570
  QMMM:     6        6      N        3.7760   -1.9300   -0.0440
  QMMM:     7        7      C        4.8620   -0.0770   -0.0500
  QMMM:     8        8      N        3.6240   -0.6520   -0.0360
  QMMM:     9        9      C        2.3990    0.0310   -0.0210
  QMMM:    10       10      C        1.2070   -0.6800   -0.0130
  QMMM:    11       11      C        0.0020   -0.0040    0.0020
  QMMM:    12       12      C       -0.0170    1.3790    0.0100
  QMMM:    13       13      C        1.1700    2.0890    0.0020
  QMMM:    14       14      C        2.3770    1.4190   -0.0130
  QMMM:    15       15      C        7.7660   -3.2010   -1.6130
  QMMM:    16       16      C        6.7530   -4.1380   -1.6990
  QMMM:    17       17      C        6.5050   -4.7800   -2.8980
  QMMM:    18       18      C        7.2770   -4.4920   -4.0080
  QMMM:    19       19      C        8.2940   -3.5590   -3.9210
  QMMM:    20       20      C        8.5380   -2.9140   -2.7230
  QMMM:    21       21      O        7.5640   -3.2220    0.9360
  QMMM:    22       22      H        7.5750   -0.1340   -0.0700
  QMMM:    23       23      H        5.0890    0.9790   -0.0520
  QMMM:    24       24      H        1.2210   -1.7600   -0.0190
  QMMM:    25       25      H       -0.9260   -0.5560    0.0080
  QMMM:    26       26      H       -0.9600    1.9050    0.0170
  QMMM:    27       27      H        1.1520    3.1690    0.0080
  QMMM:    28       28      H        3.3040    1.9740   -0.0190
  QMMM:    29       29      H        6.1530   -4.3660   -0.8310
  QMMM:    30       30      H        5.7120   -5.5090   -2.9670
  QMMM:    31       31      H        7.0870   -4.9970   -4.9440
  QMMM:    32       32      H        8.8970   -3.3350   -4.7880
  QMMM:    33       33      H        9.3320   -2.1850   -2.6550

--------------------------------------------------------------------------------
  RESULTS
--------------------------------------------------------------------------------

      iter         sqm energy              rms gradient
      ----    -------------------    -----------------------
xmin    10       92.0552 kcal/mol        0.2111 kcal/(mol*A)
xmin    20       91.9667 kcal/mol        0.3388 kcal/(mol*A)
xmin    30       91.8339 kcal/mol        0.5149 kcal/(mol*A)
xmin    40       91.7464 kcal/mol        0.3781 kcal/(mol*A)
xmin    50       91.6979 kcal/mol        0.6415 kcal/(mol*A)
xmin    60       91.6628 kcal/mol        0.1916 kcal/(mol*A)
xmin    70       91.6418 kcal/mol        0.0659 kcal/(mol*A)
xmin    80       91.6401 kcal/mol        0.0097 kcal/(mol*A)
xmin    90       91.6394 kcal/mol        0.0090 kcal/(mol*A)
xmin   100       91.6389 kcal/mol        0.0179 kcal/(mol*A)
xmin   110       91.6386 kcal/mol        0.0047 kcal/(mol*A)
xmin   120       91.6385 kcal/mol        0.0079 kcal/(mol*A)
xmin   130       91.6385 kcal/mol        0.0051 kcal/(mol*A)
xmin   140       91.6385 kcal/mol        0.0011 kcal/(mol*A)
xmin   150       91.6385 kcal/mol        0.0014 kcal/(mol*A)
  ... geometry converged !
 
 Final MO eigenvalues (eV):
 -42.6017  -39.7921  -39.6409  -37.8791  -37.0808  -36.6393  -34.9167  -32.3652
 -32.1551  -31.7922  -31.0076  -29.7040  -25.0819  -24.4952  -24.2920  -23.6440
 -22.7580  -22.5764  -20.5502  -19.6359  -18.8570  -18.4036  -17.9838  -17.2385
 -17.0861  -16.8816  -16.4709  -16.3357  -15.7691  -15.4986  -15.2994  -15.2178
 -14.7506  -14.5033  -14.2473  -13.9589  -13.4986  -13.3046  -13.2046  -13.1573
 -12.9377  -12.8006  -12.7089  -12.5163  -12.3017  -12.1105  -11.8923  -11.7643
 -10.4678  -10.2917  -10.0136  -10.0085   -9.1809   -0.6408   -0.5447   -0.2189
  -0.0381    0.2535    0.5725    0.8383    1.1425    1.9295    2.3346    2.4254
   2.9200    3.1159    3.2846    3.3296    3.4064    3.4962    3.6208    3.6398
   3.7169    3.7461    3.7734    3.8440    3.8663    4.0769    4.1301    4.2584
   4.3054    4.5057    4.5466    4.7603    4.8430    4.8712    4.9031    4.9557
   5.0729    5.1217    5.2318    5.2447    5.4135    5.6659    5.6733    7.0492


 Heat of formation   =         91.63847258 kcal/mol  (        3.97374236 eV)

 Total SCF energy    =     -83394.75992956 kcal/mol  (    -3616.26815531 eV)
 Electronic energy   =    -533609.21618108 kcal/mol  (   -23139.03196657 eV)
 Core-core repulsion =     450214.45625152 kcal/mol  (    19522.76381126 eV)
 
    Atomic Charges for Step       1 :
  Atom    Element       Mulliken Charge
     1      O                 -0.936
     2      S                  2.865
     3      N                 -0.778
     4      C                 -0.004
     5      N                 -0.117
     6      N                  0.036
     7      C                 -0.176
     8      N                 -0.112
     9      C                  0.062
    10      C                 -0.116
    11      C                 -0.116
    12      C                 -0.128
    13      C                 -0.115
    14      C                 -0.142
    15      C                 -0.842
    16      C                  0.012
    17      C                 -0.160
    18      C                 -0.060
    19      C                 -0.163
    20      C                 -0.014
    21      O                 -0.911
    22      H                  0.255
    23      H                  0.198
    24      H                  0.161
    25      H                  0.142
    26      H                  0.140
    27      H                  0.140
    28      H                  0.141
    29      H                  0.169
    30      H                  0.144
    31      H                  0.136
    32      H                  0.140
    33      H                  0.149
 Total Mulliken Charge =       0.000
 
                  X        Y        Z     TOTAL  
  QM DIPOLE    -3.642    4.069   -3.369    6.417
 
 Final Structure

  QMMM: QM Region Cartesian Coordinates (*=link atom) 
  QMMM: QM_NO.   MM_NO.  ATOM         X         Y         Z
  QMMM:     1        1      O        9.3073   -2.0609    0.0570
  QMMM:     2        2      S        7.9877   -2.5499   -0.0764
  QMMM:     3        3      N        7.0436   -1.2045   -0.1708
  QMMM:     4        4      C        5.6620   -1.1667   -0.2071
  QMMM:     5        5      N        4.8211   -2.3000   -0.4749
  QMMM:     6        6      N        3.6066   -1.9431   -0.4329
  QMMM:     7        7      C        4.7958   -0.0682   -0.0023
  QMMM:     8        8      N        3.5094   -0.6189   -0.1642
  QMMM:     9        9      C        2.2913    0.1058   -0.0405
  QMMM:    10       10      C        1.1089   -0.5446    0.3675
  QMMM:    11       11      C       -0.0714    0.1857    0.4845
  QMMM:    12       12      C       -0.0946    1.5513    0.2068
  QMMM:    13       13      C        1.0738    2.1948   -0.1990
  QMMM:    14       14      C        2.2644    1.4860   -0.3302
  QMMM:    15       15      C        7.8186   -3.2710   -1.5779
  QMMM:    16       16      C        6.9027   -4.3120   -1.7780
  QMMM:    17       17      C        6.7866   -4.9302   -3.0219
  QMMM:    18       18      C        7.5884   -4.5137   -4.0833
  QMMM:    19       19      C        8.5116   -3.4821   -3.8976
  QMMM:    20       20      C        8.6228   -2.8690   -2.6543
  QMMM:    21       21      O        7.5376   -3.4198    0.9258
  QMMM:    22       22      H        7.4578   -0.2991   -0.1888
  QMMM:    23       23      H        4.9772    0.9743    0.2400
  QMMM:    24       24      H        1.1048   -1.6231    0.5922
  QMMM:    25       25      H       -0.9923   -0.3272    0.8023
  QMMM:    26       26      H       -1.0313    2.1194    0.3056
  QMMM:    27       27      H        1.0595    3.2723   -0.4235
  QMMM:    28       28      H        3.1727    2.0096   -0.6653
  QMMM:    29       29      H        6.2712   -4.6474   -0.9346
  QMMM:    30       30      H        6.0605   -5.7447   -3.1625
  QMMM:    31       31      H        7.4969   -4.9985   -5.0675
  QMMM:    32       32      H        9.1512   -3.1573   -4.7314
  QMMM:    33       33      H        9.3657   -2.0665   -2.5008

           --------- Calculation Completed ----------

