            --------------------------------------------------------
                             AMBER SQM VERSION 14
 
                                     By
              Ross C. Walker, Michael F. Crowley, Scott Brozell,
                         Tim Giese, Andreas W. Goetz,
                        Tai-Sung Lee and David A. Case
 
            --------------------------------------------------------
 

--------------------------------------------------------------------------------
  QM CALCULATION INFO
--------------------------------------------------------------------------------

| QMMM: Citation for AMBER QMMM Run:
| QMMM: R.C. Walker, M.F. Crowley and D.A. Case, J. COMP. CHEM. 29:1019, 2008

QMMM: SINGLET STATE CALCULATION
QMMM: RHF CALCULATION, NO. OF DOUBLY OCCUPIED LEVELS = 50

| QMMM: *** Selected Hamiltonian *** 
| QMMM: AM1         

| QMMM: *** Parameter sets in use ***
| QMMM: C : M.J.S.DEWAR et al. JACS, 107, 3902, (1985)
| QMMM: S : M.J.S.DEWAR et al. INORG. CHEM., 29, 3881, (1990)
| QMMM: N : M.J.S.DEWAR et al. JACS, 107, 3902, (1985)
| QMMM: O : M.J.S.DEWAR et al. JACS, 107, 3902, (1985)
| QMMM: H : M.J.S.DEWAR et al. JACS, 107, 3902, (1985)

| QMMM: *** SCF convergence criteria ***
| QMMM: Energy change                :  0.1D-09 kcal/mol
| QMMM: Error matrix |FP-PF|         :  0.1D+00 au
| QMMM: Density matrix change        :  0.5D-06
| QMMM: Maximum number of SCF cycles :     1000

| QMMM: *** Diagonalization Routine Information ***
| QMMM: Pseudo diagonalizations are allowed.
| QMMM: Auto diagonalization routine selection is in use.
| QMMM:
| QMMM: Timing diagonalization routines:
| QMMM:                              norbs =       89
| QMMM:    diag iterations used for timing =       15
| QMMM:
| QMMM:              Internal diag routine = 0.019011 seconds
| QMMM:                 Dspev diag routine = 0.021651 seconds
| QMMM:                Dspevd diag routine = 0.012991 seconds
| QMMM:                Dspevx diag routine = 0.070979 seconds
| QMMM:                 Dsyev diag routine = 0.021490 seconds
| QMMM:                Dsyevd diag routine = 0.016514 seconds
| QMMM:                Dsyevr diag routine = 0.017606 seconds
| QMMM:
| QMMM:                Pseudo diag routine = 0.007845 seconds
| QMMM:
| QMMM: Using dspevd routine (diag_routine=3).

  QMMM: QM Region Cartesian Coordinates (*=link atom) 
  QMMM: QM_NO.   MM_NO.  ATOM         X         Y         Z
  QMMM:     1        1      C       -1.4670   -1.5580   -1.5450
  QMMM:     2        2      S       -2.5560   -0.1930   -2.0350
  QMMM:     3        3      N       -2.3180    0.9630   -0.8730
  QMMM:     4        4      C       -0.9960    1.5720   -0.7060
  QMMM:     5        5      C        0.0110    0.6440   -0.0230
  QMMM:     6        6      S       -0.6570    1.1160    1.5970
  QMMM:     7        7      O       -2.0190    0.4370    1.6160
  QMMM:     8        8      C       -0.9200    2.5270    0.4870
  QMMM:     9        9      C       -0.4650    2.1850   -2.0040
  QMMM:    10       10      C       -1.5190    3.1250   -2.5920
  QMMM:    11       11      C       -0.9500    3.8250   -3.7990
  QMMM:    12       12      C       -0.2950    5.0330   -3.6530
  QMMM:    13       13      C        0.2310    5.6730   -4.7600
  QMMM:    14       14      C        0.0930    5.1090   -6.0150
  QMMM:    15       15      C       -0.5660    3.9030   -6.1610
  QMMM:    16       16      C       -1.0880    3.2610   -5.0540
  QMMM:    17       17      O       -3.9200   -0.5650   -1.8850
  QMMM:    18       18      O       -2.0890    0.4120   -3.2330
  QMMM:    19       19      H       -1.6490   -1.8110   -0.5000
  QMMM:    20       20      H       -1.6700   -2.4280   -2.1700
  QMMM:    21       21      H       -0.4270   -1.2560   -1.6700
  QMMM:    22       22      H       -3.0540    1.2370   -0.3040
  QMMM:    23       23      H       -0.1450   -0.4080   -0.2610
  QMMM:    24       24      H        1.0460    0.9550   -0.1660
  QMMM:    25       25      H       -0.0650    3.2020    0.4420
  QMMM:    26       26      H       -1.8560    3.0530    0.6750
  QMMM:    27       27      H        0.4460    2.7450   -1.7950
  QMMM:    28       28      H       -0.2470    1.3910   -2.7180
  QMMM:    29       29      H       -2.3970    2.5490   -2.8850
  QMMM:    30       30      H       -1.8040    3.8650   -1.8440
  QMMM:    31       31      H       -0.1910    5.4760   -2.6740
  QMMM:    32       32      H        0.7460    6.6150   -4.6450
  QMMM:    33       33      H        0.5000    5.6100   -6.8800
  QMMM:    34       34      H       -0.6740    3.4620   -7.1410
  QMMM:    35       35      H       -1.6030    2.3190   -5.1680

--------------------------------------------------------------------------------
  RESULTS
--------------------------------------------------------------------------------

      iter         sqm energy              rms gradient
      ----    -------------------    -----------------------
xmin    10      -66.2060 kcal/mol        1.2242 kcal/(mol*A)
xmin    20      -67.3597 kcal/mol        1.4027 kcal/(mol*A)
xmin    30      -67.7188 kcal/mol        0.5310 kcal/(mol*A)
xmin    40      -68.0029 kcal/mol        0.1355 kcal/(mol*A)
xmin    50      -68.0503 kcal/mol        0.1214 kcal/(mol*A)
xmin    60      -68.0635 kcal/mol        0.0406 kcal/(mol*A)
xmin    70      -68.0738 kcal/mol        0.0490 kcal/(mol*A)
xmin    80      -68.0775 kcal/mol        0.0349 kcal/(mol*A)
xmin    90      -68.0860 kcal/mol        0.0458 kcal/(mol*A)
xmin   100      -68.0895 kcal/mol        0.0300 kcal/(mol*A)
xmin   110      -68.0907 kcal/mol        0.0321 kcal/(mol*A)
xmin   120      -68.0917 kcal/mol        0.0278 kcal/(mol*A)
xmin   130      -68.0927 kcal/mol        0.0096 kcal/(mol*A)
xmin   140      -68.0930 kcal/mol        0.0025 kcal/(mol*A)
xmin   150      -68.0930 kcal/mol        0.0036 kcal/(mol*A)
xmin   160      -68.0930 kcal/mol        0.0027 kcal/(mol*A)
xmin   170      -68.0930 kcal/mol        0.0042 kcal/(mol*A)
  ... geometry converged !
 
 Final MO eigenvalues (eV):
 -40.1739  -39.1112  -37.9487  -37.2331  -35.8211  -34.4691  -33.0783  -31.3344
 -31.0976  -29.7047  -28.3741  -25.3363  -23.1527  -22.5776  -21.6138  -20.2041
 -18.9120  -18.6604  -17.9679  -17.7137  -17.3562  -16.6797  -16.4716  -16.1462
 -16.0011  -15.7541  -15.3347  -14.9155  -14.5135  -14.3353  -14.2483  -14.0591
 -14.0435  -13.8951  -13.5479  -13.3439  -13.0840  -12.9820  -12.8975  -12.5783
 -12.4418  -12.3951  -12.0323  -11.8294  -11.5506  -11.3854  -11.1841  -10.0518
  -9.5819   -9.3731   -0.6475    0.3912    0.3967    0.5127    0.6470    1.6890
   2.3003    2.5336    2.7490    2.8130    2.8989    3.0364    3.1770    3.2448
   3.4413    3.5220    3.6683    3.7826    3.8962    4.0102    4.0186    4.0916
   4.1271    4.2150    4.2837    4.3082    4.3739    4.5247    4.5986    4.6715
   4.7837    4.8452    5.1040    5.1977    5.2802    5.6530    5.7322    5.8249
   6.2101

 Heat of formation   =        -68.09304613 kcal/mol  (       -2.95273605 eV)

 Total SCF energy    =     -76709.91166216 kcal/mol  (    -3326.39138208 eV)
 Electronic energy   =    -497211.58859910 kcal/mol  (   -21560.71239752 eV)
 Core-core repulsion =     420501.67693694 kcal/mol  (    18234.32101543 eV)
 
    Atomic Charges for Step       1 :
  Atom    Element       Mulliken Charge
     1      C                 -0.946
     2      S                  2.824
     3      N                 -0.880
     4      C                  0.144
     5      C                 -0.622
     6      S                  1.370
     7      O                 -0.757
     8      C                 -0.592
     9      C                 -0.173
    10      C                 -0.110
    11      C                 -0.083
    12      C                 -0.129
    13      C                 -0.134
    14      C                 -0.131
    15      C                 -0.129
    16      C                 -0.122
    17      O                 -0.930
    18      O                 -0.940
    19      H                  0.154
    20      H                  0.161
    21      H                  0.151
    22      H                  0.252
    23      H                  0.141
    24      H                  0.134
    25      H                  0.137
    26      H                  0.143
    27      H                  0.087
    28      H                  0.121
    29      H                  0.096
    30      H                  0.080
    31      H                  0.125
    32      H                  0.128
    33      H                  0.129
    34      H                  0.133
    35      H                  0.166
 Total Mulliken Charge =      -0.000
 
                  X        Y        Z     TOTAL  
  QM DIPOLE     3.854    1.481    1.239    4.311
 
 Final Structure

  QMMM: QM Region Cartesian Coordinates (*=link atom) 
  QMMM: QM_NO.   MM_NO.  ATOM         X         Y         Z
  QMMM:     1        1      C       -1.8380   -1.6547   -1.7864
  QMMM:     2        2      S       -2.5786   -0.2038   -2.2792
  QMMM:     3        3      N       -2.3149    0.8087   -1.0432
  QMMM:     4        4      C       -1.1056    1.5100   -0.6985
  QMMM:     5        5      C        0.0053    0.6003   -0.0705
  QMMM:     6        6      S        0.1201    1.6080    1.3957
  QMMM:     7        7      O       -0.4439    0.8317    2.5192
  QMMM:     8        8      C       -1.2359    2.4196    0.5622
  QMMM:     9        9      C       -0.4964    2.3016   -1.8700
  QMMM:    10       10      C       -1.4155    3.3704   -2.4300
  QMMM:    11       11      C       -0.8533    3.9510   -3.6816
  QMMM:    12       12      C       -0.3996    5.2728   -3.7196
  QMMM:    13       13      C        0.1089    5.8056   -4.9041
  QMMM:    14       14      C        0.1665    5.0219   -6.0556
  QMMM:    15       15      C       -0.2869    3.7024   -6.0222
  QMMM:    16       16      C       -0.7959    3.1662   -4.8415
  QMMM:    17       17      O       -3.9698   -0.4276   -2.3632
  QMMM:    18       18      O       -1.9355    0.2184   -3.4612
  QMMM:    19       19      H       -2.1185   -1.9837   -0.7566
  QMMM:    20       20      H       -2.1386   -2.4907   -2.4688
  QMMM:    21       21      H       -0.7222   -1.6106   -1.8190
  QMMM:    22       22      H       -3.0577    0.9893   -0.4045
  QMMM:    23       23      H       -0.3197   -0.4450    0.1150
  QMMM:    24       24      H        0.9343    0.5798   -0.6754
  QMMM:    25       25      H       -1.0432    3.4881    0.3347
  QMMM:    26       26      H       -2.2135    2.3472    1.0838
  QMMM:    27       27      H        0.4486    2.7831   -1.5045
  QMMM:    28       28      H       -0.2147    1.5890   -2.6933
  QMMM:    29       29      H       -2.4208    2.9280   -2.6674
  QMMM:    30       30      H       -1.5772    4.1748   -1.6644
  QMMM:    31       31      H       -0.4468    5.8970   -2.8152
  QMMM:    32       32      H        0.4628    6.8464   -4.9283
  QMMM:    33       33      H        0.5664    5.4433   -6.9891
  QMMM:    34       34      H       -0.2455    3.0832   -6.9304
  QMMM:    35       35      H       -1.1587    2.1232   -4.8088

           --------- Calculation Completed ----------

